[0.111s] Invoking command in '/home/zx/planning_with_ROS2_course/build/planning': AMENT_PREFIX_PATH=/home/zx/planning_with_ROS2_course/install/base_msgs:${AMENT_PREFIX_PATH} CMAKE_PREFIX_PATH=/home/zx/planning_with_ROS2_course/install/base_msgs:/opt/ros/humble /usr/bin/cmake --build /home/zx/planning_with_ROS2_course/build/planning -- -j24 -l24
[0.142s] [  8%] Built target config_reader
[0.142s] [ 14%] Built target mathlibs
[0.159s] [ 25%] Built target pnc_map_creator
[0.160s] [ 28%] Built target global_planner
[0.162s] [ 37%] Built target reference_line
[0.177s] [ 45%] Built target vehicle_info
[0.178s] [ 51%] Built target pnc_map_server
[0.178s] [ 57%] Built target global_path_server
[0.194s] [ 62%] Built target decision_center
[0.196s] [ 68%] Built target car_move_cmd
[0.197s] [ 74%] Built target obs_move_cmd
[0.214s] [ 91%] Built target local_planner
[0.232s] [100%] Built target planning_node
[0.242s] Invoked command in '/home/zx/planning_with_ROS2_course/build/planning' returned '0': AMENT_PREFIX_PATH=/home/zx/planning_with_ROS2_course/install/base_msgs:${AMENT_PREFIX_PATH} CMAKE_PREFIX_PATH=/home/zx/planning_with_ROS2_course/install/base_msgs:/opt/ros/humble /usr/bin/cmake --build /home/zx/planning_with_ROS2_course/build/planning -- -j24 -l24
[0.244s] Invoking command in '/home/zx/planning_with_ROS2_course/build/planning': AMENT_PREFIX_PATH=/home/zx/planning_with_ROS2_course/install/base_msgs:${AMENT_PREFIX_PATH} CMAKE_PREFIX_PATH=/home/zx/planning_with_ROS2_course/install/base_msgs:/opt/ros/humble /usr/bin/cmake --install /home/zx/planning_with_ROS2_course/build/planning
[0.247s] -- Install configuration: ""
[0.248s] -- Execute custom install script
[0.248s] -- Up-to-date symlink: /home/zx/planning_with_ROS2_course/install/planning/lib/libconfig_reader.so
[0.248s] -- Up-to-date symlink: /home/zx/planning_with_ROS2_course/install/planning/lib/libmathlibs.so
[0.249s] -- Up-to-date symlink: /home/zx/planning_with_ROS2_course/install/planning/lib/libdecision_center.so
[0.249s] -- Up-to-date symlink: /home/zx/planning_with_ROS2_course/install/planning//libpnc_map_creator.a
[0.249s] -- Up-to-date symlink: /home/zx/planning_with_ROS2_course/install/planning/lib/planning/libpnc_map_server.a
[0.250s] -- Up-to-date symlink: /home/zx/planning_with_ROS2_course/install/planning/lib/libglobal_planner.so
[0.250s] -- Up-to-date symlink: /home/zx/planning_with_ROS2_course/install/planning/lib/planning/global_path_server
[0.251s] -- Up-to-date symlink: /home/zx/planning_with_ROS2_course/install/planning/lib/liblocal_planner.so
[0.251s] -- Up-to-date symlink: /home/zx/planning_with_ROS2_course/install/planning/lib/libreference_line.so
[0.251s] -- Up-to-date symlink: /home/zx/planning_with_ROS2_course/install/planning/lib/libvehicle_info.so
[0.252s] -- Up-to-date symlink: /home/zx/planning_with_ROS2_course/install/planning/lib/planning/planning_node
[0.252s] -- Up-to-date symlink: /home/zx/planning_with_ROS2_course/install/planning/lib/planning/car_move_cmd
[0.252s] -- Up-to-date symlink: /home/zx/planning_with_ROS2_course/install/planning/lib/planning/obs_move_cmd
[0.253s] -- Up-to-date symlink: /home/zx/planning_with_ROS2_course/install/planning/lib/planning/config/planning_static_obs_config.yaml
[0.253s] -- Up-to-date symlink: /home/zx/planning_with_ROS2_course/install/planning/lib/planning/launch/dummy.launch.py
[0.253s] -- Up-to-date symlink: /home/zx/planning_with_ROS2_course/install/planning/lib/planning/urdf/empty.urdf
[0.254s] -- Up-to-date symlink: /home/zx/planning_with_ROS2_course/install/planning/lib/planning/rviz/dummy.rviz
[0.254s] -- Up-to-date symlink: /home/zx/planning_with_ROS2_course/install/planning/share/ament_index/resource_index/package_run_dependencies/planning
[0.254s] -- Up-to-date symlink: /home/zx/planning_with_ROS2_course/install/planning/share/ament_index/resource_index/parent_prefix_path/planning
[0.254s] -- Up-to-date symlink: /home/zx/planning_with_ROS2_course/install/planning/share/planning/environment/ament_prefix_path.sh
[0.255s] -- Up-to-date symlink: /home/zx/planning_with_ROS2_course/install/planning/share/planning/environment/ament_prefix_path.dsv
[0.255s] -- Up-to-date symlink: /home/zx/planning_with_ROS2_course/install/planning/share/planning/environment/path.sh
[0.255s] -- Up-to-date symlink: /home/zx/planning_with_ROS2_course/install/planning/share/planning/environment/path.dsv
[0.255s] -- Up-to-date symlink: /home/zx/planning_with_ROS2_course/install/planning/share/planning/local_setup.bash
[0.256s] -- Up-to-date symlink: /home/zx/planning_with_ROS2_course/install/planning/share/planning/local_setup.sh
[0.256s] -- Up-to-date symlink: /home/zx/planning_with_ROS2_course/install/planning/share/planning/local_setup.zsh
[0.256s] -- Up-to-date symlink: /home/zx/planning_with_ROS2_course/install/planning/share/planning/local_setup.dsv
[0.256s] -- Symlinking: /home/zx/planning_with_ROS2_course/install/planning/share/planning/package.dsv
[0.263s] -- Up-to-date symlink: /home/zx/planning_with_ROS2_course/install/planning/share/ament_index/resource_index/packages/planning
[0.263s] -- Up-to-date symlink: /home/zx/planning_with_ROS2_course/install/planning/share/planning/cmake/planningConfig.cmake
[0.263s] -- Up-to-date symlink: /home/zx/planning_with_ROS2_course/install/planning/share/planning/cmake/planningConfig-version.cmake
[0.263s] -- Up-to-date symlink: /home/zx/planning_with_ROS2_course/install/planning/share/planning/package.xml
[0.263s] -- Up-to-date symlink: /home/zx/planning_with_ROS2_course/install/planning/share/planning//dummy.launch.py
[0.263s] -- Up-to-date symlink: /home/zx/planning_with_ROS2_course/install/planning/share/planning//planning_static_obs_config.yaml
[0.263s] -- Up-to-date symlink: /home/zx/planning_with_ROS2_course/install/planning/share/planning//empty.urdf
[0.264s] -- Up-to-date symlink: /home/zx/planning_with_ROS2_course/install/planning/share/planning//dummy.rviz
[0.267s] Invoked command in '/home/zx/planning_with_ROS2_course/build/planning' returned '0': AMENT_PREFIX_PATH=/home/zx/planning_with_ROS2_course/install/base_msgs:${AMENT_PREFIX_PATH} CMAKE_PREFIX_PATH=/home/zx/planning_with_ROS2_course/install/base_msgs:/opt/ros/humble /usr/bin/cmake --install /home/zx/planning_with_ROS2_course/build/planning
