[0.239s] Invoking command in '/home/zhangxin/planning_with_ROS2_course/build/planning': CMAKE_PREFIX_PATH=/home/zhangxin/planning_with_ROS2_course/install/base_msgs:/home/zhangxin/planning_with_ROS2_course/install/planning:/home/zhangxin/planning_with_ROS2_course/install/data_plot:/opt/ros/humble /usr/local/bin/cmake --build /home/zhangxin/planning_with_ROS2_course/build/planning -- -j16 -l16
[0.325s] -- The C compiler identification is GNU 11.4.0
[0.392s] -- The CXX compiler identification is GNU 11.4.0
[0.407s] -- Detecting C compiler ABI info
[0.479s] -- Detecting C compiler ABI info - done
[0.495s] -- Check for working C compiler: /usr/bin/cc - skipped
[0.496s] -- Detecting C compile features
[0.496s] -- Detecting C compile features - done
[0.501s] -- Detecting CXX compiler ABI info
[0.597s] -- Detecting CXX compiler ABI info - done
[0.615s] -- Check for working CXX compiler: /usr/bin/c++ - skipped
[0.615s] -- Detecting CXX compile features
[0.616s] -- Detecting CXX compile features - done
[0.617s] [31mCMake Error at CMakeLists.txt:23 (target_include_directories):
[0.617s]   Cannot specify include directories for target
[0.617s]   "/usr/local/include/eigen-3.4.0" which is not built by this project.
[0.617s] 
[0.617s] [0m
[0.617s] -- Found ament_cmake: 1.3.12 (/opt/ros/humble/share/ament_cmake/cmake)
[0.743s] -- Found Python3: /usr/bin/python3 (found version "3.10.12") found components: Interpreter
[0.830s] -- Found rclcpp: 16.0.14 (/opt/ros/humble/share/rclcpp/cmake)
[0.871s] -- Found rosidl_generator_c: 3.1.7 (/opt/ros/humble/share/rosidl_generator_c/cmake)
[0.875s] -- Found rosidl_adapter: 3.1.7 (/opt/ros/humble/share/rosidl_adapter/cmake)
[0.883s] -- Found rosidl_generator_cpp: 3.1.7 (/opt/ros/humble/share/rosidl_generator_cpp/cmake)
[0.899s] -- Using all available rosidl_typesupport_c: rosidl_typesupport_fastrtps_c;rosidl_typesupport_introspection_c
[0.916s] -- Using all available rosidl_typesupport_cpp: rosidl_typesupport_fastrtps_cpp;rosidl_typesupport_introspection_cpp
[0.964s] -- Found rmw_implementation_cmake: 6.1.2 (/opt/ros/humble/share/rmw_implementation_cmake/cmake)
[0.966s] -- Found rmw_fastrtps_cpp: 6.2.8 (/opt/ros/humble/share/rmw_fastrtps_cpp/cmake)
[1.014s] -- Found OpenSSL: /usr/lib/x86_64-linux-gnu/libcrypto.so (found version "3.0.2")
[1.092s] -- Using RMW implementation 'rmw_fastrtps_cpp' as default
[1.174s] -- Found tf2: 0.25.16 (/opt/ros/humble/share/tf2/cmake)
[1.209s] -- Found tf2_ros: 0.25.16 (/opt/ros/humble/share/tf2_ros/cmake)
[1.355s] [31mCMake Error at CMakeLists.txt:49 (find_package):
[1.356s]   By not providing "Findgeomotry_msgs.cmake" in CMAKE_MODULE_PATH this
[1.356s]   project has asked CMake to find a package configuration file provided by
[1.356s]   "geomotry_msgs", but CMake did not find one.
[1.356s] 
[1.356s]   Could not find a package configuration file provided by "geomotry_msgs"
[1.356s]   with any of the following names:
[1.356s] 
[1.356s]     geomotry_msgsConfig.cmake
[1.356s]     geomotry_msgs-config.cmake
[1.357s] 
[1.357s]   Add the installation prefix of "geomotry_msgs" to CMAKE_PREFIX_PATH or set
[1.357s]   "geomotry_msgs_DIR" to a directory containing one of the above files.  If
[1.357s]   "geomotry_msgs" provides a separate development package or SDK, be sure it
[1.357s]   has been installed.
[1.357s] 
[1.357s] [0m
[1.357s] -- Configuring incomplete, errors occurred!
[1.368s] gmake: *** [Makefile:267：cmake_check_build_system] 错误 1
[1.370s] Invoked command in '/home/zhangxin/planning_with_ROS2_course/build/planning' returned '2': CMAKE_PREFIX_PATH=/home/zhangxin/planning_with_ROS2_course/install/base_msgs:/home/zhangxin/planning_with_ROS2_course/install/planning:/home/zhangxin/planning_with_ROS2_course/install/data_plot:/opt/ros/humble /usr/local/bin/cmake --build /home/zhangxin/planning_with_ROS2_course/build/planning -- -j16 -l16
