[0.532s] Invoking command in '/home/zhangxin/planning_with_ROS2_course/src/data_plot': PYTHONPATH=/home/zhangxin/planning_with_ROS2_course/build/data_plot/prefix_override:/usr/lib/python3/dist-packages/colcon_core/task/python/colcon_distutils_commands:/home/zhangxin/planning_with_ROS2_course/install/data_plot/lib/python3.10/site-packages:${PYTHONPATH} /usr/bin/python3 -W ignore:setup.py install is deprecated -W ignore:easy_install command is deprecated setup.py egg_info --egg-base ../../build/data_plot build --build-base /home/zhangxin/planning_with_ROS2_course/build/data_plot/build install --record /home/zhangxin/planning_with_ROS2_course/build/data_plot/install.log --single-version-externally-managed install_data
[0.717s] running egg_info
[0.717s] creating ../../build/data_plot/data_plot.egg-info
[0.718s] writing ../../build/data_plot/data_plot.egg-info/PKG-INFO
[0.718s] writing dependency_links to ../../build/data_plot/data_plot.egg-info/dependency_links.txt
[0.718s] writing entry points to ../../build/data_plot/data_plot.egg-info/entry_points.txt
[0.718s] writing requirements to ../../build/data_plot/data_plot.egg-info/requires.txt
[0.718s] writing top-level names to ../../build/data_plot/data_plot.egg-info/top_level.txt
[0.719s] writing manifest file '../../build/data_plot/data_plot.egg-info/SOURCES.txt'
[0.720s] reading manifest file '../../build/data_plot/data_plot.egg-info/SOURCES.txt'
[0.721s] writing manifest file '../../build/data_plot/data_plot.egg-info/SOURCES.txt'
[0.721s] running build
[0.721s] running build_py
[0.721s] creating /home/zhangxin/planning_with_ROS2_course/build/data_plot/build
[0.721s] creating /home/zhangxin/planning_with_ROS2_course/build/data_plot/build/lib
[0.722s] creating /home/zhangxin/planning_with_ROS2_course/build/data_plot/build/lib/data_plot
[0.722s] copying data_plot/data_plot.py -> /home/zhangxin/planning_with_ROS2_course/build/data_plot/build/lib/data_plot
[0.722s] copying data_plot/__init__.py -> /home/zhangxin/planning_with_ROS2_course/build/data_plot/build/lib/data_plot
[0.722s] running install
[0.722s] running install_lib
[0.723s] creating /home/zhangxin/planning_with_ROS2_course/install/data_plot/lib/python3.10/site-packages/data_plot
[0.723s] copying /home/zhangxin/planning_with_ROS2_course/build/data_plot/build/lib/data_plot/data_plot.py -> /home/zhangxin/planning_with_ROS2_course/install/data_plot/lib/python3.10/site-packages/data_plot
[0.723s] copying /home/zhangxin/planning_with_ROS2_course/build/data_plot/build/lib/data_plot/__init__.py -> /home/zhangxin/planning_with_ROS2_course/install/data_plot/lib/python3.10/site-packages/data_plot
[0.724s] byte-compiling /home/zhangxin/planning_with_ROS2_course/install/data_plot/lib/python3.10/site-packages/data_plot/data_plot.py to data_plot.cpython-310.pyc
[0.724s] byte-compiling /home/zhangxin/planning_with_ROS2_course/install/data_plot/lib/python3.10/site-packages/data_plot/__init__.py to __init__.cpython-310.pyc
[0.724s] running install_data
[0.724s] creating /home/zhangxin/planning_with_ROS2_course/install/data_plot/share/ament_index
[0.724s] creating /home/zhangxin/planning_with_ROS2_course/install/data_plot/share/ament_index/resource_index
[0.724s] creating /home/zhangxin/planning_with_ROS2_course/install/data_plot/share/ament_index/resource_index/packages
[0.724s] copying resource/data_plot -> /home/zhangxin/planning_with_ROS2_course/install/data_plot/share/ament_index/resource_index/packages
[0.724s] copying package.xml -> /home/zhangxin/planning_with_ROS2_course/install/data_plot/share/data_plot
[0.724s] running install_egg_info
[0.726s] Copying ../../build/data_plot/data_plot.egg-info to /home/zhangxin/planning_with_ROS2_course/install/data_plot/lib/python3.10/site-packages/data_plot-0.0.0-py3.10.egg-info
[0.727s] running install_scripts
[0.746s] Installing data_plot script to /home/zhangxin/planning_with_ROS2_course/install/data_plot/lib/data_plot
[0.746s] writing list of installed files to '/home/zhangxin/planning_with_ROS2_course/build/data_plot/install.log'
[0.781s] Invoked command in '/home/zhangxin/planning_with_ROS2_course/src/data_plot' returned '0': PYTHONPATH=/home/zhangxin/planning_with_ROS2_course/build/data_plot/prefix_override:/usr/lib/python3/dist-packages/colcon_core/task/python/colcon_distutils_commands:/home/zhangxin/planning_with_ROS2_course/install/data_plot/lib/python3.10/site-packages:${PYTHONPATH} /usr/bin/python3 -W ignore:setup.py install is deprecated -W ignore:easy_install command is deprecated setup.py egg_info --egg-base ../../build/data_plot build --build-base /home/zhangxin/planning_with_ROS2_course/build/data_plot/build install --record /home/zhangxin/planning_with_ROS2_course/build/data_plot/install.log --single-version-externally-managed install_data
