running egg_info
writing ../../build/data_plot/data_plot.egg-info/PKG-INFO
writing dependency_links to ../../build/data_plot/data_plot.egg-info/dependency_links.txt
writing entry points to ../../build/data_plot/data_plot.egg-info/entry_points.txt
writing requirements to ../../build/data_plot/data_plot.egg-info/requires.txt
writing top-level names to ../../build/data_plot/data_plot.egg-info/top_level.txt
reading manifest file '../../build/data_plot/data_plot.egg-info/SOURCES.txt'
writing manifest file '../../build/data_plot/data_plot.egg-info/SOURCES.txt'
running build
running build_py
copying data_plot/data_plot.py -> /home/zhangxin/planning_with_ROS2_course/build/data_plot/build/lib/data_plot
running install
running install_lib
copying /home/zhangxin/planning_with_ROS2_course/build/data_plot/build/lib/data_plot/data_plot.py -> /home/zhangxin/planning_with_ROS2_course/install/data_plot/lib/python3.10/site-packages/data_plot
byte-compiling /home/zhangxin/planning_with_ROS2_course/install/data_plot/lib/python3.10/site-packages/data_plot/data_plot.py to data_plot.cpython-310.pyc
running install_data
copying package.xml -> /home/zhangxin/planning_with_ROS2_course/install/data_plot/share/data_plot
running install_egg_info
removing '/home/zhangxin/planning_with_ROS2_course/install/data_plot/lib/python3.10/site-packages/data_plot-0.0.0-py3.10.egg-info' (and everything under it)
Copying ../../build/data_plot/data_plot.egg-info to /home/zhangxin/planning_with_ROS2_course/install/data_plot/lib/python3.10/site-packages/data_plot-0.0.0-py3.10.egg-info
running install_scripts
Installing data_plot script to /home/zhangxin/planning_with_ROS2_course/install/data_plot/lib/data_plot
writing list of installed files to '/home/zhangxin/planning_with_ROS2_course/build/data_plot/install.log'
