[0.532s] Invoking command in '/home/zhangxin/planning_with_ROS2_course/src/data_plot': CMAKE_PREFIX_PATH=/home/zhangxin/planning_with_ROS2_course/install/base_msgs:/home/zhangxin/planning_with_ROS2_course/install/planning PYTHONPATH=/home/zhangxin/planning_with_ROS2_course/build/data_plot/prefix_override:/usr/lib/python3/dist-packages/colcon_core/task/python/colcon_distutils_commands:/home/zhangxin/planning_with_ROS2_course/install/data_plot/lib/python3.10/site-packages:${PYTHONPATH} /usr/bin/python3 -W ignore:setup.py install is deprecated -W ignore:easy_install command is deprecated setup.py egg_info --egg-base ../../build/data_plot build --build-base /home/zhangxin/planning_with_ROS2_course/build/data_plot/build install --record /home/zhangxin/planning_with_ROS2_course/build/data_plot/install.log --single-version-externally-managed install_data
[0.714s] running egg_info
[0.714s] writing ../../build/data_plot/data_plot.egg-info/PKG-INFO
[0.714s] writing dependency_links to ../../build/data_plot/data_plot.egg-info/dependency_links.txt
[0.714s] writing entry points to ../../build/data_plot/data_plot.egg-info/entry_points.txt
[0.714s] writing requirements to ../../build/data_plot/data_plot.egg-info/requires.txt
[0.715s] writing top-level names to ../../build/data_plot/data_plot.egg-info/top_level.txt
[0.716s] reading manifest file '../../build/data_plot/data_plot.egg-info/SOURCES.txt'
[0.717s] writing manifest file '../../build/data_plot/data_plot.egg-info/SOURCES.txt'
[0.717s] running build
[0.717s] running build_py
[0.717s] copying data_plot/data_plot.py -> /home/zhangxin/planning_with_ROS2_course/build/data_plot/build/lib/data_plot
[0.717s] running install
[0.717s] running install_lib
[0.718s] copying /home/zhangxin/planning_with_ROS2_course/build/data_plot/build/lib/data_plot/data_plot.py -> /home/zhangxin/planning_with_ROS2_course/install/data_plot/lib/python3.10/site-packages/data_plot
[0.718s] byte-compiling /home/zhangxin/planning_with_ROS2_course/install/data_plot/lib/python3.10/site-packages/data_plot/data_plot.py to data_plot.cpython-310.pyc
[0.719s] running install_data
[0.719s] copying package.xml -> /home/zhangxin/planning_with_ROS2_course/install/data_plot/share/data_plot
[0.719s] running install_egg_info
[0.720s] removing '/home/zhangxin/planning_with_ROS2_course/install/data_plot/lib/python3.10/site-packages/data_plot-0.0.0-py3.10.egg-info' (and everything under it)
[0.721s] Copying ../../build/data_plot/data_plot.egg-info to /home/zhangxin/planning_with_ROS2_course/install/data_plot/lib/python3.10/site-packages/data_plot-0.0.0-py3.10.egg-info
[0.722s] running install_scripts
[0.739s] Installing data_plot script to /home/zhangxin/planning_with_ROS2_course/install/data_plot/lib/data_plot
[0.739s] writing list of installed files to '/home/zhangxin/planning_with_ROS2_course/build/data_plot/install.log'
[0.776s] Invoked command in '/home/zhangxin/planning_with_ROS2_course/src/data_plot' returned '0': CMAKE_PREFIX_PATH=/home/zhangxin/planning_with_ROS2_course/install/base_msgs:/home/zhangxin/planning_with_ROS2_course/install/planning PYTHONPATH=/home/zhangxin/planning_with_ROS2_course/build/data_plot/prefix_override:/usr/lib/python3/dist-packages/colcon_core/task/python/colcon_distutils_commands:/home/zhangxin/planning_with_ROS2_course/install/data_plot/lib/python3.10/site-packages:${PYTHONPATH} /usr/bin/python3 -W ignore:setup.py install is deprecated -W ignore:easy_install command is deprecated setup.py egg_info --egg-base ../../build/data_plot build --build-base /home/zhangxin/planning_with_ROS2_course/build/data_plot/build install --record /home/zhangxin/planning_with_ROS2_course/build/data_plot/install.log --single-version-externally-managed install_data
