-- Found ament_cmake: 1.3.12 (/opt/ros/humble/share/ament_cmake/cmake)
-- Override CMake install command with custom implementation using symlinks instead of copying resources
-- Found rosidl_default_generators: 1.2.0 (/opt/ros/humble/share/rosidl_default_generators/cmake)
-- Using all available rosidl_typesupport_c: rosidl_typesupport_fastrtps_c;rosidl_typesupport_introspection_c
-- Found rosidl_adapter: 3.1.7 (/opt/ros/humble/share/rosidl_adapter/cmake)
-- Using all available rosidl_typesupport_cpp: rosidl_typesupport_fastrtps_cpp;rosidl_typesupport_introspection_cpp
-- Found visualization_msgs: 4.9.0 (/opt/ros/humble/share/visualization_msgs/cmake)
-- Found nav_msgs: 4.9.0 (/opt/ros/humble/share/nav_msgs/cmake)
-- Found ament_lint_auto: 0.12.14 (/opt/ros/humble/share/ament_lint_auto/cmake)
-- Added test 'lint_cmake' to check CMake code style
-- Added test 'xmllint' to check XML markup files
-- Configuring done
-- Generating done
-- Build files have been written to: /home/zx/planning_with_ROS2_course/build/base_msgs
-- Install configuration: ""
-- Execute custom install script
-- Up-to-date symlink: /home/zx/planning_with_ROS2_course/install/base_msgs/share/ament_index/resource_index/package_run_dependencies/base_msgs
-- Up-to-date symlink: /home/zx/planning_with_ROS2_course/install/base_msgs/share/ament_index/resource_index/parent_prefix_path/base_msgs
-- Up-to-date symlink: /home/zx/planning_with_ROS2_course/install/base_msgs/share/base_msgs/environment/ament_prefix_path.sh
-- Up-to-date symlink: /home/zx/planning_with_ROS2_course/install/base_msgs/share/base_msgs/environment/ament_prefix_path.dsv
-- Up-to-date symlink: /home/zx/planning_with_ROS2_course/install/base_msgs/share/base_msgs/environment/path.sh
-- Up-to-date symlink: /home/zx/planning_with_ROS2_course/install/base_msgs/share/base_msgs/environment/path.dsv
-- Up-to-date symlink: /home/zx/planning_with_ROS2_course/install/base_msgs/share/base_msgs/local_setup.bash
-- Up-to-date symlink: /home/zx/planning_with_ROS2_course/install/base_msgs/share/base_msgs/local_setup.sh
-- Up-to-date symlink: /home/zx/planning_with_ROS2_course/install/base_msgs/share/base_msgs/local_setup.zsh
-- Up-to-date symlink: /home/zx/planning_with_ROS2_course/install/base_msgs/share/base_msgs/local_setup.dsv
-- Symlinking: /home/zx/planning_with_ROS2_course/install/base_msgs/share/base_msgs/package.dsv
-- Up-to-date symlink: /home/zx/planning_with_ROS2_course/install/base_msgs/share/ament_index/resource_index/packages/base_msgs
-- Up-to-date symlink: /home/zx/planning_with_ROS2_course/install/base_msgs/share/base_msgs/cmake/base_msgsConfig.cmake
-- Up-to-date symlink: /home/zx/planning_with_ROS2_course/install/base_msgs/share/base_msgs/cmake/base_msgsConfig-version.cmake
-- Up-to-date symlink: /home/zx/planning_with_ROS2_course/install/base_msgs/share/base_msgs/package.xml
