-- Found ament_cmake: 1.3.12 (/opt/ros/humble/share/ament_cmake/cmake)
-- Override CMake install command with custom implementation using symlinks instead of copying resources
-- Found rclcpp: 16.0.15 (/opt/ros/humble/share/rclcpp/cmake)
-- Found rosidl_generator_c: 3.1.7 (/opt/ros/humble/share/rosidl_generator_c/cmake)
-- Found rosidl_adapter: 3.1.7 (/opt/ros/humble/share/rosidl_adapter/cmake)
-- Found rosidl_generator_cpp: 3.1.7 (/opt/ros/humble/share/rosidl_generator_cpp/cmake)
-- Using all available rosidl_typesupport_c: rosidl_typesupport_fastrtps_c;rosidl_typesupport_introspection_c
-- Using all available rosidl_typesupport_cpp: rosidl_typesupport_fastrtps_cpp;rosidl_typesupport_introspection_cpp
-- Found rmw_implementation_cmake: 6.1.2 (/opt/ros/humble/share/rmw_implementation_cmake/cmake)
-- Found rmw_fastrtps_cpp: 6.2.9 (/opt/ros/humble/share/rmw_fastrtps_cpp/cmake)
-- Using RMW implementation 'rmw_fastrtps_cpp' as default
-- Found tf2: 0.25.16 (/opt/ros/humble/share/tf2/cmake)
-- Found tf2_ros: 0.25.16 (/opt/ros/humble/share/tf2_ros/cmake)
-- Found nav_msgs: 4.9.0 (/opt/ros/humble/share/nav_msgs/cmake)
-- Found visualization_msgs: 4.9.0 (/opt/ros/humble/share/visualization_msgs/cmake)
-- Found base_msgs: 0.0.0 (/home/zx/planning_with_ROS2_course/install/base_msgs/share/base_msgs/cmake)
-- Configuring done
-- Generating done
-- Build files have been written to: /home/zx/planning_with_ROS2_course/build/planning
[35m[1mConsolidate compiler generated dependencies of target config_reader[0m
[35m[1mConsolidate compiler generated dependencies of target mathlibs[0m
[  5%] Built target config_reader
[ 14%] Built target mathlibs
[35m[1mConsolidate compiler generated dependencies of target global_planner[0m
[35m[1mConsolidate compiler generated dependencies of target pnc_map_creator[0m
[35m[1mConsolidate compiler generated dependencies of target vehicle_info[0m
[35m[1mConsolidate compiler generated dependencies of target reference_line[0m
[ 20%] Built target global_planner
[ 28%] Built target pnc_map_creator
[ 37%] Built target vehicle_info
[35m[1mConsolidate compiler generated dependencies of target global_path_server[0m
[ 45%] Built target reference_line
[35m[1mConsolidate compiler generated dependencies of target car_move_cmd[0m
[35m[1mConsolidate compiler generated dependencies of target pnc_map_server[0m
[35m[1mConsolidate compiler generated dependencies of target obs_move_cmd[0m
[35m[1mConsolidate compiler generated dependencies of target decision_center[0m
[ 51%] Built target global_path_server
[ 57%] Built target pnc_map_server
[ 62%] Built target car_move_cmd
[ 68%] Built target obs_move_cmd
[ 74%] Built target decision_center
[35m[1mConsolidate compiler generated dependencies of target local_planner[0m
[ 91%] Built target local_planner
[35m[1mConsolidate compiler generated dependencies of target planning_node[0m
[100%] Built target planning_node
-- Install configuration: ""
-- Execute custom install script
-- Up-to-date symlink: /home/zx/planning_with_ROS2_course/install/planning/lib/libconfig_reader.so
-- Up-to-date symlink: /home/zx/planning_with_ROS2_course/install/planning/lib/libmathlibs.so
-- Up-to-date symlink: /home/zx/planning_with_ROS2_course/install/planning/lib/libdecision_center.so
-- Up-to-date symlink: /home/zx/planning_with_ROS2_course/install/planning//libpnc_map_creator.a
-- Up-to-date symlink: /home/zx/planning_with_ROS2_course/install/planning/lib/planning/libpnc_map_server.a
-- Up-to-date symlink: /home/zx/planning_with_ROS2_course/install/planning/lib/libglobal_planner.so
-- Up-to-date symlink: /home/zx/planning_with_ROS2_course/install/planning/lib/planning/global_path_server
-- Up-to-date symlink: /home/zx/planning_with_ROS2_course/install/planning/lib/liblocal_planner.so
-- Up-to-date symlink: /home/zx/planning_with_ROS2_course/install/planning/lib/libreference_line.so
-- Up-to-date symlink: /home/zx/planning_with_ROS2_course/install/planning/lib/libvehicle_info.so
-- Up-to-date symlink: /home/zx/planning_with_ROS2_course/install/planning/lib/planning/planning_node
-- Up-to-date symlink: /home/zx/planning_with_ROS2_course/install/planning/lib/planning/car_move_cmd
-- Up-to-date symlink: /home/zx/planning_with_ROS2_course/install/planning/lib/planning/obs_move_cmd
-- Up-to-date symlink: /home/zx/planning_with_ROS2_course/install/planning/lib/planning/config/planning_static_obs_config.yaml
-- Up-to-date symlink: /home/zx/planning_with_ROS2_course/install/planning/lib/planning/launch/dummy.launch.py
-- Up-to-date symlink: /home/zx/planning_with_ROS2_course/install/planning/lib/planning/urdf/empty.urdf
-- Up-to-date symlink: /home/zx/planning_with_ROS2_course/install/planning/lib/planning/rviz/dummy.rviz
-- Up-to-date symlink: /home/zx/planning_with_ROS2_course/install/planning/share/ament_index/resource_index/package_run_dependencies/planning
-- Up-to-date symlink: /home/zx/planning_with_ROS2_course/install/planning/share/ament_index/resource_index/parent_prefix_path/planning
-- Up-to-date symlink: /home/zx/planning_with_ROS2_course/install/planning/share/planning/environment/ament_prefix_path.sh
-- Up-to-date symlink: /home/zx/planning_with_ROS2_course/install/planning/share/planning/environment/ament_prefix_path.dsv
-- Up-to-date symlink: /home/zx/planning_with_ROS2_course/install/planning/share/planning/environment/path.sh
-- Up-to-date symlink: /home/zx/planning_with_ROS2_course/install/planning/share/planning/environment/path.dsv
-- Up-to-date symlink: /home/zx/planning_with_ROS2_course/install/planning/share/planning/local_setup.bash
-- Up-to-date symlink: /home/zx/planning_with_ROS2_course/install/planning/share/planning/local_setup.sh
-- Up-to-date symlink: /home/zx/planning_with_ROS2_course/install/planning/share/planning/local_setup.zsh
-- Up-to-date symlink: /home/zx/planning_with_ROS2_course/install/planning/share/planning/local_setup.dsv
-- Symlinking: /home/zx/planning_with_ROS2_course/install/planning/share/planning/package.dsv
-- Up-to-date symlink: /home/zx/planning_with_ROS2_course/install/planning/share/ament_index/resource_index/packages/planning
-- Up-to-date symlink: /home/zx/planning_with_ROS2_course/install/planning/share/planning/cmake/planningConfig.cmake
-- Up-to-date symlink: /home/zx/planning_with_ROS2_course/install/planning/share/planning/cmake/planningConfig-version.cmake
-- Up-to-date symlink: /home/zx/planning_with_ROS2_course/install/planning/share/planning/package.xml
-- Up-to-date symlink: /home/zx/planning_with_ROS2_course/install/planning/share/planning//dummy.launch.py
-- Up-to-date symlink: /home/zx/planning_with_ROS2_course/install/planning/share/planning//planning_static_obs_config.yaml
-- Up-to-date symlink: /home/zx/planning_with_ROS2_course/install/planning/share/planning//empty.urdf
-- Up-to-date symlink: /home/zx/planning_with_ROS2_course/install/planning/share/planning//dummy.rviz
