[0.104s] Invoking command in '/home/zx/planning_with_ROS2_course/build/planning': AMENT_PREFIX_PATH=/home/zx/planning_with_ROS2_course/install/base_msgs:${AMENT_PREFIX_PATH} CMAKE_PREFIX_PATH=/home/zx/planning_with_ROS2_course/install/base_msgs:/opt/ros/humble /usr/bin/cmake /home/zx/planning_with_ROS2_course/src/planning -DCMAKE_INSTALL_PREFIX=/home/zx/planning_with_ROS2_course/install/planning
[0.112s] -- Found ament_cmake: 1.3.12 (/opt/ros/humble/share/ament_cmake/cmake)
[0.174s] -- Override CMake install command with custom implementation using symlinks instead of copying resources
[0.176s] -- Found rclcpp: 16.0.15 (/opt/ros/humble/share/rclcpp/cmake)
[0.190s] -- Found rosidl_generator_c: 3.1.7 (/opt/ros/humble/share/rosidl_generator_c/cmake)
[0.191s] -- Found rosidl_adapter: 3.1.7 (/opt/ros/humble/share/rosidl_adapter/cmake)
[0.194s] -- Found rosidl_generator_cpp: 3.1.7 (/opt/ros/humble/share/rosidl_generator_cpp/cmake)
[0.198s] -- Using all available rosidl_typesupport_c: rosidl_typesupport_fastrtps_c;rosidl_typesupport_introspection_c
[0.204s] -- Using all available rosidl_typesupport_cpp: rosidl_typesupport_fastrtps_cpp;rosidl_typesupport_introspection_cpp
[0.219s] -- Found rmw_implementation_cmake: 6.1.2 (/opt/ros/humble/share/rmw_implementation_cmake/cmake)
[0.219s] -- Found rmw_fastrtps_cpp: 6.2.9 (/opt/ros/humble/share/rmw_fastrtps_cpp/cmake)
[0.271s] -- Using RMW implementation 'rmw_fastrtps_cpp' as default
[0.296s] -- Found tf2: 0.25.16 (/opt/ros/humble/share/tf2/cmake)
[0.304s] -- Found tf2_ros: 0.25.16 (/opt/ros/humble/share/tf2_ros/cmake)
[0.340s] -- Found nav_msgs: 4.9.0 (/opt/ros/humble/share/nav_msgs/cmake)
[0.347s] -- Found visualization_msgs: 4.9.0 (/opt/ros/humble/share/visualization_msgs/cmake)
[0.364s] -- Found base_msgs: 0.0.0 (/home/zx/planning_with_ROS2_course/install/base_msgs/share/base_msgs/cmake)
[0.408s] -- Configuring done
[0.436s] -- Generating done
[0.446s] -- Build files have been written to: /home/zx/planning_with_ROS2_course/build/planning
[0.455s] Invoked command in '/home/zx/planning_with_ROS2_course/build/planning' returned '0': AMENT_PREFIX_PATH=/home/zx/planning_with_ROS2_course/install/base_msgs:${AMENT_PREFIX_PATH} CMAKE_PREFIX_PATH=/home/zx/planning_with_ROS2_course/install/base_msgs:/opt/ros/humble /usr/bin/cmake /home/zx/planning_with_ROS2_course/src/planning -DCMAKE_INSTALL_PREFIX=/home/zx/planning_with_ROS2_course/install/planning
[0.455s] Invoking command in '/home/zx/planning_with_ROS2_course/build/planning': AMENT_PREFIX_PATH=/home/zx/planning_with_ROS2_course/install/base_msgs:${AMENT_PREFIX_PATH} CMAKE_PREFIX_PATH=/home/zx/planning_with_ROS2_course/install/base_msgs:/opt/ros/humble /usr/bin/cmake --build /home/zx/planning_with_ROS2_course/build/planning -- -j24 -l24
[0.479s] [35m[1mConsolidate compiler generated dependencies of target config_reader[0m
[0.479s] [35m[1mConsolidate compiler generated dependencies of target mathlibs[0m
[0.489s] [  5%] Built target config_reader
[0.490s] [ 14%] Built target mathlibs
[0.496s] [35m[1mConsolidate compiler generated dependencies of target global_planner[0m
[0.498s] [35m[1mConsolidate compiler generated dependencies of target pnc_map_creator[0m
[0.501s] [35m[1mConsolidate compiler generated dependencies of target vehicle_info[0m
[0.501s] [35m[1mConsolidate compiler generated dependencies of target reference_line[0m
[0.505s] [ 20%] Built target global_planner
[0.508s] [ 28%] Built target pnc_map_creator
[0.509s] [ 37%] Built target vehicle_info
[0.512s] [35m[1mConsolidate compiler generated dependencies of target global_path_server[0m
[0.512s] [ 45%] Built target reference_line
[0.518s] [35m[1mConsolidate compiler generated dependencies of target car_move_cmd[0m
[0.518s] [35m[1mConsolidate compiler generated dependencies of target pnc_map_server[0m
[0.518s] [35m[1mConsolidate compiler generated dependencies of target obs_move_cmd[0m
[0.518s] [35m[1mConsolidate compiler generated dependencies of target decision_center[0m
[0.523s] [ 51%] Built target global_path_server
[0.527s] [ 57%] Built target pnc_map_server
[0.527s] [ 62%] Built target car_move_cmd
[0.527s] [ 68%] Built target obs_move_cmd
[0.527s] [ 74%] Built target decision_center
[0.536s] [35m[1mConsolidate compiler generated dependencies of target local_planner[0m
[0.549s] [ 91%] Built target local_planner
[0.556s] [35m[1mConsolidate compiler generated dependencies of target planning_node[0m
[0.568s] [100%] Built target planning_node
[0.575s] Invoked command in '/home/zx/planning_with_ROS2_course/build/planning' returned '0': AMENT_PREFIX_PATH=/home/zx/planning_with_ROS2_course/install/base_msgs:${AMENT_PREFIX_PATH} CMAKE_PREFIX_PATH=/home/zx/planning_with_ROS2_course/install/base_msgs:/opt/ros/humble /usr/bin/cmake --build /home/zx/planning_with_ROS2_course/build/planning -- -j24 -l24
[0.577s] Invoking command in '/home/zx/planning_with_ROS2_course/build/planning': AMENT_PREFIX_PATH=/home/zx/planning_with_ROS2_course/install/base_msgs:${AMENT_PREFIX_PATH} CMAKE_PREFIX_PATH=/home/zx/planning_with_ROS2_course/install/base_msgs:/opt/ros/humble /usr/bin/cmake --install /home/zx/planning_with_ROS2_course/build/planning
[0.579s] -- Install configuration: ""
[0.579s] -- Execute custom install script
[0.579s] -- Up-to-date symlink: /home/zx/planning_with_ROS2_course/install/planning/lib/libconfig_reader.so
[0.580s] -- Up-to-date symlink: /home/zx/planning_with_ROS2_course/install/planning/lib/libmathlibs.so
[0.580s] -- Up-to-date symlink: /home/zx/planning_with_ROS2_course/install/planning/lib/libdecision_center.so
[0.580s] -- Up-to-date symlink: /home/zx/planning_with_ROS2_course/install/planning//libpnc_map_creator.a
[0.580s] -- Up-to-date symlink: /home/zx/planning_with_ROS2_course/install/planning/lib/planning/libpnc_map_server.a
[0.580s] -- Up-to-date symlink: /home/zx/planning_with_ROS2_course/install/planning/lib/libglobal_planner.so
[0.580s] -- Up-to-date symlink: /home/zx/planning_with_ROS2_course/install/planning/lib/planning/global_path_server
[0.580s] -- Up-to-date symlink: /home/zx/planning_with_ROS2_course/install/planning/lib/liblocal_planner.so
[0.580s] -- Up-to-date symlink: /home/zx/planning_with_ROS2_course/install/planning/lib/libreference_line.so
[0.580s] -- Up-to-date symlink: /home/zx/planning_with_ROS2_course/install/planning/lib/libvehicle_info.so
[0.580s] -- Up-to-date symlink: /home/zx/planning_with_ROS2_course/install/planning/lib/planning/planning_node
[0.580s] -- Up-to-date symlink: /home/zx/planning_with_ROS2_course/install/planning/lib/planning/car_move_cmd
[0.580s] -- Up-to-date symlink: /home/zx/planning_with_ROS2_course/install/planning/lib/planning/obs_move_cmd
[0.580s] -- Up-to-date symlink: /home/zx/planning_with_ROS2_course/install/planning/lib/planning/config/planning_static_obs_config.yaml
[0.581s] -- Up-to-date symlink: /home/zx/planning_with_ROS2_course/install/planning/lib/planning/launch/dummy.launch.py
[0.581s] -- Up-to-date symlink: /home/zx/planning_with_ROS2_course/install/planning/lib/planning/urdf/empty.urdf
[0.581s] -- Up-to-date symlink: /home/zx/planning_with_ROS2_course/install/planning/lib/planning/rviz/dummy.rviz
[0.581s] -- Up-to-date symlink: /home/zx/planning_with_ROS2_course/install/planning/share/ament_index/resource_index/package_run_dependencies/planning
[0.581s] -- Up-to-date symlink: /home/zx/planning_with_ROS2_course/install/planning/share/ament_index/resource_index/parent_prefix_path/planning
[0.581s] -- Up-to-date symlink: /home/zx/planning_with_ROS2_course/install/planning/share/planning/environment/ament_prefix_path.sh
[0.581s] -- Up-to-date symlink: /home/zx/planning_with_ROS2_course/install/planning/share/planning/environment/ament_prefix_path.dsv
[0.581s] -- Up-to-date symlink: /home/zx/planning_with_ROS2_course/install/planning/share/planning/environment/path.sh
[0.581s] -- Up-to-date symlink: /home/zx/planning_with_ROS2_course/install/planning/share/planning/environment/path.dsv
[0.581s] -- Up-to-date symlink: /home/zx/planning_with_ROS2_course/install/planning/share/planning/local_setup.bash
[0.581s] -- Up-to-date symlink: /home/zx/planning_with_ROS2_course/install/planning/share/planning/local_setup.sh
[0.581s] -- Up-to-date symlink: /home/zx/planning_with_ROS2_course/install/planning/share/planning/local_setup.zsh
[0.581s] -- Up-to-date symlink: /home/zx/planning_with_ROS2_course/install/planning/share/planning/local_setup.dsv
[0.581s] -- Symlinking: /home/zx/planning_with_ROS2_course/install/planning/share/planning/package.dsv
[0.586s] -- Up-to-date symlink: /home/zx/planning_with_ROS2_course/install/planning/share/ament_index/resource_index/packages/planning
[0.586s] -- Up-to-date symlink: /home/zx/planning_with_ROS2_course/install/planning/share/planning/cmake/planningConfig.cmake
[0.586s] -- Up-to-date symlink: /home/zx/planning_with_ROS2_course/install/planning/share/planning/cmake/planningConfig-version.cmake
[0.586s] -- Up-to-date symlink: /home/zx/planning_with_ROS2_course/install/planning/share/planning/package.xml
[0.587s] -- Up-to-date symlink: /home/zx/planning_with_ROS2_course/install/planning/share/planning//dummy.launch.py
[0.587s] -- Up-to-date symlink: /home/zx/planning_with_ROS2_course/install/planning/share/planning//planning_static_obs_config.yaml
[0.587s] -- Up-to-date symlink: /home/zx/planning_with_ROS2_course/install/planning/share/planning//empty.urdf
[0.587s] -- Up-to-date symlink: /home/zx/planning_with_ROS2_course/install/planning/share/planning//dummy.rviz
[0.589s] Invoked command in '/home/zx/planning_with_ROS2_course/build/planning' returned '0': AMENT_PREFIX_PATH=/home/zx/planning_with_ROS2_course/install/base_msgs:${AMENT_PREFIX_PATH} CMAKE_PREFIX_PATH=/home/zx/planning_with_ROS2_course/install/base_msgs:/opt/ros/humble /usr/bin/cmake --install /home/zx/planning_with_ROS2_course/build/planning
