[0.513s] Invoking command in '/home/zhangxin/planning_with_ROS2_course/src/data_plot': CMAKE_PREFIX_PATH=/home/zhangxin/planning_with_ROS2_course/install/base_msgs:/home/zhangxin/planning_with_ROS2_course/install/planning PYTHONPATH=/home/zhangxin/planning_with_ROS2_course/build/data_plot/prefix_override:/usr/lib/python3/dist-packages/colcon_core/task/python/colcon_distutils_commands:/home/zhangxin/planning_with_ROS2_course/install/data_plot/lib/python3.10/site-packages:${PYTHONPATH} /usr/bin/python3 -W ignore:setup.py install is deprecated -W ignore:easy_install command is deprecated setup.py egg_info --egg-base ../../build/data_plot build --build-base /home/zhangxin/planning_with_ROS2_course/build/data_plot/build install --record /home/zhangxin/planning_with_ROS2_course/build/data_plot/install.log --single-version-externally-managed install_data
[0.693s] running egg_info
[0.694s] writing ../../build/data_plot/data_plot.egg-info/PKG-INFO
[0.694s] writing dependency_links to ../../build/data_plot/data_plot.egg-info/dependency_links.txt
[0.694s] writing entry points to ../../build/data_plot/data_plot.egg-info/entry_points.txt
[0.694s] writing requirements to ../../build/data_plot/data_plot.egg-info/requires.txt
[0.695s] writing top-level names to ../../build/data_plot/data_plot.egg-info/top_level.txt
[0.696s] reading manifest file '../../build/data_plot/data_plot.egg-info/SOURCES.txt'
[0.697s] writing manifest file '../../build/data_plot/data_plot.egg-info/SOURCES.txt'
[0.697s] running build
[0.697s] running build_py
[0.697s] copying data_plot/data_plot.py -> /home/zhangxin/planning_with_ROS2_course/build/data_plot/build/lib/data_plot
[0.697s] running install
[0.697s] running install_lib
[0.698s] copying /home/zhangxin/planning_with_ROS2_course/build/data_plot/build/lib/data_plot/data_plot.py -> /home/zhangxin/planning_with_ROS2_course/install/data_plot/lib/python3.10/site-packages/data_plot
[0.698s] byte-compiling /home/zhangxin/planning_with_ROS2_course/install/data_plot/lib/python3.10/site-packages/data_plot/data_plot.py to data_plot.cpython-310.pyc
[0.699s] running install_data
[0.699s] running install_egg_info
[0.701s] removing '/home/zhangxin/planning_with_ROS2_course/install/data_plot/lib/python3.10/site-packages/data_plot-0.0.0-py3.10.egg-info' (and everything under it)
[0.701s] Copying ../../build/data_plot/data_plot.egg-info to /home/zhangxin/planning_with_ROS2_course/install/data_plot/lib/python3.10/site-packages/data_plot-0.0.0-py3.10.egg-info
[0.702s] running install_scripts
[0.719s] Installing data_plot script to /home/zhangxin/planning_with_ROS2_course/install/data_plot/lib/data_plot
[0.719s] writing list of installed files to '/home/zhangxin/planning_with_ROS2_course/build/data_plot/install.log'
[0.750s] Invoked command in '/home/zhangxin/planning_with_ROS2_course/src/data_plot' returned '0': CMAKE_PREFIX_PATH=/home/zhangxin/planning_with_ROS2_course/install/base_msgs:/home/zhangxin/planning_with_ROS2_course/install/planning PYTHONPATH=/home/zhangxin/planning_with_ROS2_course/build/data_plot/prefix_override:/usr/lib/python3/dist-packages/colcon_core/task/python/colcon_distutils_commands:/home/zhangxin/planning_with_ROS2_course/install/data_plot/lib/python3.10/site-packages:${PYTHONPATH} /usr/bin/python3 -W ignore:setup.py install is deprecated -W ignore:easy_install command is deprecated setup.py egg_info --egg-base ../../build/data_plot build --build-base /home/zhangxin/planning_with_ROS2_course/build/data_plot/build install --record /home/zhangxin/planning_with_ROS2_course/build/data_plot/install.log --single-version-externally-managed install_data
