[0.048s] DEBUG:colcon:Command line arguments: ['/usr/bin/colcon', 'build']
[0.048s] DEBUG:colcon:Parsed command line arguments: Namespace(log_base=None, log_level=None, verb_name='build', build_base='build', install_base='install', merge_install=False, symlink_install=False, test_result_base=None, continue_on_error=False, executor='parallel', parallel_workers=24, event_handlers=None, ignore_user_meta=False, metas=['./colcon.meta'], base_paths=['.'], packages_ignore=None, packages_ignore_regex=None, paths=None, packages_up_to=None, packages_up_to_regex=None, packages_above=None, packages_above_and_dependencies=None, packages_above_depth=None, packages_select_by_dep=None, packages_skip_by_dep=None, packages_skip_up_to=None, packages_select_build_failed=False, packages_skip_build_finished=False, packages_select_test_failures=False, packages_skip_test_passed=False, packages_select=None, packages_skip=None, packages_select_regex=None, packages_skip_regex=None, packages_start=None, packages_end=None, allow_overriding=[], cmake_args=None, cmake_target=None, cmake_target_skip_unavailable=False, cmake_clean_cache=False, cmake_clean_first=False, cmake_force_configure=False, ament_cmake_args=None, catkin_cmake_args=None, catkin_skip_building_tests=False, mixin_files=None, mixin=None, verb_parser=<colcon_mixin.mixin.mixin_argument.MixinArgumentDecorator object at 0x79bd40d331c0>, verb_extension=<colcon_core.verb.build.BuildVerb object at 0x79bd40e70850>, main=<bound method BuildVerb.main of <colcon_core.verb.build.BuildVerb object at 0x79bd40e70850>>, mixin_verb=('build',))
[0.112s] Level 1:colcon.colcon_core.package_discovery:discover_packages(colcon_meta) check parameters
[0.112s] Level 1:colcon.colcon_core.package_discovery:discover_packages(recursive) check parameters
[0.112s] Level 1:colcon.colcon_core.package_discovery:discover_packages(ignore) check parameters
[0.112s] Level 1:colcon.colcon_core.package_discovery:discover_packages(path) check parameters
[0.112s] Level 1:colcon.colcon_core.package_discovery:discover_packages(colcon_meta) discover
[0.112s] Level 1:colcon.colcon_core.package_discovery:discover_packages(recursive) discover
[0.112s] INFO:colcon.colcon_core.package_discovery:Crawling recursively for packages in '/home/zx/planning_with_ROS2_course'
[0.112s] Level 1:colcon.colcon_core.package_identification:_identify(.) by extensions ['ignore', 'ignore_ament_install']
[0.112s] Level 1:colcon.colcon_core.package_identification:_identify(.) by extension 'ignore'
[0.112s] Level 1:colcon.colcon_core.package_identification:_identify(.) by extension 'ignore_ament_install'
[0.112s] Level 1:colcon.colcon_core.package_identification:_identify(.) by extensions ['colcon_pkg']
[0.112s] Level 1:colcon.colcon_core.package_identification:_identify(.) by extension 'colcon_pkg'
[0.112s] Level 1:colcon.colcon_core.package_identification:_identify(.) by extensions ['colcon_meta']
[0.112s] Level 1:colcon.colcon_core.package_identification:_identify(.) by extension 'colcon_meta'
[0.112s] Level 1:colcon.colcon_core.package_identification:_identify(.) by extensions ['ros']
[0.112s] Level 1:colcon.colcon_core.package_identification:_identify(.) by extension 'ros'
[0.117s] Level 1:colcon.colcon_core.package_identification:_identify(.) by extensions ['cmake', 'python']
[0.117s] Level 1:colcon.colcon_core.package_identification:_identify(.) by extension 'cmake'
[0.117s] Level 1:colcon.colcon_core.package_identification:_identify(.) by extension 'python'
[0.117s] Level 1:colcon.colcon_core.package_identification:_identify(.) by extensions ['python_setup_py']
[0.117s] Level 1:colcon.colcon_core.package_identification:_identify(.) by extension 'python_setup_py'
[0.117s] Level 1:colcon.colcon_core.package_identification:_identify(build) by extensions ['ignore', 'ignore_ament_install']
[0.117s] Level 1:colcon.colcon_core.package_identification:_identify(build) by extension 'ignore'
[0.117s] Level 1:colcon.colcon_core.package_identification:_identify(build) ignored
[0.117s] Level 1:colcon.colcon_core.package_identification:_identify(install) by extensions ['ignore', 'ignore_ament_install']
[0.118s] Level 1:colcon.colcon_core.package_identification:_identify(install) by extension 'ignore'
[0.118s] Level 1:colcon.colcon_core.package_identification:_identify(install) ignored
[0.118s] Level 1:colcon.colcon_core.package_identification:_identify(log) by extensions ['ignore', 'ignore_ament_install']
[0.118s] Level 1:colcon.colcon_core.package_identification:_identify(log) by extension 'ignore'
[0.118s] Level 1:colcon.colcon_core.package_identification:_identify(log) ignored
[0.118s] Level 1:colcon.colcon_core.package_identification:_identify(src) by extensions ['ignore', 'ignore_ament_install']
[0.118s] Level 1:colcon.colcon_core.package_identification:_identify(src) by extension 'ignore'
[0.118s] Level 1:colcon.colcon_core.package_identification:_identify(src) by extension 'ignore_ament_install'
[0.118s] Level 1:colcon.colcon_core.package_identification:_identify(src) by extensions ['colcon_pkg']
[0.118s] Level 1:colcon.colcon_core.package_identification:_identify(src) by extension 'colcon_pkg'
[0.118s] Level 1:colcon.colcon_core.package_identification:_identify(src) by extensions ['colcon_meta']
[0.118s] Level 1:colcon.colcon_core.package_identification:_identify(src) by extension 'colcon_meta'
[0.118s] Level 1:colcon.colcon_core.package_identification:_identify(src) by extensions ['ros']
[0.118s] Level 1:colcon.colcon_core.package_identification:_identify(src) by extension 'ros'
[0.118s] Level 1:colcon.colcon_core.package_identification:_identify(src) by extensions ['cmake', 'python']
[0.118s] Level 1:colcon.colcon_core.package_identification:_identify(src) by extension 'cmake'
[0.118s] Level 1:colcon.colcon_core.package_identification:_identify(src) by extension 'python'
[0.118s] Level 1:colcon.colcon_core.package_identification:_identify(src) by extensions ['python_setup_py']
[0.118s] Level 1:colcon.colcon_core.package_identification:_identify(src) by extension 'python_setup_py'
[0.118s] Level 1:colcon.colcon_core.package_identification:_identify(src/base_msgs) by extensions ['ignore', 'ignore_ament_install']
[0.118s] Level 1:colcon.colcon_core.package_identification:_identify(src/base_msgs) by extension 'ignore'
[0.118s] Level 1:colcon.colcon_core.package_identification:_identify(src/base_msgs) by extension 'ignore_ament_install'
[0.118s] Level 1:colcon.colcon_core.package_identification:_identify(src/base_msgs) by extensions ['colcon_pkg']
[0.118s] Level 1:colcon.colcon_core.package_identification:_identify(src/base_msgs) by extension 'colcon_pkg'
[0.118s] Level 1:colcon.colcon_core.package_identification:_identify(src/base_msgs) by extensions ['colcon_meta']
[0.118s] Level 1:colcon.colcon_core.package_identification:_identify(src/base_msgs) by extension 'colcon_meta'
[0.118s] Level 1:colcon.colcon_core.package_identification:_identify(src/base_msgs) by extensions ['ros']
[0.118s] Level 1:colcon.colcon_core.package_identification:_identify(src/base_msgs) by extension 'ros'
[0.119s] DEBUG:colcon.colcon_core.package_identification:Package 'src/base_msgs' with type 'ros.ament_cmake' and name 'base_msgs'
[0.119s] Level 1:colcon.colcon_core.package_identification:_identify(src/build) by extensions ['ignore', 'ignore_ament_install']
[0.119s] Level 1:colcon.colcon_core.package_identification:_identify(src/build) by extension 'ignore'
[0.119s] Level 1:colcon.colcon_core.package_identification:_identify(src/build) ignored
[0.119s] Level 1:colcon.colcon_core.package_identification:_identify(src/data_plot) by extensions ['ignore', 'ignore_ament_install']
[0.119s] Level 1:colcon.colcon_core.package_identification:_identify(src/data_plot) by extension 'ignore'
[0.120s] Level 1:colcon.colcon_core.package_identification:_identify(src/data_plot) by extension 'ignore_ament_install'
[0.120s] Level 1:colcon.colcon_core.package_identification:_identify(src/data_plot) by extensions ['colcon_pkg']
[0.120s] Level 1:colcon.colcon_core.package_identification:_identify(src/data_plot) by extension 'colcon_pkg'
[0.120s] Level 1:colcon.colcon_core.package_identification:_identify(src/data_plot) by extensions ['colcon_meta']
[0.120s] Level 1:colcon.colcon_core.package_identification:_identify(src/data_plot) by extension 'colcon_meta'
[0.120s] Level 1:colcon.colcon_core.package_identification:_identify(src/data_plot) by extensions ['ros']
[0.120s] Level 1:colcon.colcon_core.package_identification:_identify(src/data_plot) by extension 'ros'
[0.120s] DEBUG:colcon.colcon_core.package_identification:Package 'src/data_plot' with type 'ros.ament_python' and name 'data_plot'
[0.120s] Level 1:colcon.colcon_core.package_identification:_identify(src/log) by extensions ['ignore', 'ignore_ament_install']
[0.120s] Level 1:colcon.colcon_core.package_identification:_identify(src/log) by extension 'ignore'
[0.120s] Level 1:colcon.colcon_core.package_identification:_identify(src/log) ignored
[0.120s] Level 1:colcon.colcon_core.package_identification:_identify(src/planning) by extensions ['ignore', 'ignore_ament_install']
[0.120s] Level 1:colcon.colcon_core.package_identification:_identify(src/planning) by extension 'ignore'
[0.120s] Level 1:colcon.colcon_core.package_identification:_identify(src/planning) by extension 'ignore_ament_install'
[0.120s] Level 1:colcon.colcon_core.package_identification:_identify(src/planning) by extensions ['colcon_pkg']
[0.120s] Level 1:colcon.colcon_core.package_identification:_identify(src/planning) by extension 'colcon_pkg'
[0.120s] Level 1:colcon.colcon_core.package_identification:_identify(src/planning) by extensions ['colcon_meta']
[0.120s] Level 1:colcon.colcon_core.package_identification:_identify(src/planning) by extension 'colcon_meta'
[0.120s] Level 1:colcon.colcon_core.package_identification:_identify(src/planning) by extensions ['ros']
[0.120s] Level 1:colcon.colcon_core.package_identification:_identify(src/planning) by extension 'ros'
[0.121s] DEBUG:colcon.colcon_core.package_identification:Package 'src/planning' with type 'ros.ament_cmake' and name 'planning'
[0.121s] Level 1:colcon.colcon_core.package_discovery:discover_packages(recursive) using defaults
[0.121s] Level 1:colcon.colcon_core.package_discovery:discover_packages(ignore) discover
[0.121s] Level 1:colcon.colcon_core.package_discovery:discover_packages(ignore) using defaults
[0.121s] Level 1:colcon.colcon_core.package_discovery:discover_packages(path) discover
[0.121s] Level 1:colcon.colcon_core.package_discovery:discover_packages(path) using defaults
[0.130s] Level 1:colcon.colcon_core.package_discovery:discover_packages(prefix_path) check parameters
[0.130s] Level 1:colcon.colcon_core.package_discovery:discover_packages(prefix_path) discover
[0.131s] DEBUG:colcon.colcon_installed_package_information.package_discovery:Found 171 installed packages in /opt/ros/humble
[0.131s] Level 1:colcon.colcon_core.package_discovery:discover_packages(prefix_path) using defaults
[0.144s] Level 5:colcon.colcon_core.verb:set package 'base_msgs' build argument 'cmake_args' from command line to 'None'
[0.144s] Level 5:colcon.colcon_core.verb:set package 'base_msgs' build argument 'cmake_target' from command line to 'None'
[0.144s] Level 5:colcon.colcon_core.verb:set package 'base_msgs' build argument 'cmake_target_skip_unavailable' from command line to 'False'
[0.144s] Level 5:colcon.colcon_core.verb:set package 'base_msgs' build argument 'cmake_clean_cache' from command line to 'False'
[0.144s] Level 5:colcon.colcon_core.verb:set package 'base_msgs' build argument 'cmake_clean_first' from command line to 'False'
[0.144s] Level 5:colcon.colcon_core.verb:set package 'base_msgs' build argument 'cmake_force_configure' from command line to 'False'
[0.144s] Level 5:colcon.colcon_core.verb:set package 'base_msgs' build argument 'ament_cmake_args' from command line to 'None'
[0.144s] Level 5:colcon.colcon_core.verb:set package 'base_msgs' build argument 'catkin_cmake_args' from command line to 'None'
[0.144s] Level 5:colcon.colcon_core.verb:set package 'base_msgs' build argument 'catkin_skip_building_tests' from command line to 'False'
[0.144s] DEBUG:colcon.colcon_core.verb:Building package 'base_msgs' with the following arguments: {'ament_cmake_args': None, 'build_base': '/home/zx/planning_with_ROS2_course/build/base_msgs', 'catkin_cmake_args': None, 'catkin_skip_building_tests': False, 'cmake_args': None, 'cmake_clean_cache': False, 'cmake_clean_first': False, 'cmake_force_configure': False, 'cmake_target': None, 'cmake_target_skip_unavailable': False, 'install_base': '/home/zx/planning_with_ROS2_course/install/base_msgs', 'merge_install': False, 'path': '/home/zx/planning_with_ROS2_course/src/base_msgs', 'symlink_install': False, 'test_result_base': None}
[0.144s] Level 5:colcon.colcon_core.verb:set package 'data_plot' build argument 'cmake_args' from command line to 'None'
[0.144s] Level 5:colcon.colcon_core.verb:set package 'data_plot' build argument 'cmake_target' from command line to 'None'
[0.144s] Level 5:colcon.colcon_core.verb:set package 'data_plot' build argument 'cmake_target_skip_unavailable' from command line to 'False'
[0.144s] Level 5:colcon.colcon_core.verb:set package 'data_plot' build argument 'cmake_clean_cache' from command line to 'False'
[0.144s] Level 5:colcon.colcon_core.verb:set package 'data_plot' build argument 'cmake_clean_first' from command line to 'False'
[0.144s] Level 5:colcon.colcon_core.verb:set package 'data_plot' build argument 'cmake_force_configure' from command line to 'False'
[0.144s] Level 5:colcon.colcon_core.verb:set package 'data_plot' build argument 'ament_cmake_args' from command line to 'None'
[0.144s] Level 5:colcon.colcon_core.verb:set package 'data_plot' build argument 'catkin_cmake_args' from command line to 'None'
[0.144s] Level 5:colcon.colcon_core.verb:set package 'data_plot' build argument 'catkin_skip_building_tests' from command line to 'False'
[0.144s] DEBUG:colcon.colcon_core.verb:Building package 'data_plot' with the following arguments: {'ament_cmake_args': None, 'build_base': '/home/zx/planning_with_ROS2_course/build/data_plot', 'catkin_cmake_args': None, 'catkin_skip_building_tests': False, 'cmake_args': None, 'cmake_clean_cache': False, 'cmake_clean_first': False, 'cmake_force_configure': False, 'cmake_target': None, 'cmake_target_skip_unavailable': False, 'install_base': '/home/zx/planning_with_ROS2_course/install/data_plot', 'merge_install': False, 'path': '/home/zx/planning_with_ROS2_course/src/data_plot', 'symlink_install': False, 'test_result_base': None}
[0.145s] Level 5:colcon.colcon_core.verb:set package 'planning' build argument 'cmake_args' from command line to 'None'
[0.145s] Level 5:colcon.colcon_core.verb:set package 'planning' build argument 'cmake_target' from command line to 'None'
[0.145s] Level 5:colcon.colcon_core.verb:set package 'planning' build argument 'cmake_target_skip_unavailable' from command line to 'False'
[0.145s] Level 5:colcon.colcon_core.verb:set package 'planning' build argument 'cmake_clean_cache' from command line to 'False'
[0.145s] Level 5:colcon.colcon_core.verb:set package 'planning' build argument 'cmake_clean_first' from command line to 'False'
[0.145s] Level 5:colcon.colcon_core.verb:set package 'planning' build argument 'cmake_force_configure' from command line to 'False'
[0.145s] Level 5:colcon.colcon_core.verb:set package 'planning' build argument 'ament_cmake_args' from command line to 'None'
[0.145s] Level 5:colcon.colcon_core.verb:set package 'planning' build argument 'catkin_cmake_args' from command line to 'None'
[0.145s] Level 5:colcon.colcon_core.verb:set package 'planning' build argument 'catkin_skip_building_tests' from command line to 'False'
[0.145s] DEBUG:colcon.colcon_core.verb:Building package 'planning' with the following arguments: {'ament_cmake_args': None, 'build_base': '/home/zx/planning_with_ROS2_course/build/planning', 'catkin_cmake_args': None, 'catkin_skip_building_tests': False, 'cmake_args': None, 'cmake_clean_cache': False, 'cmake_clean_first': False, 'cmake_force_configure': False, 'cmake_target': None, 'cmake_target_skip_unavailable': False, 'install_base': '/home/zx/planning_with_ROS2_course/install/planning', 'merge_install': False, 'path': '/home/zx/planning_with_ROS2_course/src/planning', 'symlink_install': False, 'test_result_base': None}
[0.145s] INFO:colcon.colcon_core.executor:Executing jobs using 'parallel' executor
[0.145s] DEBUG:colcon.colcon_parallel_executor.executor.parallel:run_until_complete
[0.145s] INFO:colcon.colcon_ros.task.ament_cmake.build:Building ROS package in '/home/zx/planning_with_ROS2_course/src/base_msgs' with build type 'ament_cmake'
[0.145s] INFO:colcon.colcon_cmake.task.cmake.build:Building CMake package in '/home/zx/planning_with_ROS2_course/src/base_msgs'
[0.146s] INFO:colcon.colcon_core.plugin_system:Skipping extension 'colcon_core.shell.bat': Not used on non-Windows systems
[0.146s] INFO:colcon.colcon_core.shell:Skip shell extension 'powershell' for command environment: Not usable outside of PowerShell
[0.146s] DEBUG:colcon.colcon_core.shell:Skip shell extension 'dsv' for command environment
[0.151s] DEBUG:colcon.colcon_core.event_handler.log_command:Invoking command in '/home/zx/planning_with_ROS2_course/build/base_msgs': CMAKE_PREFIX_PATH=/opt/ros/humble /usr/bin/cmake --build /home/zx/planning_with_ROS2_course/build/base_msgs -- -j24 -l24
[0.174s] DEBUG:colcon.colcon_core.event_handler.log_command:Invoked command in '/home/zx/planning_with_ROS2_course/build/base_msgs' returned '0': CMAKE_PREFIX_PATH=/opt/ros/humble /usr/bin/cmake --build /home/zx/planning_with_ROS2_course/build/base_msgs -- -j24 -l24
[0.178s] DEBUG:colcon.colcon_core.event_handler.log_command:Invoking command in '/home/zx/planning_with_ROS2_course/build/base_msgs': CMAKE_PREFIX_PATH=/opt/ros/humble /usr/bin/cmake --install /home/zx/planning_with_ROS2_course/build/base_msgs
[0.188s] Level 1:colcon.colcon_core.environment:create_environment_scripts_only(base_msgs)
[0.188s] DEBUG:colcon.colcon_core.event_handler.log_command:Invoked command in '/home/zx/planning_with_ROS2_course/build/base_msgs' returned '0': CMAKE_PREFIX_PATH=/opt/ros/humble /usr/bin/cmake --install /home/zx/planning_with_ROS2_course/build/base_msgs
[0.189s] Level 1:colcon.colcon_core.environment:checking '/home/zx/planning_with_ROS2_course/install/base_msgs' for CMake module files
[0.189s] Level 1:colcon.colcon_core.environment:checking '/home/zx/planning_with_ROS2_course/install/base_msgs' for CMake config files
[0.189s] Level 1:colcon.colcon_core.shell:create_environment_hook('base_msgs', 'cmake_prefix_path')
[0.189s] INFO:colcon.colcon_core.shell:Creating environment hook '/home/zx/planning_with_ROS2_course/install/base_msgs/share/base_msgs/hook/cmake_prefix_path.ps1'
[0.190s] INFO:colcon.colcon_core.shell:Creating environment descriptor '/home/zx/planning_with_ROS2_course/install/base_msgs/share/base_msgs/hook/cmake_prefix_path.dsv'
[0.190s] INFO:colcon.colcon_core.shell:Creating environment hook '/home/zx/planning_with_ROS2_course/install/base_msgs/share/base_msgs/hook/cmake_prefix_path.sh'
[0.190s] Level 1:colcon.colcon_core.environment:checking '/home/zx/planning_with_ROS2_course/install/base_msgs/bin'
[0.190s] Level 1:colcon.colcon_core.environment:checking '/home/zx/planning_with_ROS2_course/install/base_msgs/lib/pkgconfig/base_msgs.pc'
[0.191s] Level 1:colcon.colcon_core.environment:checking '/home/zx/planning_with_ROS2_course/install/base_msgs/lib/python3.10/site-packages'
[0.191s] Level 1:colcon.colcon_core.environment:checking '/home/zx/planning_with_ROS2_course/install/base_msgs/bin'
[0.191s] INFO:colcon.colcon_core.shell:Creating package script '/home/zx/planning_with_ROS2_course/install/base_msgs/share/base_msgs/package.ps1'
[0.191s] INFO:colcon.colcon_core.shell:Creating package descriptor '/home/zx/planning_with_ROS2_course/install/base_msgs/share/base_msgs/package.dsv'
[0.191s] INFO:colcon.colcon_core.shell:Creating package script '/home/zx/planning_with_ROS2_course/install/base_msgs/share/base_msgs/package.sh'
[0.192s] INFO:colcon.colcon_core.shell:Creating package script '/home/zx/planning_with_ROS2_course/install/base_msgs/share/base_msgs/package.bash'
[0.192s] INFO:colcon.colcon_core.shell:Creating package script '/home/zx/planning_with_ROS2_course/install/base_msgs/share/base_msgs/package.zsh'
[0.192s] Level 1:colcon.colcon_core.environment:create_file_with_runtime_dependencies(/home/zx/planning_with_ROS2_course/install/base_msgs/share/colcon-core/packages/base_msgs)
[0.193s] Level 1:colcon.colcon_core.environment:create_environment_scripts_only(base_msgs)
[0.193s] Level 1:colcon.colcon_core.environment:checking '/home/zx/planning_with_ROS2_course/install/base_msgs' for CMake module files
[0.193s] Level 1:colcon.colcon_core.environment:checking '/home/zx/planning_with_ROS2_course/install/base_msgs' for CMake config files
[0.193s] Level 1:colcon.colcon_core.shell:create_environment_hook('base_msgs', 'cmake_prefix_path')
[0.193s] INFO:colcon.colcon_core.shell:Creating environment hook '/home/zx/planning_with_ROS2_course/install/base_msgs/share/base_msgs/hook/cmake_prefix_path.ps1'
[0.193s] INFO:colcon.colcon_core.shell:Creating environment descriptor '/home/zx/planning_with_ROS2_course/install/base_msgs/share/base_msgs/hook/cmake_prefix_path.dsv'
[0.193s] INFO:colcon.colcon_core.shell:Creating environment hook '/home/zx/planning_with_ROS2_course/install/base_msgs/share/base_msgs/hook/cmake_prefix_path.sh'
[0.193s] Level 1:colcon.colcon_core.environment:checking '/home/zx/planning_with_ROS2_course/install/base_msgs/bin'
[0.193s] Level 1:colcon.colcon_core.environment:checking '/home/zx/planning_with_ROS2_course/install/base_msgs/lib/pkgconfig/base_msgs.pc'
[0.194s] Level 1:colcon.colcon_core.environment:checking '/home/zx/planning_with_ROS2_course/install/base_msgs/lib/python3.10/site-packages'
[0.194s] Level 1:colcon.colcon_core.environment:checking '/home/zx/planning_with_ROS2_course/install/base_msgs/bin'
[0.194s] INFO:colcon.colcon_core.shell:Creating package script '/home/zx/planning_with_ROS2_course/install/base_msgs/share/base_msgs/package.ps1'
[0.194s] INFO:colcon.colcon_core.shell:Creating package descriptor '/home/zx/planning_with_ROS2_course/install/base_msgs/share/base_msgs/package.dsv'
[0.194s] INFO:colcon.colcon_core.shell:Creating package script '/home/zx/planning_with_ROS2_course/install/base_msgs/share/base_msgs/package.sh'
[0.194s] INFO:colcon.colcon_core.shell:Creating package script '/home/zx/planning_with_ROS2_course/install/base_msgs/share/base_msgs/package.bash'
[0.194s] INFO:colcon.colcon_core.shell:Creating package script '/home/zx/planning_with_ROS2_course/install/base_msgs/share/base_msgs/package.zsh'
[0.195s] Level 1:colcon.colcon_core.environment:create_file_with_runtime_dependencies(/home/zx/planning_with_ROS2_course/install/base_msgs/share/colcon-core/packages/base_msgs)
[0.195s] INFO:colcon.colcon_ros.task.ament_python.build:Building ROS package in '/home/zx/planning_with_ROS2_course/src/data_plot' with build type 'ament_python'
[0.195s] Level 1:colcon.colcon_core.shell:create_environment_hook('data_plot', 'ament_prefix_path')
[0.195s] INFO:colcon.colcon_core.shell:Creating environment hook '/home/zx/planning_with_ROS2_course/install/data_plot/share/data_plot/hook/ament_prefix_path.ps1'
[0.195s] INFO:colcon.colcon_core.shell:Creating environment descriptor '/home/zx/planning_with_ROS2_course/install/data_plot/share/data_plot/hook/ament_prefix_path.dsv'
[0.195s] INFO:colcon.colcon_core.shell:Creating environment hook '/home/zx/planning_with_ROS2_course/install/data_plot/share/data_plot/hook/ament_prefix_path.sh'
[0.196s] INFO:colcon.colcon_core.shell:Skip shell extension 'powershell' for command environment: Not usable outside of PowerShell
[0.196s] DEBUG:colcon.colcon_core.shell:Skip shell extension 'dsv' for command environment
[0.197s] INFO:colcon.colcon_ros.task.ament_cmake.build:Building ROS package in '/home/zx/planning_with_ROS2_course/src/planning' with build type 'ament_cmake'
[0.197s] INFO:colcon.colcon_cmake.task.cmake.build:Building CMake package in '/home/zx/planning_with_ROS2_course/src/planning'
[0.197s] INFO:colcon.colcon_core.shell:Skip shell extension 'powershell' for command environment: Not usable outside of PowerShell
[0.197s] DEBUG:colcon.colcon_core.shell:Skip shell extension 'dsv' for command environment
[0.302s] INFO:colcon.colcon_core.task.python.build:Building Python package in '/home/zx/planning_with_ROS2_course/src/data_plot'
[0.302s] INFO:colcon.colcon_core.shell:Skip shell extension 'powershell' for command environment: Not usable outside of PowerShell
[0.302s] DEBUG:colcon.colcon_core.shell:Skip shell extension 'dsv' for command environment
[0.308s] DEBUG:colcon.colcon_core.event_handler.log_command:Invoking command in '/home/zx/planning_with_ROS2_course/build/planning': AMENT_PREFIX_PATH=/home/zx/planning_with_ROS2_course/install/base_msgs:${AMENT_PREFIX_PATH} CMAKE_PREFIX_PATH=/home/zx/planning_with_ROS2_course/install/base_msgs:/opt/ros/humble /usr/bin/cmake --build /home/zx/planning_with_ROS2_course/build/planning -- -j24 -l24
[0.439s] DEBUG:colcon.colcon_core.event_handler.log_command:Invoked command in '/home/zx/planning_with_ROS2_course/build/planning' returned '0': AMENT_PREFIX_PATH=/home/zx/planning_with_ROS2_course/install/base_msgs:${AMENT_PREFIX_PATH} CMAKE_PREFIX_PATH=/home/zx/planning_with_ROS2_course/install/base_msgs:/opt/ros/humble /usr/bin/cmake --build /home/zx/planning_with_ROS2_course/build/planning -- -j24 -l24
[0.441s] DEBUG:colcon.colcon_core.event_handler.log_command:Invoking command in '/home/zx/planning_with_ROS2_course/build/planning': AMENT_PREFIX_PATH=/home/zx/planning_with_ROS2_course/install/base_msgs:${AMENT_PREFIX_PATH} CMAKE_PREFIX_PATH=/home/zx/planning_with_ROS2_course/install/base_msgs:/opt/ros/humble /usr/bin/cmake --install /home/zx/planning_with_ROS2_course/build/planning
[0.464s] Level 1:colcon.colcon_core.environment:create_environment_scripts_only(planning)
[0.464s] Level 1:colcon.colcon_core.environment:checking '/home/zx/planning_with_ROS2_course/install/planning' for CMake module files
[0.464s] DEBUG:colcon.colcon_core.event_handler.log_command:Invoked command in '/home/zx/planning_with_ROS2_course/build/planning' returned '0': AMENT_PREFIX_PATH=/home/zx/planning_with_ROS2_course/install/base_msgs:${AMENT_PREFIX_PATH} CMAKE_PREFIX_PATH=/home/zx/planning_with_ROS2_course/install/base_msgs:/opt/ros/humble /usr/bin/cmake --install /home/zx/planning_with_ROS2_course/build/planning
[0.464s] Level 1:colcon.colcon_core.environment:checking '/home/zx/planning_with_ROS2_course/install/planning' for CMake config files
[0.464s] Level 1:colcon.colcon_core.shell:create_environment_hook('planning', 'cmake_prefix_path')
[0.465s] INFO:colcon.colcon_core.shell:Creating environment hook '/home/zx/planning_with_ROS2_course/install/planning/share/planning/hook/cmake_prefix_path.ps1'
[0.465s] INFO:colcon.colcon_core.shell:Creating environment descriptor '/home/zx/planning_with_ROS2_course/install/planning/share/planning/hook/cmake_prefix_path.dsv'
[0.465s] INFO:colcon.colcon_core.shell:Creating environment hook '/home/zx/planning_with_ROS2_course/install/planning/share/planning/hook/cmake_prefix_path.sh'
[0.465s] Level 1:colcon.colcon_core.environment:checking '/home/zx/planning_with_ROS2_course/install/planning/libpnc_map_creator.a'
[0.465s] Level 1:colcon.colcon_core.environment:checking '/home/zx/planning_with_ROS2_course/install/planning/lib'
[0.465s] Level 1:colcon.colcon_core.shell:create_environment_hook('planning', 'ld_library_path_lib')
[0.466s] INFO:colcon.colcon_core.shell:Creating environment hook '/home/zx/planning_with_ROS2_course/install/planning/share/planning/hook/ld_library_path_lib.ps1'
[0.466s] INFO:colcon.colcon_core.shell:Creating environment descriptor '/home/zx/planning_with_ROS2_course/install/planning/share/planning/hook/ld_library_path_lib.dsv'
[0.466s] INFO:colcon.colcon_core.shell:Creating environment hook '/home/zx/planning_with_ROS2_course/install/planning/share/planning/hook/ld_library_path_lib.sh'
[0.466s] Level 1:colcon.colcon_core.environment:checking '/home/zx/planning_with_ROS2_course/install/planning/bin'
[0.467s] Level 1:colcon.colcon_core.environment:checking '/home/zx/planning_with_ROS2_course/install/planning/lib/pkgconfig/planning.pc'
[0.467s] Level 1:colcon.colcon_core.environment:checking '/home/zx/planning_with_ROS2_course/install/planning/lib/python3.10/site-packages'
[0.467s] Level 1:colcon.colcon_core.environment:checking '/home/zx/planning_with_ROS2_course/install/planning/bin'
[0.467s] INFO:colcon.colcon_core.shell:Creating package script '/home/zx/planning_with_ROS2_course/install/planning/share/planning/package.ps1'
[0.468s] INFO:colcon.colcon_core.shell:Creating package descriptor '/home/zx/planning_with_ROS2_course/install/planning/share/planning/package.dsv'
[0.468s] INFO:colcon.colcon_core.shell:Creating package script '/home/zx/planning_with_ROS2_course/install/planning/share/planning/package.sh'
[0.468s] INFO:colcon.colcon_core.shell:Creating package script '/home/zx/planning_with_ROS2_course/install/planning/share/planning/package.bash'
[0.468s] INFO:colcon.colcon_core.shell:Creating package script '/home/zx/planning_with_ROS2_course/install/planning/share/planning/package.zsh'
[0.468s] Level 1:colcon.colcon_core.environment:create_file_with_runtime_dependencies(/home/zx/planning_with_ROS2_course/install/planning/share/colcon-core/packages/planning)
[0.469s] Level 1:colcon.colcon_core.environment:create_environment_scripts_only(planning)
[0.469s] Level 1:colcon.colcon_core.environment:checking '/home/zx/planning_with_ROS2_course/install/planning' for CMake module files
[0.469s] Level 1:colcon.colcon_core.environment:checking '/home/zx/planning_with_ROS2_course/install/planning' for CMake config files
[0.469s] Level 1:colcon.colcon_core.shell:create_environment_hook('planning', 'cmake_prefix_path')
[0.469s] INFO:colcon.colcon_core.shell:Creating environment hook '/home/zx/planning_with_ROS2_course/install/planning/share/planning/hook/cmake_prefix_path.ps1'
[0.469s] INFO:colcon.colcon_core.shell:Creating environment descriptor '/home/zx/planning_with_ROS2_course/install/planning/share/planning/hook/cmake_prefix_path.dsv'
[0.469s] INFO:colcon.colcon_core.shell:Creating environment hook '/home/zx/planning_with_ROS2_course/install/planning/share/planning/hook/cmake_prefix_path.sh'
[0.470s] Level 1:colcon.colcon_core.environment:checking '/home/zx/planning_with_ROS2_course/install/planning/libpnc_map_creator.a'
[0.470s] Level 1:colcon.colcon_core.environment:checking '/home/zx/planning_with_ROS2_course/install/planning/lib'
[0.470s] Level 1:colcon.colcon_core.shell:create_environment_hook('planning', 'ld_library_path_lib')
[0.470s] INFO:colcon.colcon_core.shell:Creating environment hook '/home/zx/planning_with_ROS2_course/install/planning/share/planning/hook/ld_library_path_lib.ps1'
[0.470s] INFO:colcon.colcon_core.shell:Creating environment descriptor '/home/zx/planning_with_ROS2_course/install/planning/share/planning/hook/ld_library_path_lib.dsv'
[0.470s] INFO:colcon.colcon_core.shell:Creating environment hook '/home/zx/planning_with_ROS2_course/install/planning/share/planning/hook/ld_library_path_lib.sh'
[0.470s] Level 1:colcon.colcon_core.environment:checking '/home/zx/planning_with_ROS2_course/install/planning/bin'
[0.470s] Level 1:colcon.colcon_core.environment:checking '/home/zx/planning_with_ROS2_course/install/planning/lib/pkgconfig/planning.pc'
[0.471s] Level 1:colcon.colcon_core.environment:checking '/home/zx/planning_with_ROS2_course/install/planning/lib/python3.10/site-packages'
[0.471s] Level 1:colcon.colcon_core.environment:checking '/home/zx/planning_with_ROS2_course/install/planning/bin'
[0.471s] INFO:colcon.colcon_core.shell:Creating package script '/home/zx/planning_with_ROS2_course/install/planning/share/planning/package.ps1'
[0.471s] INFO:colcon.colcon_core.shell:Creating package descriptor '/home/zx/planning_with_ROS2_course/install/planning/share/planning/package.dsv'
[0.471s] INFO:colcon.colcon_core.shell:Creating package script '/home/zx/planning_with_ROS2_course/install/planning/share/planning/package.sh'
[0.471s] INFO:colcon.colcon_core.shell:Creating package script '/home/zx/planning_with_ROS2_course/install/planning/share/planning/package.bash'
[0.471s] INFO:colcon.colcon_core.shell:Creating package script '/home/zx/planning_with_ROS2_course/install/planning/share/planning/package.zsh'
[0.472s] Level 1:colcon.colcon_core.environment:create_file_with_runtime_dependencies(/home/zx/planning_with_ROS2_course/install/planning/share/colcon-core/packages/planning)
[0.474s] DEBUG:colcon.colcon_core.event_handler.log_command:Invoking command in '/home/zx/planning_with_ROS2_course/src/data_plot': AMENT_PREFIX_PATH=/home/zx/planning_with_ROS2_course/install/base_msgs:${AMENT_PREFIX_PATH} CMAKE_PREFIX_PATH=/home/zx/planning_with_ROS2_course/install/base_msgs PYTHONPATH=/home/zx/planning_with_ROS2_course/build/data_plot/prefix_override:/usr/lib/python3/dist-packages/colcon_core/task/python/colcon_distutils_commands:/home/zx/planning_with_ROS2_course/install/data_plot/lib/python3.10/site-packages:${PYTHONPATH} /usr/bin/python3 -W ignore:setup.py install is deprecated -W ignore:easy_install command is deprecated setup.py egg_info --egg-base ../../build/data_plot build --build-base /home/zx/planning_with_ROS2_course/build/data_plot/build install --record /home/zx/planning_with_ROS2_course/build/data_plot/install.log --single-version-externally-managed install_data
[0.588s] Level 1:colcon.colcon_core.environment:checking '/home/zx/planning_with_ROS2_course/install/data_plot' for CMake module files
[0.588s] Level 1:colcon.colcon_core.environment:checking '/home/zx/planning_with_ROS2_course/install/data_plot' for CMake config files
[0.589s] DEBUG:colcon.colcon_core.event_handler.log_command:Invoked command in '/home/zx/planning_with_ROS2_course/src/data_plot' returned '0': AMENT_PREFIX_PATH=/home/zx/planning_with_ROS2_course/install/base_msgs:${AMENT_PREFIX_PATH} CMAKE_PREFIX_PATH=/home/zx/planning_with_ROS2_course/install/base_msgs PYTHONPATH=/home/zx/planning_with_ROS2_course/build/data_plot/prefix_override:/usr/lib/python3/dist-packages/colcon_core/task/python/colcon_distutils_commands:/home/zx/planning_with_ROS2_course/install/data_plot/lib/python3.10/site-packages:${PYTHONPATH} /usr/bin/python3 -W ignore:setup.py install is deprecated -W ignore:easy_install command is deprecated setup.py egg_info --egg-base ../../build/data_plot build --build-base /home/zx/planning_with_ROS2_course/build/data_plot/build install --record /home/zx/planning_with_ROS2_course/build/data_plot/install.log --single-version-externally-managed install_data
[0.589s] Level 1:colcon.colcon_core.environment:checking '/home/zx/planning_with_ROS2_course/install/data_plot/lib'
[0.589s] Level 1:colcon.colcon_core.environment:checking '/home/zx/planning_with_ROS2_course/install/data_plot/bin'
[0.589s] Level 1:colcon.colcon_core.environment:checking '/home/zx/planning_with_ROS2_course/install/data_plot/lib/pkgconfig/data_plot.pc'
[0.589s] Level 1:colcon.colcon_core.environment:checking '/home/zx/planning_with_ROS2_course/install/data_plot/lib/python3.10/site-packages'
[0.589s] Level 1:colcon.colcon_core.shell:create_environment_hook('data_plot', 'pythonpath')
[0.589s] INFO:colcon.colcon_core.shell:Creating environment hook '/home/zx/planning_with_ROS2_course/install/data_plot/share/data_plot/hook/pythonpath.ps1'
[0.589s] INFO:colcon.colcon_core.shell:Creating environment descriptor '/home/zx/planning_with_ROS2_course/install/data_plot/share/data_plot/hook/pythonpath.dsv'
[0.589s] INFO:colcon.colcon_core.shell:Creating environment hook '/home/zx/planning_with_ROS2_course/install/data_plot/share/data_plot/hook/pythonpath.sh'
[0.590s] Level 1:colcon.colcon_core.environment:checking '/home/zx/planning_with_ROS2_course/install/data_plot/bin'
[0.590s] Level 1:colcon.colcon_core.environment:create_environment_scripts_only(data_plot)
[0.590s] INFO:colcon.colcon_core.shell:Creating package script '/home/zx/planning_with_ROS2_course/install/data_plot/share/data_plot/package.ps1'
[0.590s] INFO:colcon.colcon_core.shell:Creating package descriptor '/home/zx/planning_with_ROS2_course/install/data_plot/share/data_plot/package.dsv'
[0.590s] INFO:colcon.colcon_core.shell:Creating package script '/home/zx/planning_with_ROS2_course/install/data_plot/share/data_plot/package.sh'
[0.590s] INFO:colcon.colcon_core.shell:Creating package script '/home/zx/planning_with_ROS2_course/install/data_plot/share/data_plot/package.bash'
[0.591s] INFO:colcon.colcon_core.shell:Creating package script '/home/zx/planning_with_ROS2_course/install/data_plot/share/data_plot/package.zsh'
[0.591s] Level 1:colcon.colcon_core.environment:create_file_with_runtime_dependencies(/home/zx/planning_with_ROS2_course/install/data_plot/share/colcon-core/packages/data_plot)
[0.591s] DEBUG:colcon.colcon_parallel_executor.executor.parallel:closing loop
[0.591s] DEBUG:colcon.colcon_parallel_executor.executor.parallel:loop closed
[0.591s] DEBUG:colcon.colcon_parallel_executor.executor.parallel:run_until_complete finished with '0'
[0.591s] DEBUG:colcon.colcon_core.event_reactor:joining thread
[0.595s] INFO:colcon.colcon_core.plugin_system:Skipping extension 'colcon_notification.desktop_notification.terminal_notifier': Not used on non-Darwin systems
[0.595s] INFO:colcon.colcon_core.plugin_system:Skipping extension 'colcon_notification.desktop_notification.win32': Not used on non-Windows systems
[0.595s] INFO:colcon.colcon_notification.desktop_notification:Sending desktop notification using 'notify2'
[0.603s] DEBUG:colcon.colcon_core.event_reactor:joined thread
[0.603s] INFO:colcon.colcon_core.shell:Creating prefix script '/home/zx/planning_with_ROS2_course/install/local_setup.ps1'
[0.604s] INFO:colcon.colcon_core.shell:Creating prefix util module '/home/zx/planning_with_ROS2_course/install/_local_setup_util_ps1.py'
[0.604s] INFO:colcon.colcon_core.shell:Creating prefix chain script '/home/zx/planning_with_ROS2_course/install/setup.ps1'
[0.605s] INFO:colcon.colcon_core.shell:Creating prefix script '/home/zx/planning_with_ROS2_course/install/local_setup.sh'
[0.605s] INFO:colcon.colcon_core.shell:Creating prefix util module '/home/zx/planning_with_ROS2_course/install/_local_setup_util_sh.py'
[0.605s] INFO:colcon.colcon_core.shell:Creating prefix chain script '/home/zx/planning_with_ROS2_course/install/setup.sh'
[0.605s] INFO:colcon.colcon_core.shell:Creating prefix script '/home/zx/planning_with_ROS2_course/install/local_setup.bash'
[0.606s] INFO:colcon.colcon_core.shell:Creating prefix chain script '/home/zx/planning_with_ROS2_course/install/setup.bash'
[0.606s] INFO:colcon.colcon_core.shell:Creating prefix script '/home/zx/planning_with_ROS2_course/install/local_setup.zsh'
[0.606s] INFO:colcon.colcon_core.shell:Creating prefix chain script '/home/zx/planning_with_ROS2_course/install/setup.zsh'
