[0.233s] Invoking command in '/home/zhangxin/planning_with_ROS2_course/build/planning': CMAKE_PREFIX_PATH=/home/zhangxin/planning_with_ROS2_course/install/base_msgs:/home/zhangxin/planning_with_ROS2_course/install/planning:/home/zhangxin/planning_with_ROS2_course/install/data_plot:/opt/ros/humble /usr/local/bin/cmake --build /home/zhangxin/planning_with_ROS2_course/build/planning -- -j16 -l16
[0.249s] -- Found ament_cmake: 1.3.12 (/opt/ros/humble/share/ament_cmake/cmake)
[0.438s] -- Found rclcpp: 16.0.14 (/opt/ros/humble/share/rclcpp/cmake)
[0.473s] -- Found rosidl_generator_c: 3.1.7 (/opt/ros/humble/share/rosidl_generator_c/cmake)
[0.476s] -- Found rosidl_adapter: 3.1.7 (/opt/ros/humble/share/rosidl_adapter/cmake)
[0.484s] -- Found rosidl_generator_cpp: 3.1.7 (/opt/ros/humble/share/rosidl_generator_cpp/cmake)
[0.498s] -- Using all available rosidl_typesupport_c: rosidl_typesupport_fastrtps_c;rosidl_typesupport_introspection_c
[0.516s] -- Using all available rosidl_typesupport_cpp: rosidl_typesupport_fastrtps_cpp;rosidl_typesupport_introspection_cpp
[0.562s] -- Found rmw_implementation_cmake: 6.1.2 (/opt/ros/humble/share/rmw_implementation_cmake/cmake)
[0.565s] -- Found rmw_fastrtps_cpp: 6.2.8 (/opt/ros/humble/share/rmw_fastrtps_cpp/cmake)
[0.679s] -- Using RMW implementation 'rmw_fastrtps_cpp' as default
[0.741s] -- Found tf2: 0.25.16 (/opt/ros/humble/share/tf2/cmake)
[0.762s] -- Found tf2_ros: 0.25.16 (/opt/ros/humble/share/tf2_ros/cmake)
[0.867s] -- Found nav_msgs: 4.9.0 (/opt/ros/humble/share/nav_msgs/cmake)
[0.889s] -- Found visualization_msgs: 4.9.0 (/opt/ros/humble/share/visualization_msgs/cmake)
[0.939s] -- Found base_msgs: 0.0.0 (/home/zhangxin/planning_with_ROS2_course/install/base_msgs/share/base_msgs/cmake)
[0.946s] [31mCMake Error at src/common/CMakeLists.txt:48 (target_link_directories):
[0.946s]   Cannot specify link directories for target "$(config_target)" which is not
[0.946s]   built by this project.
[0.946s] 
[0.946s] [0m
[0.946s] [31mCMake Error at src/common/CMakeLists.txt:51 (target_link_directories):
[0.946s]   Cannot specify link directories for target "$(math_target)" which is not
[0.946s]   built by this project.
[0.946s] 
[0.946s] [0m
[1.019s] -- Configuring incomplete, errors occurred!
[1.031s] gmake: *** [Makefile:240：cmake_check_build_system] 错误 1
[1.033s] Invoked command in '/home/zhangxin/planning_with_ROS2_course/build/planning' returned '2': CMAKE_PREFIX_PATH=/home/zhangxin/planning_with_ROS2_course/install/base_msgs:/home/zhangxin/planning_with_ROS2_course/install/planning:/home/zhangxin/planning_with_ROS2_course/install/data_plot:/opt/ros/humble /usr/local/bin/cmake --build /home/zhangxin/planning_with_ROS2_course/build/planning -- -j16 -l16
