[0.022s] Invoking command in '/home/zhangxin/planning_with_ROS2_course/build/base_msgs': CMAKE_PREFIX_PATH=${CMAKE_PREFIX_PATH}:/home/zhangxin/planning_with_ROS2_course/install/data_plot:/opt/ros/humble /usr/local/bin/cmake --build /home/zhangxin/planning_with_ROS2_course/build/base_msgs -- -j16 -l16
[0.248s] -- The C compiler identification is GNU 11.4.0
[0.248s] -- The CXX compiler identification is GNU 11.4.0
[0.248s] -- Detecting C compiler ABI info
[0.261s] -- Detecting C compiler ABI info - done
[0.277s] -- Check for working C compiler: /usr/bin/cc - skipped
[0.277s] -- Detecting C compile features
[0.278s] -- Detecting C compile features - done
[0.281s] -- Detecting CXX compiler ABI info
[0.370s] -- Detecting CXX compiler ABI info - done
[0.389s] -- Check for working CXX compiler: /usr/bin/c++ - skipped
[0.390s] -- Detecting CXX compile features
[0.390s] -- Detecting CXX compile features - done
[0.391s] [31mCMake Error at CMakeLists.txt:18 (if):
[0.391s]   if given arguments:
[0.391s] 
[0.391s]     "POLCY" "CMP0148"
[0.392s] 
[0.392s]   Unknown arguments specified
[0.392s] 
[0.392s] [0m
[0.392s] -- Configuring incomplete, errors occurred!
[0.396s] gmake: *** [Makefile:226：cmake_check_build_system] 错误 1
[0.399s] Invoked command in '/home/zhangxin/planning_with_ROS2_course/build/base_msgs' returned '2': CMAKE_PREFIX_PATH=${CMAKE_PREFIX_PATH}:/home/zhangxin/planning_with_ROS2_course/install/data_plot:/opt/ros/humble /usr/local/bin/cmake --build /home/zhangxin/planning_with_ROS2_course/build/base_msgs -- -j16 -l16
