[0.130s] DEBUG:colcon:Command line arguments: ['/usr/bin/colcon', 'build']
[0.130s] DEBUG:colcon:Parsed command line arguments: Namespace(log_base=None, log_level=None, verb_name='build', build_base='build', install_base='install', merge_install=False, symlink_install=False, test_result_base=None, continue_on_error=False, executor='parallel', parallel_workers=16, event_handlers=None, ignore_user_meta=False, metas=['./colcon.meta'], base_paths=['.'], packages_ignore=None, packages_ignore_regex=None, paths=None, packages_up_to=None, packages_up_to_regex=None, packages_above=None, packages_above_and_dependencies=None, packages_above_depth=None, packages_select_by_dep=None, packages_skip_by_dep=None, packages_skip_up_to=None, packages_select_build_failed=False, packages_skip_build_finished=False, packages_select_test_failures=False, packages_skip_test_passed=False, packages_select=None, packages_skip=None, packages_select_regex=None, packages_skip_regex=None, packages_start=None, packages_end=None, allow_overriding=[], cmake_args=None, cmake_target=None, cmake_target_skip_unavailable=False, cmake_clean_cache=False, cmake_clean_first=False, cmake_force_configure=False, ament_cmake_args=None, catkin_cmake_args=None, catkin_skip_building_tests=False, verb_parser=<colcon_defaults.argument_parser.defaults.DefaultArgumentsDecorator object at 0x7eff18560280>, verb_extension=<colcon_core.verb.build.BuildVerb object at 0x7eff1851fc40>, main=<bound method BuildVerb.main of <colcon_core.verb.build.BuildVerb object at 0x7eff1851fc40>>)
[0.309s] Level 1:colcon.colcon_core.package_discovery:discover_packages(colcon_meta) check parameters
[0.309s] Level 1:colcon.colcon_core.package_discovery:discover_packages(recursive) check parameters
[0.309s] Level 1:colcon.colcon_core.package_discovery:discover_packages(ignore) check parameters
[0.309s] Level 1:colcon.colcon_core.package_discovery:discover_packages(path) check parameters
[0.309s] Level 1:colcon.colcon_core.package_discovery:discover_packages(colcon_meta) discover
[0.309s] Level 1:colcon.colcon_core.package_discovery:discover_packages(recursive) discover
[0.309s] INFO:colcon.colcon_core.package_discovery:Crawling recursively for packages in '/home/zhangxin/planning_with_ROS2_course'
[0.309s] Level 1:colcon.colcon_core.package_identification:_identify(.) by extensions ['ignore', 'ignore_ament_install']
[0.309s] Level 1:colcon.colcon_core.package_identification:_identify(.) by extension 'ignore'
[0.309s] Level 1:colcon.colcon_core.package_identification:_identify(.) by extension 'ignore_ament_install'
[0.309s] Level 1:colcon.colcon_core.package_identification:_identify(.) by extensions ['colcon_pkg']
[0.309s] Level 1:colcon.colcon_core.package_identification:_identify(.) by extension 'colcon_pkg'
[0.309s] Level 1:colcon.colcon_core.package_identification:_identify(.) by extensions ['colcon_meta']
[0.309s] Level 1:colcon.colcon_core.package_identification:_identify(.) by extension 'colcon_meta'
[0.309s] Level 1:colcon.colcon_core.package_identification:_identify(.) by extensions ['ros']
[0.310s] Level 1:colcon.colcon_core.package_identification:_identify(.) by extension 'ros'
[0.347s] Level 1:colcon.colcon_core.package_identification:_identify(.) by extensions ['cmake', 'python']
[0.347s] Level 1:colcon.colcon_core.package_identification:_identify(.) by extension 'cmake'
[0.347s] Level 1:colcon.colcon_core.package_identification:_identify(.) by extension 'python'
[0.347s] Level 1:colcon.colcon_core.package_identification:_identify(.) by extensions ['python_setup_py']
[0.347s] Level 1:colcon.colcon_core.package_identification:_identify(.) by extension 'python_setup_py'
[0.347s] Level 1:colcon.colcon_core.package_identification:_identify(build) by extensions ['ignore', 'ignore_ament_install']
[0.347s] Level 1:colcon.colcon_core.package_identification:_identify(build) by extension 'ignore'
[0.347s] Level 1:colcon.colcon_core.package_identification:_identify(build) ignored
[0.347s] Level 1:colcon.colcon_core.package_identification:_identify(doc) by extensions ['ignore', 'ignore_ament_install']
[0.347s] Level 1:colcon.colcon_core.package_identification:_identify(doc) by extension 'ignore'
[0.348s] Level 1:colcon.colcon_core.package_identification:_identify(doc) by extension 'ignore_ament_install'
[0.348s] Level 1:colcon.colcon_core.package_identification:_identify(doc) by extensions ['colcon_pkg']
[0.348s] Level 1:colcon.colcon_core.package_identification:_identify(doc) by extension 'colcon_pkg'
[0.348s] Level 1:colcon.colcon_core.package_identification:_identify(doc) by extensions ['colcon_meta']
[0.348s] Level 1:colcon.colcon_core.package_identification:_identify(doc) by extension 'colcon_meta'
[0.348s] Level 1:colcon.colcon_core.package_identification:_identify(doc) by extensions ['ros']
[0.348s] Level 1:colcon.colcon_core.package_identification:_identify(doc) by extension 'ros'
[0.348s] Level 1:colcon.colcon_core.package_identification:_identify(doc) by extensions ['cmake', 'python']
[0.348s] Level 1:colcon.colcon_core.package_identification:_identify(doc) by extension 'cmake'
[0.348s] Level 1:colcon.colcon_core.package_identification:_identify(doc) by extension 'python'
[0.348s] Level 1:colcon.colcon_core.package_identification:_identify(doc) by extensions ['python_setup_py']
[0.348s] Level 1:colcon.colcon_core.package_identification:_identify(doc) by extension 'python_setup_py'
[0.348s] Level 1:colcon.colcon_core.package_identification:_identify(install) by extensions ['ignore', 'ignore_ament_install']
[0.348s] Level 1:colcon.colcon_core.package_identification:_identify(install) by extension 'ignore'
[0.348s] Level 1:colcon.colcon_core.package_identification:_identify(install) ignored
[0.348s] Level 1:colcon.colcon_core.package_identification:_identify(log) by extensions ['ignore', 'ignore_ament_install']
[0.348s] Level 1:colcon.colcon_core.package_identification:_identify(log) by extension 'ignore'
[0.348s] Level 1:colcon.colcon_core.package_identification:_identify(log) ignored
[0.349s] Level 1:colcon.colcon_core.package_identification:_identify(src) by extensions ['ignore', 'ignore_ament_install']
[0.349s] Level 1:colcon.colcon_core.package_identification:_identify(src) by extension 'ignore'
[0.349s] Level 1:colcon.colcon_core.package_identification:_identify(src) by extension 'ignore_ament_install'
[0.349s] Level 1:colcon.colcon_core.package_identification:_identify(src) by extensions ['colcon_pkg']
[0.349s] Level 1:colcon.colcon_core.package_identification:_identify(src) by extension 'colcon_pkg'
[0.349s] Level 1:colcon.colcon_core.package_identification:_identify(src) by extensions ['colcon_meta']
[0.349s] Level 1:colcon.colcon_core.package_identification:_identify(src) by extension 'colcon_meta'
[0.349s] Level 1:colcon.colcon_core.package_identification:_identify(src) by extensions ['ros']
[0.349s] Level 1:colcon.colcon_core.package_identification:_identify(src) by extension 'ros'
[0.349s] Level 1:colcon.colcon_core.package_identification:_identify(src) by extensions ['cmake', 'python']
[0.349s] Level 1:colcon.colcon_core.package_identification:_identify(src) by extension 'cmake'
[0.349s] Level 1:colcon.colcon_core.package_identification:_identify(src) by extension 'python'
[0.349s] Level 1:colcon.colcon_core.package_identification:_identify(src) by extensions ['python_setup_py']
[0.349s] Level 1:colcon.colcon_core.package_identification:_identify(src) by extension 'python_setup_py'
[0.349s] Level 1:colcon.colcon_core.package_identification:_identify(src/base_msgs) by extensions ['ignore', 'ignore_ament_install']
[0.349s] Level 1:colcon.colcon_core.package_identification:_identify(src/base_msgs) by extension 'ignore'
[0.349s] Level 1:colcon.colcon_core.package_identification:_identify(src/base_msgs) by extension 'ignore_ament_install'
[0.349s] Level 1:colcon.colcon_core.package_identification:_identify(src/base_msgs) by extensions ['colcon_pkg']
[0.349s] Level 1:colcon.colcon_core.package_identification:_identify(src/base_msgs) by extension 'colcon_pkg'
[0.349s] Level 1:colcon.colcon_core.package_identification:_identify(src/base_msgs) by extensions ['colcon_meta']
[0.349s] Level 1:colcon.colcon_core.package_identification:_identify(src/base_msgs) by extension 'colcon_meta'
[0.349s] Level 1:colcon.colcon_core.package_identification:_identify(src/base_msgs) by extensions ['ros']
[0.349s] Level 1:colcon.colcon_core.package_identification:_identify(src/base_msgs) by extension 'ros'
[0.352s] DEBUG:colcon.colcon_core.package_identification:Package 'src/base_msgs' with type 'ros.ament_cmake' and name 'base_msgs'
[0.352s] Level 1:colcon.colcon_core.package_identification:_identify(src/build) by extensions ['ignore', 'ignore_ament_install']
[0.352s] Level 1:colcon.colcon_core.package_identification:_identify(src/build) by extension 'ignore'
[0.353s] Level 1:colcon.colcon_core.package_identification:_identify(src/build) ignored
[0.353s] Level 1:colcon.colcon_core.package_identification:_identify(src/data_plot) by extensions ['ignore', 'ignore_ament_install']
[0.353s] Level 1:colcon.colcon_core.package_identification:_identify(src/data_plot) by extension 'ignore'
[0.353s] Level 1:colcon.colcon_core.package_identification:_identify(src/data_plot) by extension 'ignore_ament_install'
[0.353s] Level 1:colcon.colcon_core.package_identification:_identify(src/data_plot) by extensions ['colcon_pkg']
[0.353s] Level 1:colcon.colcon_core.package_identification:_identify(src/data_plot) by extension 'colcon_pkg'
[0.353s] Level 1:colcon.colcon_core.package_identification:_identify(src/data_plot) by extensions ['colcon_meta']
[0.353s] Level 1:colcon.colcon_core.package_identification:_identify(src/data_plot) by extension 'colcon_meta'
[0.353s] Level 1:colcon.colcon_core.package_identification:_identify(src/data_plot) by extensions ['ros']
[0.353s] Level 1:colcon.colcon_core.package_identification:_identify(src/data_plot) by extension 'ros'
[0.353s] DEBUG:colcon.colcon_core.package_identification:Package 'src/data_plot' with type 'ros.ament_python' and name 'data_plot'
[0.354s] Level 1:colcon.colcon_core.package_identification:_identify(src/log) by extensions ['ignore', 'ignore_ament_install']
[0.354s] Level 1:colcon.colcon_core.package_identification:_identify(src/log) by extension 'ignore'
[0.354s] Level 1:colcon.colcon_core.package_identification:_identify(src/log) ignored
[0.354s] Level 1:colcon.colcon_core.package_identification:_identify(src/planning) by extensions ['ignore', 'ignore_ament_install']
[0.354s] Level 1:colcon.colcon_core.package_identification:_identify(src/planning) by extension 'ignore'
[0.354s] Level 1:colcon.colcon_core.package_identification:_identify(src/planning) by extension 'ignore_ament_install'
[0.354s] Level 1:colcon.colcon_core.package_identification:_identify(src/planning) by extensions ['colcon_pkg']
[0.354s] Level 1:colcon.colcon_core.package_identification:_identify(src/planning) by extension 'colcon_pkg'
[0.354s] Level 1:colcon.colcon_core.package_identification:_identify(src/planning) by extensions ['colcon_meta']
[0.354s] Level 1:colcon.colcon_core.package_identification:_identify(src/planning) by extension 'colcon_meta'
[0.354s] Level 1:colcon.colcon_core.package_identification:_identify(src/planning) by extensions ['ros']
[0.354s] Level 1:colcon.colcon_core.package_identification:_identify(src/planning) by extension 'ros'
[0.355s] DEBUG:colcon.colcon_core.package_identification:Package 'src/planning' with type 'ros.ament_cmake' and name 'planning'
[0.355s] Level 1:colcon.colcon_core.package_discovery:discover_packages(recursive) using defaults
[0.355s] Level 1:colcon.colcon_core.package_discovery:discover_packages(ignore) discover
[0.355s] Level 1:colcon.colcon_core.package_discovery:discover_packages(ignore) using defaults
[0.355s] Level 1:colcon.colcon_core.package_discovery:discover_packages(path) discover
[0.355s] Level 1:colcon.colcon_core.package_discovery:discover_packages(path) using defaults
[0.377s] Level 1:colcon.colcon_core.package_discovery:discover_packages(prefix_path) check parameters
[0.377s] Level 1:colcon.colcon_core.package_discovery:discover_packages(prefix_path) discover
[0.379s] DEBUG:colcon.colcon_installed_package_information.package_discovery:Found 3 installed packages in /home/zhangxin/planning_with_ROS2_course/install
[0.380s] DEBUG:colcon.colcon_installed_package_information.package_discovery:Found 275 installed packages in /opt/ros/humble
[0.383s] Level 1:colcon.colcon_core.package_discovery:discover_packages(prefix_path) using defaults
[0.414s] Level 5:colcon.colcon_core.verb:set package 'base_msgs' build argument 'cmake_args' from command line to 'None'
[0.415s] Level 5:colcon.colcon_core.verb:set package 'base_msgs' build argument 'cmake_target' from command line to 'None'
[0.415s] Level 5:colcon.colcon_core.verb:set package 'base_msgs' build argument 'cmake_target_skip_unavailable' from command line to 'False'
[0.415s] Level 5:colcon.colcon_core.verb:set package 'base_msgs' build argument 'cmake_clean_cache' from command line to 'False'
[0.415s] Level 5:colcon.colcon_core.verb:set package 'base_msgs' build argument 'cmake_clean_first' from command line to 'False'
[0.415s] Level 5:colcon.colcon_core.verb:set package 'base_msgs' build argument 'cmake_force_configure' from command line to 'False'
[0.415s] Level 5:colcon.colcon_core.verb:set package 'base_msgs' build argument 'ament_cmake_args' from command line to 'None'
[0.415s] Level 5:colcon.colcon_core.verb:set package 'base_msgs' build argument 'catkin_cmake_args' from command line to 'None'
[0.415s] Level 5:colcon.colcon_core.verb:set package 'base_msgs' build argument 'catkin_skip_building_tests' from command line to 'False'
[0.415s] DEBUG:colcon.colcon_core.verb:Building package 'base_msgs' with the following arguments: {'ament_cmake_args': None, 'build_base': '/home/zhangxin/planning_with_ROS2_course/build/base_msgs', 'catkin_cmake_args': None, 'catkin_skip_building_tests': False, 'cmake_args': None, 'cmake_clean_cache': False, 'cmake_clean_first': False, 'cmake_force_configure': False, 'cmake_target': None, 'cmake_target_skip_unavailable': False, 'install_base': '/home/zhangxin/planning_with_ROS2_course/install/base_msgs', 'merge_install': False, 'path': '/home/zhangxin/planning_with_ROS2_course/src/base_msgs', 'symlink_install': False, 'test_result_base': None}
[0.415s] Level 5:colcon.colcon_core.verb:set package 'data_plot' build argument 'cmake_args' from command line to 'None'
[0.415s] Level 5:colcon.colcon_core.verb:set package 'data_plot' build argument 'cmake_target' from command line to 'None'
[0.415s] Level 5:colcon.colcon_core.verb:set package 'data_plot' build argument 'cmake_target_skip_unavailable' from command line to 'False'
[0.415s] Level 5:colcon.colcon_core.verb:set package 'data_plot' build argument 'cmake_clean_cache' from command line to 'False'
[0.415s] Level 5:colcon.colcon_core.verb:set package 'data_plot' build argument 'cmake_clean_first' from command line to 'False'
[0.415s] Level 5:colcon.colcon_core.verb:set package 'data_plot' build argument 'cmake_force_configure' from command line to 'False'
[0.415s] Level 5:colcon.colcon_core.verb:set package 'data_plot' build argument 'ament_cmake_args' from command line to 'None'
[0.415s] Level 5:colcon.colcon_core.verb:set package 'data_plot' build argument 'catkin_cmake_args' from command line to 'None'
[0.415s] Level 5:colcon.colcon_core.verb:set package 'data_plot' build argument 'catkin_skip_building_tests' from command line to 'False'
[0.415s] DEBUG:colcon.colcon_core.verb:Building package 'data_plot' with the following arguments: {'ament_cmake_args': None, 'build_base': '/home/zhangxin/planning_with_ROS2_course/build/data_plot', 'catkin_cmake_args': None, 'catkin_skip_building_tests': False, 'cmake_args': None, 'cmake_clean_cache': False, 'cmake_clean_first': False, 'cmake_force_configure': False, 'cmake_target': None, 'cmake_target_skip_unavailable': False, 'install_base': '/home/zhangxin/planning_with_ROS2_course/install/data_plot', 'merge_install': False, 'path': '/home/zhangxin/planning_with_ROS2_course/src/data_plot', 'symlink_install': False, 'test_result_base': None}
[0.415s] Level 5:colcon.colcon_core.verb:set package 'planning' build argument 'cmake_args' from command line to 'None'
[0.415s] Level 5:colcon.colcon_core.verb:set package 'planning' build argument 'cmake_target' from command line to 'None'
[0.415s] Level 5:colcon.colcon_core.verb:set package 'planning' build argument 'cmake_target_skip_unavailable' from command line to 'False'
[0.416s] Level 5:colcon.colcon_core.verb:set package 'planning' build argument 'cmake_clean_cache' from command line to 'False'
[0.416s] Level 5:colcon.colcon_core.verb:set package 'planning' build argument 'cmake_clean_first' from command line to 'False'
[0.416s] Level 5:colcon.colcon_core.verb:set package 'planning' build argument 'cmake_force_configure' from command line to 'False'
[0.416s] Level 5:colcon.colcon_core.verb:set package 'planning' build argument 'ament_cmake_args' from command line to 'None'
[0.416s] Level 5:colcon.colcon_core.verb:set package 'planning' build argument 'catkin_cmake_args' from command line to 'None'
[0.416s] Level 5:colcon.colcon_core.verb:set package 'planning' build argument 'catkin_skip_building_tests' from command line to 'False'
[0.416s] DEBUG:colcon.colcon_core.verb:Building package 'planning' with the following arguments: {'ament_cmake_args': None, 'build_base': '/home/zhangxin/planning_with_ROS2_course/build/planning', 'catkin_cmake_args': None, 'catkin_skip_building_tests': False, 'cmake_args': None, 'cmake_clean_cache': False, 'cmake_clean_first': False, 'cmake_force_configure': False, 'cmake_target': None, 'cmake_target_skip_unavailable': False, 'install_base': '/home/zhangxin/planning_with_ROS2_course/install/planning', 'merge_install': False, 'path': '/home/zhangxin/planning_with_ROS2_course/src/planning', 'symlink_install': False, 'test_result_base': None}
[0.416s] INFO:colcon.colcon_core.executor:Executing jobs using 'parallel' executor
[0.417s] DEBUG:colcon.colcon_parallel_executor.executor.parallel:run_until_complete
[0.417s] INFO:colcon.colcon_ros.task.ament_cmake.build:Building ROS package in '/home/zhangxin/planning_with_ROS2_course/src/base_msgs' with build type 'ament_cmake'
[0.417s] INFO:colcon.colcon_cmake.task.cmake.build:Building CMake package in '/home/zhangxin/planning_with_ROS2_course/src/base_msgs'
[0.420s] INFO:colcon.colcon_core.plugin_system:Skipping extension 'colcon_core.shell.bat': Not used on non-Windows systems
[0.420s] INFO:colcon.colcon_core.shell:Skip shell extension 'powershell' for command environment: Not usable outside of PowerShell
[0.420s] DEBUG:colcon.colcon_core.shell:Skip shell extension 'dsv' for command environment
[0.433s] DEBUG:colcon.colcon_core.event_handler.log_command:Invoking command in '/home/zhangxin/planning_with_ROS2_course/build/base_msgs': CMAKE_PREFIX_PATH=${CMAKE_PREFIX_PATH}:/home/zhangxin/planning_with_ROS2_course/install/data_plot:/opt/ros/humble /usr/local/bin/cmake --build /home/zhangxin/planning_with_ROS2_course/build/base_msgs -- -j16 -l16
[0.463s] DEBUG:colcon.colcon_core.event_handler.log_command:Invoked command in '/home/zhangxin/planning_with_ROS2_course/build/base_msgs' returned '0': CMAKE_PREFIX_PATH=${CMAKE_PREFIX_PATH}:/home/zhangxin/planning_with_ROS2_course/install/data_plot:/opt/ros/humble /usr/local/bin/cmake --build /home/zhangxin/planning_with_ROS2_course/build/base_msgs -- -j16 -l16
[0.468s] DEBUG:colcon.colcon_core.event_handler.log_command:Invoking command in '/home/zhangxin/planning_with_ROS2_course/build/base_msgs': CMAKE_PREFIX_PATH=${CMAKE_PREFIX_PATH}:/home/zhangxin/planning_with_ROS2_course/install/data_plot:/opt/ros/humble /usr/local/bin/cmake --install /home/zhangxin/planning_with_ROS2_course/build/base_msgs
[0.473s] Level 1:colcon.colcon_core.environment:create_environment_scripts_only(base_msgs)
[0.474s] DEBUG:colcon.colcon_core.event_handler.log_command:Invoked command in '/home/zhangxin/planning_with_ROS2_course/build/base_msgs' returned '0': CMAKE_PREFIX_PATH=${CMAKE_PREFIX_PATH}:/home/zhangxin/planning_with_ROS2_course/install/data_plot:/opt/ros/humble /usr/local/bin/cmake --install /home/zhangxin/planning_with_ROS2_course/build/base_msgs
[0.478s] Level 1:colcon.colcon_core.environment:checking '/home/zhangxin/planning_with_ROS2_course/install/base_msgs' for CMake module files
[0.479s] Level 1:colcon.colcon_core.environment:checking '/home/zhangxin/planning_with_ROS2_course/install/base_msgs' for CMake config files
[0.479s] Level 1:colcon.colcon_core.shell:create_environment_hook('base_msgs', 'cmake_prefix_path')
[0.479s] INFO:colcon.colcon_core.shell:Creating environment hook '/home/zhangxin/planning_with_ROS2_course/install/base_msgs/share/base_msgs/hook/cmake_prefix_path.ps1'
[0.480s] INFO:colcon.colcon_core.shell:Creating environment descriptor '/home/zhangxin/planning_with_ROS2_course/install/base_msgs/share/base_msgs/hook/cmake_prefix_path.dsv'
[0.480s] INFO:colcon.colcon_core.shell:Creating environment hook '/home/zhangxin/planning_with_ROS2_course/install/base_msgs/share/base_msgs/hook/cmake_prefix_path.sh'
[0.481s] Level 1:colcon.colcon_core.environment:checking '/home/zhangxin/planning_with_ROS2_course/install/base_msgs/bin'
[0.481s] Level 1:colcon.colcon_core.environment:checking '/home/zhangxin/planning_with_ROS2_course/install/base_msgs/lib/pkgconfig/base_msgs.pc'
[0.481s] Level 1:colcon.colcon_core.environment:checking '/home/zhangxin/planning_with_ROS2_course/install/base_msgs/lib/python3.10/site-packages'
[0.482s] Level 1:colcon.colcon_core.environment:checking '/home/zhangxin/planning_with_ROS2_course/install/base_msgs/bin'
[0.482s] INFO:colcon.colcon_core.shell:Creating package script '/home/zhangxin/planning_with_ROS2_course/install/base_msgs/share/base_msgs/package.ps1'
[0.483s] INFO:colcon.colcon_core.shell:Creating package descriptor '/home/zhangxin/planning_with_ROS2_course/install/base_msgs/share/base_msgs/package.dsv'
[0.483s] INFO:colcon.colcon_core.shell:Creating package script '/home/zhangxin/planning_with_ROS2_course/install/base_msgs/share/base_msgs/package.sh'
[0.484s] INFO:colcon.colcon_core.shell:Creating package script '/home/zhangxin/planning_with_ROS2_course/install/base_msgs/share/base_msgs/package.bash'
[0.485s] INFO:colcon.colcon_core.shell:Creating package script '/home/zhangxin/planning_with_ROS2_course/install/base_msgs/share/base_msgs/package.zsh'
[0.485s] Level 1:colcon.colcon_core.environment:create_file_with_runtime_dependencies(/home/zhangxin/planning_with_ROS2_course/install/base_msgs/share/colcon-core/packages/base_msgs)
[0.486s] Level 1:colcon.colcon_core.environment:create_environment_scripts_only(base_msgs)
[0.486s] Level 1:colcon.colcon_core.environment:checking '/home/zhangxin/planning_with_ROS2_course/install/base_msgs' for CMake module files
[0.486s] Level 1:colcon.colcon_core.environment:checking '/home/zhangxin/planning_with_ROS2_course/install/base_msgs' for CMake config files
[0.486s] Level 1:colcon.colcon_core.shell:create_environment_hook('base_msgs', 'cmake_prefix_path')
[0.486s] INFO:colcon.colcon_core.shell:Creating environment hook '/home/zhangxin/planning_with_ROS2_course/install/base_msgs/share/base_msgs/hook/cmake_prefix_path.ps1'
[0.487s] INFO:colcon.colcon_core.shell:Creating environment descriptor '/home/zhangxin/planning_with_ROS2_course/install/base_msgs/share/base_msgs/hook/cmake_prefix_path.dsv'
[0.487s] INFO:colcon.colcon_core.shell:Creating environment hook '/home/zhangxin/planning_with_ROS2_course/install/base_msgs/share/base_msgs/hook/cmake_prefix_path.sh'
[0.487s] Level 1:colcon.colcon_core.environment:checking '/home/zhangxin/planning_with_ROS2_course/install/base_msgs/bin'
[0.487s] Level 1:colcon.colcon_core.environment:checking '/home/zhangxin/planning_with_ROS2_course/install/base_msgs/lib/pkgconfig/base_msgs.pc'
[0.488s] Level 1:colcon.colcon_core.environment:checking '/home/zhangxin/planning_with_ROS2_course/install/base_msgs/lib/python3.10/site-packages'
[0.488s] Level 1:colcon.colcon_core.environment:checking '/home/zhangxin/planning_with_ROS2_course/install/base_msgs/bin'
[0.488s] INFO:colcon.colcon_core.shell:Creating package script '/home/zhangxin/planning_with_ROS2_course/install/base_msgs/share/base_msgs/package.ps1'
[0.488s] INFO:colcon.colcon_core.shell:Creating package descriptor '/home/zhangxin/planning_with_ROS2_course/install/base_msgs/share/base_msgs/package.dsv'
[0.489s] INFO:colcon.colcon_core.shell:Creating package script '/home/zhangxin/planning_with_ROS2_course/install/base_msgs/share/base_msgs/package.sh'
[0.489s] INFO:colcon.colcon_core.shell:Creating package script '/home/zhangxin/planning_with_ROS2_course/install/base_msgs/share/base_msgs/package.bash'
[0.489s] INFO:colcon.colcon_core.shell:Creating package script '/home/zhangxin/planning_with_ROS2_course/install/base_msgs/share/base_msgs/package.zsh'
[0.490s] Level 1:colcon.colcon_core.environment:create_file_with_runtime_dependencies(/home/zhangxin/planning_with_ROS2_course/install/base_msgs/share/colcon-core/packages/base_msgs)
[0.490s] INFO:colcon.colcon_ros.task.ament_python.build:Building ROS package in '/home/zhangxin/planning_with_ROS2_course/src/data_plot' with build type 'ament_python'
[0.490s] Level 1:colcon.colcon_core.shell:create_environment_hook('data_plot', 'ament_prefix_path')
[0.490s] INFO:colcon.colcon_core.shell:Creating environment hook '/home/zhangxin/planning_with_ROS2_course/install/data_plot/share/data_plot/hook/ament_prefix_path.ps1'
[0.491s] INFO:colcon.colcon_core.shell:Creating environment descriptor '/home/zhangxin/planning_with_ROS2_course/install/data_plot/share/data_plot/hook/ament_prefix_path.dsv'
[0.492s] INFO:colcon.colcon_core.shell:Creating environment hook '/home/zhangxin/planning_with_ROS2_course/install/data_plot/share/data_plot/hook/ament_prefix_path.sh'
[0.492s] INFO:colcon.colcon_core.shell:Skip shell extension 'powershell' for command environment: Not usable outside of PowerShell
[0.492s] DEBUG:colcon.colcon_core.shell:Skip shell extension 'dsv' for command environment
[0.496s] INFO:colcon.colcon_ros.task.ament_cmake.build:Building ROS package in '/home/zhangxin/planning_with_ROS2_course/src/planning' with build type 'ament_cmake'
[0.496s] INFO:colcon.colcon_cmake.task.cmake.build:Building CMake package in '/home/zhangxin/planning_with_ROS2_course/src/planning'
[0.496s] INFO:colcon.colcon_core.shell:Skip shell extension 'powershell' for command environment: Not usable outside of PowerShell
[0.496s] DEBUG:colcon.colcon_core.shell:Skip shell extension 'dsv' for command environment
[0.737s] INFO:colcon.colcon_core.task.python.build:Building Python package in '/home/zhangxin/planning_with_ROS2_course/src/data_plot'
[0.738s] INFO:colcon.colcon_core.shell:Skip shell extension 'powershell' for command environment: Not usable outside of PowerShell
[0.738s] DEBUG:colcon.colcon_core.shell:Skip shell extension 'dsv' for command environment
[0.747s] DEBUG:colcon.colcon_core.event_handler.log_command:Invoking command in '/home/zhangxin/planning_with_ROS2_course/build/planning': CMAKE_PREFIX_PATH=/home/zhangxin/planning_with_ROS2_course/install/base_msgs:/home/zhangxin/planning_with_ROS2_course/install/planning:/home/zhangxin/planning_with_ROS2_course/install/data_plot:/opt/ros/humble /usr/local/bin/cmake --build /home/zhangxin/planning_with_ROS2_course/build/planning -- -j16 -l16
[1.131s] DEBUG:colcon.colcon_core.event_handler.log_command:Invoking command in '/home/zhangxin/planning_with_ROS2_course/src/data_plot': CMAKE_PREFIX_PATH=/home/zhangxin/planning_with_ROS2_course/install/base_msgs:/home/zhangxin/planning_with_ROS2_course/install/planning PYTHONPATH=/home/zhangxin/planning_with_ROS2_course/build/data_plot/prefix_override:/usr/lib/python3/dist-packages/colcon_core/task/python/colcon_distutils_commands:/home/zhangxin/planning_with_ROS2_course/install/data_plot/lib/python3.10/site-packages:${PYTHONPATH} /usr/bin/python3 -W ignore:setup.py install is deprecated -W ignore:easy_install command is deprecated setup.py egg_info --egg-base ../../build/data_plot build --build-base /home/zhangxin/planning_with_ROS2_course/build/data_plot/build install --record /home/zhangxin/planning_with_ROS2_course/build/data_plot/install.log --single-version-externally-managed install_data
[1.410s] Level 1:colcon.colcon_core.environment:checking '/home/zhangxin/planning_with_ROS2_course/install/data_plot' for CMake module files
[1.411s] DEBUG:colcon.colcon_core.event_handler.log_command:Invoked command in '/home/zhangxin/planning_with_ROS2_course/src/data_plot' returned '0': CMAKE_PREFIX_PATH=/home/zhangxin/planning_with_ROS2_course/install/base_msgs:/home/zhangxin/planning_with_ROS2_course/install/planning PYTHONPATH=/home/zhangxin/planning_with_ROS2_course/build/data_plot/prefix_override:/usr/lib/python3/dist-packages/colcon_core/task/python/colcon_distutils_commands:/home/zhangxin/planning_with_ROS2_course/install/data_plot/lib/python3.10/site-packages:${PYTHONPATH} /usr/bin/python3 -W ignore:setup.py install is deprecated -W ignore:easy_install command is deprecated setup.py egg_info --egg-base ../../build/data_plot build --build-base /home/zhangxin/planning_with_ROS2_course/build/data_plot/build install --record /home/zhangxin/planning_with_ROS2_course/build/data_plot/install.log --single-version-externally-managed install_data
[1.411s] Level 1:colcon.colcon_core.environment:checking '/home/zhangxin/planning_with_ROS2_course/install/data_plot' for CMake config files
[1.413s] Level 1:colcon.colcon_core.environment:checking '/home/zhangxin/planning_with_ROS2_course/install/data_plot/lib'
[1.413s] Level 1:colcon.colcon_core.environment:checking '/home/zhangxin/planning_with_ROS2_course/install/data_plot/bin'
[1.413s] Level 1:colcon.colcon_core.environment:checking '/home/zhangxin/planning_with_ROS2_course/install/data_plot/lib/pkgconfig/data_plot.pc'
[1.414s] Level 1:colcon.colcon_core.environment:checking '/home/zhangxin/planning_with_ROS2_course/install/data_plot/lib/python3.10/site-packages'
[1.414s] Level 1:colcon.colcon_core.shell:create_environment_hook('data_plot', 'pythonpath')
[1.414s] INFO:colcon.colcon_core.shell:Creating environment hook '/home/zhangxin/planning_with_ROS2_course/install/data_plot/share/data_plot/hook/pythonpath.ps1'
[1.414s] INFO:colcon.colcon_core.shell:Creating environment descriptor '/home/zhangxin/planning_with_ROS2_course/install/data_plot/share/data_plot/hook/pythonpath.dsv'
[1.415s] INFO:colcon.colcon_core.shell:Creating environment hook '/home/zhangxin/planning_with_ROS2_course/install/data_plot/share/data_plot/hook/pythonpath.sh'
[1.415s] Level 1:colcon.colcon_core.environment:checking '/home/zhangxin/planning_with_ROS2_course/install/data_plot/bin'
[1.415s] Level 1:colcon.colcon_core.environment:create_environment_scripts_only(data_plot)
[1.415s] INFO:colcon.colcon_core.shell:Creating package script '/home/zhangxin/planning_with_ROS2_course/install/data_plot/share/data_plot/package.ps1'
[1.416s] INFO:colcon.colcon_core.shell:Creating package descriptor '/home/zhangxin/planning_with_ROS2_course/install/data_plot/share/data_plot/package.dsv'
[1.416s] INFO:colcon.colcon_core.shell:Creating package script '/home/zhangxin/planning_with_ROS2_course/install/data_plot/share/data_plot/package.sh'
[1.417s] INFO:colcon.colcon_core.shell:Creating package script '/home/zhangxin/planning_with_ROS2_course/install/data_plot/share/data_plot/package.bash'
[1.417s] INFO:colcon.colcon_core.shell:Creating package script '/home/zhangxin/planning_with_ROS2_course/install/data_plot/share/data_plot/package.zsh'
[1.417s] Level 1:colcon.colcon_core.environment:create_file_with_runtime_dependencies(/home/zhangxin/planning_with_ROS2_course/install/data_plot/share/colcon-core/packages/data_plot)
[8.652s] DEBUG:colcon.colcon_core.event_handler.log_command:Invoked command in '/home/zhangxin/planning_with_ROS2_course/build/planning' returned '0': CMAKE_PREFIX_PATH=/home/zhangxin/planning_with_ROS2_course/install/base_msgs:/home/zhangxin/planning_with_ROS2_course/install/planning:/home/zhangxin/planning_with_ROS2_course/install/data_plot:/opt/ros/humble /usr/local/bin/cmake --build /home/zhangxin/planning_with_ROS2_course/build/planning -- -j16 -l16
[8.655s] DEBUG:colcon.colcon_core.event_handler.log_command:Invoking command in '/home/zhangxin/planning_with_ROS2_course/build/planning': CMAKE_PREFIX_PATH=/home/zhangxin/planning_with_ROS2_course/install/base_msgs:/home/zhangxin/planning_with_ROS2_course/install/planning:/home/zhangxin/planning_with_ROS2_course/install/data_plot:/opt/ros/humble /usr/local/bin/cmake --install /home/zhangxin/planning_with_ROS2_course/build/planning
[8.669s] Level 1:colcon.colcon_core.environment:create_environment_scripts_only(planning)
[8.670s] Level 1:colcon.colcon_core.environment:checking '/home/zhangxin/planning_with_ROS2_course/install/planning' for CMake module files
[8.671s] DEBUG:colcon.colcon_core.event_handler.log_command:Invoked command in '/home/zhangxin/planning_with_ROS2_course/build/planning' returned '0': CMAKE_PREFIX_PATH=/home/zhangxin/planning_with_ROS2_course/install/base_msgs:/home/zhangxin/planning_with_ROS2_course/install/planning:/home/zhangxin/planning_with_ROS2_course/install/data_plot:/opt/ros/humble /usr/local/bin/cmake --install /home/zhangxin/planning_with_ROS2_course/build/planning
[8.671s] Level 1:colcon.colcon_core.environment:checking '/home/zhangxin/planning_with_ROS2_course/install/planning' for CMake config files
[8.672s] Level 1:colcon.colcon_core.shell:create_environment_hook('planning', 'cmake_prefix_path')
[8.672s] INFO:colcon.colcon_core.shell:Creating environment hook '/home/zhangxin/planning_with_ROS2_course/install/planning/share/planning/hook/cmake_prefix_path.ps1'
[8.673s] INFO:colcon.colcon_core.shell:Creating environment descriptor '/home/zhangxin/planning_with_ROS2_course/install/planning/share/planning/hook/cmake_prefix_path.dsv'
[8.673s] INFO:colcon.colcon_core.shell:Creating environment hook '/home/zhangxin/planning_with_ROS2_course/install/planning/share/planning/hook/cmake_prefix_path.sh'
[8.674s] Level 1:colcon.colcon_core.environment:checking '/home/zhangxin/planning_with_ROS2_course/install/planning/lib'
[8.674s] Level 1:colcon.colcon_core.shell:create_environment_hook('planning', 'ld_library_path_lib')
[8.674s] INFO:colcon.colcon_core.shell:Creating environment hook '/home/zhangxin/planning_with_ROS2_course/install/planning/share/planning/hook/ld_library_path_lib.ps1'
[8.675s] INFO:colcon.colcon_core.shell:Creating environment descriptor '/home/zhangxin/planning_with_ROS2_course/install/planning/share/planning/hook/ld_library_path_lib.dsv'
[8.676s] INFO:colcon.colcon_core.shell:Creating environment hook '/home/zhangxin/planning_with_ROS2_course/install/planning/share/planning/hook/ld_library_path_lib.sh'
[8.676s] Level 1:colcon.colcon_core.environment:checking '/home/zhangxin/planning_with_ROS2_course/install/planning/bin'
[8.676s] Level 1:colcon.colcon_core.environment:checking '/home/zhangxin/planning_with_ROS2_course/install/planning/lib/pkgconfig/planning.pc'
[8.677s] Level 1:colcon.colcon_core.environment:checking '/home/zhangxin/planning_with_ROS2_course/install/planning/lib/python3.10/site-packages'
[8.677s] Level 1:colcon.colcon_core.environment:checking '/home/zhangxin/planning_with_ROS2_course/install/planning/bin'
[8.677s] INFO:colcon.colcon_core.shell:Creating package script '/home/zhangxin/planning_with_ROS2_course/install/planning/share/planning/package.ps1'
[8.678s] INFO:colcon.colcon_core.shell:Creating package descriptor '/home/zhangxin/planning_with_ROS2_course/install/planning/share/planning/package.dsv'
[8.678s] INFO:colcon.colcon_core.shell:Creating package script '/home/zhangxin/planning_with_ROS2_course/install/planning/share/planning/package.sh'
[8.679s] INFO:colcon.colcon_core.shell:Creating package script '/home/zhangxin/planning_with_ROS2_course/install/planning/share/planning/package.bash'
[8.679s] INFO:colcon.colcon_core.shell:Creating package script '/home/zhangxin/planning_with_ROS2_course/install/planning/share/planning/package.zsh'
[8.679s] Level 1:colcon.colcon_core.environment:create_file_with_runtime_dependencies(/home/zhangxin/planning_with_ROS2_course/install/planning/share/colcon-core/packages/planning)
[8.680s] Level 1:colcon.colcon_core.environment:create_environment_scripts_only(planning)
[8.680s] Level 1:colcon.colcon_core.environment:checking '/home/zhangxin/planning_with_ROS2_course/install/planning' for CMake module files
[8.680s] Level 1:colcon.colcon_core.environment:checking '/home/zhangxin/planning_with_ROS2_course/install/planning' for CMake config files
[8.681s] Level 1:colcon.colcon_core.shell:create_environment_hook('planning', 'cmake_prefix_path')
[8.681s] INFO:colcon.colcon_core.shell:Creating environment hook '/home/zhangxin/planning_with_ROS2_course/install/planning/share/planning/hook/cmake_prefix_path.ps1'
[8.681s] INFO:colcon.colcon_core.shell:Creating environment descriptor '/home/zhangxin/planning_with_ROS2_course/install/planning/share/planning/hook/cmake_prefix_path.dsv'
[8.681s] INFO:colcon.colcon_core.shell:Creating environment hook '/home/zhangxin/planning_with_ROS2_course/install/planning/share/planning/hook/cmake_prefix_path.sh'
[8.682s] Level 1:colcon.colcon_core.environment:checking '/home/zhangxin/planning_with_ROS2_course/install/planning/lib'
[8.682s] Level 1:colcon.colcon_core.shell:create_environment_hook('planning', 'ld_library_path_lib')
[8.682s] INFO:colcon.colcon_core.shell:Creating environment hook '/home/zhangxin/planning_with_ROS2_course/install/planning/share/planning/hook/ld_library_path_lib.ps1'
[8.683s] INFO:colcon.colcon_core.shell:Creating environment descriptor '/home/zhangxin/planning_with_ROS2_course/install/planning/share/planning/hook/ld_library_path_lib.dsv'
[8.683s] INFO:colcon.colcon_core.shell:Creating environment hook '/home/zhangxin/planning_with_ROS2_course/install/planning/share/planning/hook/ld_library_path_lib.sh'
[8.683s] Level 1:colcon.colcon_core.environment:checking '/home/zhangxin/planning_with_ROS2_course/install/planning/bin'
[8.683s] Level 1:colcon.colcon_core.environment:checking '/home/zhangxin/planning_with_ROS2_course/install/planning/lib/pkgconfig/planning.pc'
[8.683s] Level 1:colcon.colcon_core.environment:checking '/home/zhangxin/planning_with_ROS2_course/install/planning/lib/python3.10/site-packages'
[8.684s] Level 1:colcon.colcon_core.environment:checking '/home/zhangxin/planning_with_ROS2_course/install/planning/bin'
[8.684s] INFO:colcon.colcon_core.shell:Creating package script '/home/zhangxin/planning_with_ROS2_course/install/planning/share/planning/package.ps1'
[8.685s] INFO:colcon.colcon_core.shell:Creating package descriptor '/home/zhangxin/planning_with_ROS2_course/install/planning/share/planning/package.dsv'
[8.685s] INFO:colcon.colcon_core.shell:Creating package script '/home/zhangxin/planning_with_ROS2_course/install/planning/share/planning/package.sh'
[8.686s] INFO:colcon.colcon_core.shell:Creating package script '/home/zhangxin/planning_with_ROS2_course/install/planning/share/planning/package.bash'
[8.686s] INFO:colcon.colcon_core.shell:Creating package script '/home/zhangxin/planning_with_ROS2_course/install/planning/share/planning/package.zsh'
[8.686s] Level 1:colcon.colcon_core.environment:create_file_with_runtime_dependencies(/home/zhangxin/planning_with_ROS2_course/install/planning/share/colcon-core/packages/planning)
[8.687s] DEBUG:colcon.colcon_parallel_executor.executor.parallel:closing loop
[8.687s] DEBUG:colcon.colcon_parallel_executor.executor.parallel:loop closed
[8.687s] DEBUG:colcon.colcon_parallel_executor.executor.parallel:run_until_complete finished with '0'
[8.687s] DEBUG:colcon.colcon_core.event_reactor:joining thread
[8.693s] INFO:colcon.colcon_core.plugin_system:Skipping extension 'colcon_notification.desktop_notification.terminal_notifier': Not used on non-Darwin systems
[8.693s] INFO:colcon.colcon_core.plugin_system:Skipping extension 'colcon_notification.desktop_notification.win32': Not used on non-Windows systems
[8.693s] INFO:colcon.colcon_notification.desktop_notification:Sending desktop notification using 'notify2'
[8.709s] DEBUG:colcon.colcon_core.event_reactor:joined thread
[8.709s] INFO:colcon.colcon_core.shell:Creating prefix script '/home/zhangxin/planning_with_ROS2_course/install/local_setup.ps1'
[8.710s] INFO:colcon.colcon_core.shell:Creating prefix util module '/home/zhangxin/planning_with_ROS2_course/install/_local_setup_util_ps1.py'
[8.712s] INFO:colcon.colcon_core.shell:Creating prefix chain script '/home/zhangxin/planning_with_ROS2_course/install/setup.ps1'
[8.713s] INFO:colcon.colcon_core.shell:Creating prefix script '/home/zhangxin/planning_with_ROS2_course/install/local_setup.sh'
[8.713s] INFO:colcon.colcon_core.shell:Creating prefix util module '/home/zhangxin/planning_with_ROS2_course/install/_local_setup_util_sh.py'
[8.714s] INFO:colcon.colcon_core.shell:Creating prefix chain script '/home/zhangxin/planning_with_ROS2_course/install/setup.sh'
[8.715s] INFO:colcon.colcon_core.shell:Creating prefix script '/home/zhangxin/planning_with_ROS2_course/install/local_setup.bash'
[8.716s] INFO:colcon.colcon_core.shell:Creating prefix chain script '/home/zhangxin/planning_with_ROS2_course/install/setup.bash'
[8.718s] INFO:colcon.colcon_core.shell:Creating prefix script '/home/zhangxin/planning_with_ROS2_course/install/local_setup.zsh'
[8.719s] INFO:colcon.colcon_core.shell:Creating prefix chain script '/home/zhangxin/planning_with_ROS2_course/install/setup.zsh'
