[0.009s] Invoking command in '/home/zx/planning_with_ROS2_course/build/base_msgs': CMAKE_PREFIX_PATH=/opt/ros/humble /usr/bin/cmake --build /home/zx/planning_with_ROS2_course/build/base_msgs -- -j24 -l24
[0.041s] Invoked command in '/home/zx/planning_with_ROS2_course/build/base_msgs' returned '0': CMAKE_PREFIX_PATH=/opt/ros/humble /usr/bin/cmake --build /home/zx/planning_with_ROS2_course/build/base_msgs -- -j24 -l24
[0.048s] Invoking command in '/home/zx/planning_with_ROS2_course/build/base_msgs': CMAKE_PREFIX_PATH=/opt/ros/humble /usr/bin/cmake --install /home/zx/planning_with_ROS2_course/build/base_msgs
[0.051s] -- Install configuration: ""
[0.051s] -- Execute custom install script
[0.051s] -- Up-to-date symlink: /home/zx/planning_with_ROS2_course/install/base_msgs/share/ament_index/resource_index/package_run_dependencies/base_msgs
[0.051s] -- Up-to-date symlink: /home/zx/planning_with_ROS2_course/install/base_msgs/share/ament_index/resource_index/parent_prefix_path/base_msgs
[0.051s] -- Up-to-date symlink: /home/zx/planning_with_ROS2_course/install/base_msgs/share/base_msgs/environment/ament_prefix_path.sh
[0.052s] -- Up-to-date symlink: /home/zx/planning_with_ROS2_course/install/base_msgs/share/base_msgs/environment/ament_prefix_path.dsv
[0.052s] -- Up-to-date symlink: /home/zx/planning_with_ROS2_course/install/base_msgs/share/base_msgs/environment/path.sh
[0.052s] -- Up-to-date symlink: /home/zx/planning_with_ROS2_course/install/base_msgs/share/base_msgs/environment/path.dsv
[0.052s] -- Up-to-date symlink: /home/zx/planning_with_ROS2_course/install/base_msgs/share/base_msgs/local_setup.bash
[0.052s] -- Up-to-date symlink: /home/zx/planning_with_ROS2_course/install/base_msgs/share/base_msgs/local_setup.sh
[0.052s] -- Up-to-date symlink: /home/zx/planning_with_ROS2_course/install/base_msgs/share/base_msgs/local_setup.zsh
[0.052s] -- Up-to-date symlink: /home/zx/planning_with_ROS2_course/install/base_msgs/share/base_msgs/local_setup.dsv
[0.052s] -- Symlinking: /home/zx/planning_with_ROS2_course/install/base_msgs/share/base_msgs/package.dsv
[0.057s] -- Up-to-date symlink: /home/zx/planning_with_ROS2_course/install/base_msgs/share/ament_index/resource_index/packages/base_msgs
[0.057s] -- Up-to-date symlink: /home/zx/planning_with_ROS2_course/install/base_msgs/share/base_msgs/cmake/base_msgsConfig.cmake
[0.057s] -- Up-to-date symlink: /home/zx/planning_with_ROS2_course/install/base_msgs/share/base_msgs/cmake/base_msgsConfig-version.cmake
[0.057s] -- Up-to-date symlink: /home/zx/planning_with_ROS2_course/install/base_msgs/share/base_msgs/package.xml
[0.058s] Invoked command in '/home/zx/planning_with_ROS2_course/build/base_msgs' returned '0': CMAKE_PREFIX_PATH=/opt/ros/humble /usr/bin/cmake --install /home/zx/planning_with_ROS2_course/build/base_msgs
