[0.083s] DEBUG:colcon:Command line arguments: ['/usr/bin/colcon', 'build']
[0.084s] DEBUG:colcon:Parsed command line arguments: Namespace(log_base=None, log_level=None, verb_name='build', build_base='build', install_base='install', merge_install=False, symlink_install=False, test_result_base=None, continue_on_error=False, executor='parallel', parallel_workers=16, event_handlers=None, ignore_user_meta=False, metas=['./colcon.meta'], base_paths=['.'], packages_ignore=None, packages_ignore_regex=None, paths=None, packages_up_to=None, packages_up_to_regex=None, packages_above=None, packages_above_and_dependencies=None, packages_above_depth=None, packages_select_by_dep=None, packages_skip_by_dep=None, packages_skip_up_to=None, packages_select_build_failed=False, packages_skip_build_finished=False, packages_select_test_failures=False, packages_skip_test_passed=False, packages_select=None, packages_skip=None, packages_select_regex=None, packages_skip_regex=None, packages_start=None, packages_end=None, allow_overriding=[], cmake_args=None, cmake_target=None, cmake_target_skip_unavailable=False, cmake_clean_cache=False, cmake_clean_first=False, cmake_force_configure=False, ament_cmake_args=None, catkin_cmake_args=None, catkin_skip_building_tests=False, verb_parser=<colcon_defaults.argument_parser.defaults.DefaultArgumentsDecorator object at 0x7823a155c3d0>, verb_extension=<colcon_core.verb.build.BuildVerb object at 0x7823a1527d90>, main=<bound method BuildVerb.main of <colcon_core.verb.build.BuildVerb object at 0x7823a1527d90>>)
[0.213s] Level 1:colcon.colcon_core.package_discovery:discover_packages(colcon_meta) check parameters
[0.213s] Level 1:colcon.colcon_core.package_discovery:discover_packages(recursive) check parameters
[0.213s] Level 1:colcon.colcon_core.package_discovery:discover_packages(ignore) check parameters
[0.213s] Level 1:colcon.colcon_core.package_discovery:discover_packages(path) check parameters
[0.213s] Level 1:colcon.colcon_core.package_discovery:discover_packages(colcon_meta) discover
[0.213s] Level 1:colcon.colcon_core.package_discovery:discover_packages(recursive) discover
[0.213s] INFO:colcon.colcon_core.package_discovery:Crawling recursively for packages in '/home/zhangxin/planning_with_ROS2_course/src/planning/src/global_planner'
[0.213s] Level 1:colcon.colcon_core.package_identification:_identify(.) by extensions ['ignore', 'ignore_ament_install']
[0.213s] Level 1:colcon.colcon_core.package_identification:_identify(.) by extension 'ignore'
[0.213s] Level 1:colcon.colcon_core.package_identification:_identify(.) by extension 'ignore_ament_install'
[0.213s] Level 1:colcon.colcon_core.package_identification:_identify(.) by extensions ['colcon_pkg']
[0.213s] Level 1:colcon.colcon_core.package_identification:_identify(.) by extension 'colcon_pkg'
[0.213s] Level 1:colcon.colcon_core.package_identification:_identify(.) by extensions ['colcon_meta']
[0.213s] Level 1:colcon.colcon_core.package_identification:_identify(.) by extension 'colcon_meta'
[0.214s] Level 1:colcon.colcon_core.package_identification:_identify(.) by extensions ['ros']
[0.214s] Level 1:colcon.colcon_core.package_identification:_identify(.) by extension 'ros'
[0.244s] Level 1:colcon.colcon_core.package_identification:_identify(.) by extensions ['cmake', 'python']
[0.245s] Level 1:colcon.colcon_core.package_identification:_identify(.) by extension 'cmake'
[0.247s] Level 1:colcon.colcon_core.package_identification:_identify(.) by extension 'python'
[0.247s] DEBUG:colcon.colcon_core.package_identification:Package '.' with type 'cmake' and name 'global_planner'
[0.247s] Level 1:colcon.colcon_core.package_discovery:discover_packages(recursive) using defaults
[0.247s] Level 1:colcon.colcon_core.package_discovery:discover_packages(ignore) discover
[0.247s] Level 1:colcon.colcon_core.package_discovery:discover_packages(ignore) using defaults
[0.247s] Level 1:colcon.colcon_core.package_discovery:discover_packages(path) discover
[0.247s] Level 1:colcon.colcon_core.package_discovery:discover_packages(path) using defaults
[0.261s] Level 1:colcon.colcon_core.package_discovery:discover_packages(prefix_path) check parameters
[0.261s] Level 1:colcon.colcon_core.package_discovery:discover_packages(prefix_path) discover
[0.262s] DEBUG:colcon.colcon_installed_package_information.package_discovery:Found 3 installed packages in /home/zhangxin/planning_with_ROS2_course/install
[0.263s] DEBUG:colcon.colcon_installed_package_information.package_discovery:Found 275 installed packages in /opt/ros/humble
[0.264s] Level 1:colcon.colcon_core.package_discovery:discover_packages(prefix_path) using defaults
[0.294s] Level 5:colcon.colcon_core.verb:set package 'global_planner' build argument 'cmake_args' from command line to 'None'
[0.294s] Level 5:colcon.colcon_core.verb:set package 'global_planner' build argument 'cmake_target' from command line to 'None'
[0.294s] Level 5:colcon.colcon_core.verb:set package 'global_planner' build argument 'cmake_target_skip_unavailable' from command line to 'False'
[0.294s] Level 5:colcon.colcon_core.verb:set package 'global_planner' build argument 'cmake_clean_cache' from command line to 'False'
[0.294s] Level 5:colcon.colcon_core.verb:set package 'global_planner' build argument 'cmake_clean_first' from command line to 'False'
[0.295s] Level 5:colcon.colcon_core.verb:set package 'global_planner' build argument 'cmake_force_configure' from command line to 'False'
[0.295s] Level 5:colcon.colcon_core.verb:set package 'global_planner' build argument 'ament_cmake_args' from command line to 'None'
[0.295s] Level 5:colcon.colcon_core.verb:set package 'global_planner' build argument 'catkin_cmake_args' from command line to 'None'
[0.295s] Level 5:colcon.colcon_core.verb:set package 'global_planner' build argument 'catkin_skip_building_tests' from command line to 'False'
[0.295s] DEBUG:colcon.colcon_core.verb:Building package 'global_planner' with the following arguments: {'ament_cmake_args': None, 'build_base': '/home/zhangxin/planning_with_ROS2_course/src/planning/src/global_planner/build/global_planner', 'catkin_cmake_args': None, 'catkin_skip_building_tests': False, 'cmake_args': None, 'cmake_clean_cache': False, 'cmake_clean_first': False, 'cmake_force_configure': False, 'cmake_target': None, 'cmake_target_skip_unavailable': False, 'install_base': '/home/zhangxin/planning_with_ROS2_course/src/planning/src/global_planner/install/global_planner', 'merge_install': False, 'path': '/home/zhangxin/planning_with_ROS2_course/src/planning/src/global_planner', 'symlink_install': False, 'test_result_base': None}
[0.295s] INFO:colcon.colcon_core.executor:Executing jobs using 'parallel' executor
[0.296s] DEBUG:colcon.colcon_parallel_executor.executor.parallel:run_until_complete
[0.296s] INFO:colcon.colcon_cmake.task.cmake.build:Building CMake package in '/home/zhangxin/planning_with_ROS2_course/src/planning/src/global_planner'
[0.298s] INFO:colcon.colcon_core.plugin_system:Skipping extension 'colcon_core.shell.bat': Not used on non-Windows systems
[0.298s] INFO:colcon.colcon_core.shell:Skip shell extension 'powershell' for command environment: Not usable outside of PowerShell
[0.298s] DEBUG:colcon.colcon_core.shell:Skip shell extension 'dsv' for command environment
[0.308s] DEBUG:colcon.colcon_core.event_handler.log_command:Invoking command in '/home/zhangxin/planning_with_ROS2_course/src/planning/src/global_planner/build/global_planner': CONDA_PROMPT_MODIFIER=(base) /usr/local/bin/cmake /home/zhangxin/planning_with_ROS2_course/src/planning/src/global_planner -DCMAKE_INSTALL_PREFIX=/home/zhangxin/planning_with_ROS2_course/src/planning/src/global_planner/install/global_planner
[0.317s] DEBUG:colcon.colcon_core.event_handler.log_command:Invoked command in '/home/zhangxin/planning_with_ROS2_course/src/planning/src/global_planner/build/global_planner' returned '1': CONDA_PROMPT_MODIFIER=(base) /usr/local/bin/cmake /home/zhangxin/planning_with_ROS2_course/src/planning/src/global_planner -DCMAKE_INSTALL_PREFIX=/home/zhangxin/planning_with_ROS2_course/src/planning/src/global_planner/install/global_planner
[0.328s] DEBUG:colcon.colcon_parallel_executor.executor.parallel:closing loop
[0.328s] DEBUG:colcon.colcon_parallel_executor.executor.parallel:loop closed
[0.328s] DEBUG:colcon.colcon_parallel_executor.executor.parallel:run_until_complete finished with '1'
[0.328s] DEBUG:colcon.colcon_core.event_reactor:joining thread
[0.333s] INFO:colcon.colcon_core.plugin_system:Skipping extension 'colcon_notification.desktop_notification.terminal_notifier': Not used on non-Darwin systems
[0.333s] INFO:colcon.colcon_core.plugin_system:Skipping extension 'colcon_notification.desktop_notification.win32': Not used on non-Windows systems
[0.333s] INFO:colcon.colcon_notification.desktop_notification:Sending desktop notification using 'notify2'
[0.347s] DEBUG:colcon.colcon_core.event_reactor:joined thread
[0.347s] INFO:colcon.colcon_core.shell:Creating prefix script '/home/zhangxin/planning_with_ROS2_course/src/planning/src/global_planner/install/local_setup.ps1'
[0.349s] INFO:colcon.colcon_core.shell:Creating prefix util module '/home/zhangxin/planning_with_ROS2_course/src/planning/src/global_planner/install/_local_setup_util_ps1.py'
[0.350s] INFO:colcon.colcon_core.shell:Creating prefix chain script '/home/zhangxin/planning_with_ROS2_course/src/planning/src/global_planner/install/setup.ps1'
[0.351s] INFO:colcon.colcon_core.shell:Creating prefix script '/home/zhangxin/planning_with_ROS2_course/src/planning/src/global_planner/install/local_setup.sh'
[0.351s] INFO:colcon.colcon_core.shell:Creating prefix util module '/home/zhangxin/planning_with_ROS2_course/src/planning/src/global_planner/install/_local_setup_util_sh.py'
[0.351s] INFO:colcon.colcon_core.shell:Creating prefix chain script '/home/zhangxin/planning_with_ROS2_course/src/planning/src/global_planner/install/setup.sh'
[0.352s] INFO:colcon.colcon_core.shell:Creating prefix script '/home/zhangxin/planning_with_ROS2_course/src/planning/src/global_planner/install/local_setup.bash'
[0.353s] INFO:colcon.colcon_core.shell:Creating prefix chain script '/home/zhangxin/planning_with_ROS2_course/src/planning/src/global_planner/install/setup.bash'
[0.354s] INFO:colcon.colcon_core.shell:Creating prefix script '/home/zhangxin/planning_with_ROS2_course/src/planning/src/global_planner/install/local_setup.zsh'
[0.354s] INFO:colcon.colcon_core.shell:Creating prefix chain script '/home/zhangxin/planning_with_ROS2_course/src/planning/src/global_planner/install/setup.zsh'
