[0.238s] Invoking command in '/home/zhangxin/planning_with_ROS2_course/build/planning': CMAKE_PREFIX_PATH=/home/zhangxin/planning_with_ROS2_course/install/base_msgs:/home/zhangxin/planning_with_ROS2_course/install/planning:/home/zhangxin/planning_with_ROS2_course/install/data_plot:/opt/ros/humble /usr/local/bin/cmake --build /home/zhangxin/planning_with_ROS2_course/build/planning -- -j16 -l16
[0.253s] -- Found ament_cmake: 1.3.12 (/opt/ros/humble/share/ament_cmake/cmake)
[0.468s] -- Found rclcpp: 16.0.14 (/opt/ros/humble/share/rclcpp/cmake)
[0.502s] -- Found rosidl_generator_c: 3.1.7 (/opt/ros/humble/share/rosidl_generator_c/cmake)
[0.505s] -- Found rosidl_adapter: 3.1.7 (/opt/ros/humble/share/rosidl_adapter/cmake)
[0.512s] -- Found rosidl_generator_cpp: 3.1.7 (/opt/ros/humble/share/rosidl_generator_cpp/cmake)
[0.524s] -- Using all available rosidl_typesupport_c: rosidl_typesupport_fastrtps_c;rosidl_typesupport_introspection_c
[0.540s] -- Using all available rosidl_typesupport_cpp: rosidl_typesupport_fastrtps_cpp;rosidl_typesupport_introspection_cpp
[0.590s] -- Found rmw_implementation_cmake: 6.1.2 (/opt/ros/humble/share/rmw_implementation_cmake/cmake)
[0.592s] -- Found rmw_fastrtps_cpp: 6.2.8 (/opt/ros/humble/share/rmw_fastrtps_cpp/cmake)
[0.727s] -- Using RMW implementation 'rmw_fastrtps_cpp' as default
[0.800s] -- Found tf2: 0.25.16 (/opt/ros/humble/share/tf2/cmake)
[0.823s] -- Found tf2_ros: 0.25.16 (/opt/ros/humble/share/tf2_ros/cmake)
[0.931s] -- Found nav_msgs: 4.9.0 (/opt/ros/humble/share/nav_msgs/cmake)
[0.956s] -- Found visualization_msgs: 4.9.0 (/opt/ros/humble/share/visualization_msgs/cmake)
[1.010s] -- Found base_msgs: 0.0.0 (/home/zhangxin/planning_with_ROS2_course/install/base_msgs/share/base_msgs/cmake)
[1.102s] -- Configuring done (0.9s)
[1.166s] -- Generating done (0.1s)
[1.189s] -- Build files have been written to: /home/zhangxin/planning_with_ROS2_course/build/planning
[1.228s] [  4%] [32mBuilding CXX object src/move_cmd/CMakeFiles/obs_move_cmd.dir/obs_move_cmd.cpp.o[0m
[1.228s] [  8%] [32mBuilding CXX object src/move_cmd/CMakeFiles/car_move_cmd.dir/car_move_cmd.cpp.o[0m
[1.235s] [ 25%] Built target config_reader
[1.236s] [ 25%] Built target decision_center
[1.236s] [ 33%] Built target global_planner
[1.240s] [ 45%] Built target mathlibs
[1.241s] [ 58%] Built target planning_node
[1.252s] [ 83%] Built target local_planner
[1.257s] [ 91%] Built target global_path_server
[4.254s] [ 95%] [32m[1mLinking CXX executable car_move_cmd[0m
[4.306s] [100%] [32m[1mLinking CXX executable obs_move_cmd[0m
[4.431s] [100%] Built target car_move_cmd
[4.464s] [100%] Built target obs_move_cmd
[4.471s] Invoked command in '/home/zhangxin/planning_with_ROS2_course/build/planning' returned '0': CMAKE_PREFIX_PATH=/home/zhangxin/planning_with_ROS2_course/install/base_msgs:/home/zhangxin/planning_with_ROS2_course/install/planning:/home/zhangxin/planning_with_ROS2_course/install/data_plot:/opt/ros/humble /usr/local/bin/cmake --build /home/zhangxin/planning_with_ROS2_course/build/planning -- -j16 -l16
[4.472s] Invoking command in '/home/zhangxin/planning_with_ROS2_course/build/planning': CMAKE_PREFIX_PATH=/home/zhangxin/planning_with_ROS2_course/install/base_msgs:/home/zhangxin/planning_with_ROS2_course/install/planning:/home/zhangxin/planning_with_ROS2_course/install/data_plot:/opt/ros/humble /usr/local/bin/cmake --install /home/zhangxin/planning_with_ROS2_course/build/planning
[4.474s] -- Install configuration: ""
[4.474s] -- Up-to-date: /home/zhangxin/planning_with_ROS2_course/install/planning/lib/libconfig_reader.so
[4.475s] -- Up-to-date: /home/zhangxin/planning_with_ROS2_course/install/planning/lib/libmathlibs.so
[4.475s] -- Up-to-date: /home/zhangxin/planning_with_ROS2_course/install/planning/lib/libdecision_center.so
[4.476s] -- Up-to-date: /home/zhangxin/planning_with_ROS2_course/install/planning/lib/libglobal_planner.so
[4.476s] -- Up-to-date: /home/zhangxin/planning_with_ROS2_course/install/planning/lib/planning/global_path_server
[4.476s] -- Up-to-date: /home/zhangxin/planning_with_ROS2_course/install/planning/lib/liblocal_planner.so
[4.477s] -- Up-to-date: /home/zhangxin/planning_with_ROS2_course/install/planning/lib/planning/planning_node
[4.477s] -- Installing: /home/zhangxin/planning_with_ROS2_course/install/planning/lib/planning/car_move_cmd
[4.478s] -- Set non-toolchain portion of runtime path of "/home/zhangxin/planning_with_ROS2_course/install/planning/lib/planning/car_move_cmd" to ""
[4.478s] -- Installing: /home/zhangxin/planning_with_ROS2_course/install/planning/lib/planning/obs_move_cmd
[4.478s] -- Set non-toolchain portion of runtime path of "/home/zhangxin/planning_with_ROS2_course/install/planning/lib/planning/obs_move_cmd" to ""
[4.479s] -- Up-to-date: /home/zhangxin/planning_with_ROS2_course/install/planning/lib/planning/config
[4.479s] -- Up-to-date: /home/zhangxin/planning_with_ROS2_course/install/planning/lib/planning/launch
[4.479s] -- Up-to-date: /home/zhangxin/planning_with_ROS2_course/install/planning/lib/planning/urdf
[4.479s] -- Up-to-date: /home/zhangxin/planning_with_ROS2_course/install/planning/lib/planning/urdf/obs_car
[4.479s] -- Up-to-date: /home/zhangxin/planning_with_ROS2_course/install/planning/lib/planning/urdf/main_car
[4.479s] -- Up-to-date: /home/zhangxin/planning_with_ROS2_course/install/planning/lib/planning/rviz
[4.479s] -- Up-to-date: /home/zhangxin/planning_with_ROS2_course/install/planning/share/ament_index/resource_index/package_run_dependencies/planning
[4.480s] -- Up-to-date: /home/zhangxin/planning_with_ROS2_course/install/planning/share/ament_index/resource_index/parent_prefix_path/planning
[4.480s] -- Up-to-date: /home/zhangxin/planning_with_ROS2_course/install/planning/share/planning/environment/ament_prefix_path.sh
[4.480s] -- Installing: /home/zhangxin/planning_with_ROS2_course/install/planning/share/planning/environment/ament_prefix_path.dsv
[4.480s] -- Up-to-date: /home/zhangxin/planning_with_ROS2_course/install/planning/share/planning/environment/path.sh
[4.480s] -- Installing: /home/zhangxin/planning_with_ROS2_course/install/planning/share/planning/environment/path.dsv
[4.480s] -- Up-to-date: /home/zhangxin/planning_with_ROS2_course/install/planning/share/planning/local_setup.bash
[4.480s] -- Up-to-date: /home/zhangxin/planning_with_ROS2_course/install/planning/share/planning/local_setup.sh
[4.480s] -- Up-to-date: /home/zhangxin/planning_with_ROS2_course/install/planning/share/planning/local_setup.zsh
[4.480s] -- Installing: /home/zhangxin/planning_with_ROS2_course/install/planning/share/planning/local_setup.dsv
[4.480s] -- Installing: /home/zhangxin/planning_with_ROS2_course/install/planning/share/planning/package.dsv
[4.480s] -- Up-to-date: /home/zhangxin/planning_with_ROS2_course/install/planning/share/ament_index/resource_index/packages/planning
[4.480s] -- Up-to-date: /home/zhangxin/planning_with_ROS2_course/install/planning/share/planning/cmake/planningConfig.cmake
[4.480s] -- Up-to-date: /home/zhangxin/planning_with_ROS2_course/install/planning/share/planning/cmake/planningConfig-version.cmake
[4.480s] -- Up-to-date: /home/zhangxin/planning_with_ROS2_course/install/planning/share/planning/package.xml
[4.483s] Invoked command in '/home/zhangxin/planning_with_ROS2_course/build/planning' returned '0': CMAKE_PREFIX_PATH=/home/zhangxin/planning_with_ROS2_course/install/base_msgs:/home/zhangxin/planning_with_ROS2_course/install/planning:/home/zhangxin/planning_with_ROS2_course/install/data_plot:/opt/ros/humble /usr/local/bin/cmake --install /home/zhangxin/planning_with_ROS2_course/build/planning
