[0.004s] Invoking command in '/home/zx/planning_with_ROS2_course/build/planning': AMENT_PREFIX_PATH=/home/zx/planning_with_ROS2_course/install/base_msgs:${AMENT_PREFIX_PATH} CMAKE_PREFIX_PATH=/home/zx/planning_with_ROS2_course/install/base_msgs:/opt/ros/humble /usr/bin/cmake /home/zx/planning_with_ROS2_course/src/planning -DAMENT_CMAKE_SYMLINK_INSTALL=1 -DCMAKE_INSTALL_PREFIX=/home/zx/planning_with_ROS2_course/install/planning
[0.037s] -- The C compiler identification is GNU 12.3.0
[0.066s] -- The CXX compiler identification is GNU 12.3.0
[0.070s] -- Detecting C compiler ABI info
[0.112s] -- Detecting C compiler ABI info - done
[0.116s] -- Check for working C compiler: /usr/bin/cc - skipped
[0.116s] -- Detecting C compile features
[0.116s] -- Detecting C compile features - done
[0.117s] -- Detecting CXX compiler ABI info
[0.162s] -- Detecting CXX compiler ABI info - done
[0.167s] -- Check for working CXX compiler: /usr/bin/c++ - skipped
[0.167s] -- Detecting CXX compile features
[0.167s] -- Detecting CXX compile features - done
[0.167s] -- Found ament_cmake: 1.3.12 (/opt/ros/humble/share/ament_cmake/cmake)
[0.239s] -- Found Python3: /usr/bin/python3 (found version "3.10.12") found components: Interpreter 
[0.266s] -- Override CMake install command with custom implementation using symlinks instead of copying resources
[0.278s] -- Found rclcpp: 16.0.15 (/opt/ros/humble/share/rclcpp/cmake)
[0.295s] -- Found rosidl_generator_c: 3.1.7 (/opt/ros/humble/share/rosidl_generator_c/cmake)
[0.296s] -- Found rosidl_adapter: 3.1.7 (/opt/ros/humble/share/rosidl_adapter/cmake)
[0.299s] -- Found rosidl_generator_cpp: 3.1.7 (/opt/ros/humble/share/rosidl_generator_cpp/cmake)
[0.306s] -- Using all available rosidl_typesupport_c: rosidl_typesupport_fastrtps_c;rosidl_typesupport_introspection_c
[0.313s] -- Using all available rosidl_typesupport_cpp: rosidl_typesupport_fastrtps_cpp;rosidl_typesupport_introspection_cpp
[0.330s] -- Found rmw_implementation_cmake: 6.1.2 (/opt/ros/humble/share/rmw_implementation_cmake/cmake)
[0.330s] -- Found rmw_fastrtps_cpp: 6.2.9 (/opt/ros/humble/share/rmw_fastrtps_cpp/cmake)
[0.380s] -- Found OpenSSL: /usr/lib/x86_64-linux-gnu/libcrypto.so (found version "3.0.2")  
[0.393s] -- Found FastRTPS: /opt/ros/humble/include  
[0.415s] -- Using RMW implementation 'rmw_fastrtps_cpp' as default
[0.419s] -- Looking for pthread.h
[0.458s] -- Looking for pthread.h - found
[0.458s] -- Performing Test CMAKE_HAVE_LIBC_PTHREAD
[0.503s] -- Performing Test CMAKE_HAVE_LIBC_PTHREAD - Success
[0.503s] -- Found Threads: TRUE  
[0.525s] -- Found tf2: 0.25.16 (/opt/ros/humble/share/tf2/cmake)
[0.536s] -- Found tf2_ros: 0.25.16 (/opt/ros/humble/share/tf2_ros/cmake)
[0.573s] -- Found nav_msgs: 4.9.0 (/opt/ros/humble/share/nav_msgs/cmake)
[0.587s] -- Found visualization_msgs: 4.9.0 (/opt/ros/humble/share/visualization_msgs/cmake)
[0.605s] -- Found base_msgs: 0.0.0 (/home/zx/planning_with_ROS2_course/install/base_msgs/share/base_msgs/cmake)
[0.653s] -- Configuring done
[0.681s] -- Generating done
[0.690s] -- Build files have been written to: /home/zx/planning_with_ROS2_course/build/planning
[0.697s] Invoked command in '/home/zx/planning_with_ROS2_course/build/planning' returned '0': AMENT_PREFIX_PATH=/home/zx/planning_with_ROS2_course/install/base_msgs:${AMENT_PREFIX_PATH} CMAKE_PREFIX_PATH=/home/zx/planning_with_ROS2_course/install/base_msgs:/opt/ros/humble /usr/bin/cmake /home/zx/planning_with_ROS2_course/src/planning -DAMENT_CMAKE_SYMLINK_INSTALL=1 -DCMAKE_INSTALL_PREFIX=/home/zx/planning_with_ROS2_course/install/planning
[0.698s] Invoking command in '/home/zx/planning_with_ROS2_course/build/planning': AMENT_PREFIX_PATH=/home/zx/planning_with_ROS2_course/install/base_msgs:${AMENT_PREFIX_PATH} CMAKE_PREFIX_PATH=/home/zx/planning_with_ROS2_course/install/base_msgs:/opt/ros/humble /usr/bin/cmake --build /home/zx/planning_with_ROS2_course/build/planning -- -j24 -l24
[0.730s] [  2%] [32mBuilding CXX object src/common/CMakeFiles/config_reader.dir/config_reader/config_reader.cpp.o[0m
[0.731s] [  5%] [32mBuilding CXX object src/common/CMakeFiles/mathlibs.dir/math/curve.cpp.o[0m
[0.731s] [  8%] [32mBuilding CXX object src/common/CMakeFiles/mathlibs.dir/math/polynomial_curve.cpp.o[0m
[2.160s] [ 11%] [32m[1mLinking CXX shared library libconfig_reader.so[0m
[2.218s] [ 11%] Built target config_reader
[2.230s] [ 17%] [32mBuilding CXX object src/pnc_map_creator/CMakeFiles/pnc_map_creator.dir/pnc_map_straight/pnc_map_creator_straight.cpp.o[0m
[2.230s] [ 17%] [32mBuilding CXX object src/pnc_map_creator/CMakeFiles/pnc_map_creator.dir/pnc_map_sturn/pnc_map_creator_sturn.cpp.o[0m
[2.230s] [ 20%] [32mBuilding CXX object src/global_planner/CMakeFiles/global_planner.dir/global_planner_normal/global_planner_normal.cpp.o[0m
[2.391s] [ 22%] [32m[1mLinking CXX shared library libmathlibs.so[0m
[2.479s] [ 22%] Built target mathlibs
[2.496s] [ 25%] [32mBuilding CXX object src/reference_line/CMakeFiles/reference_line.dir/reference_line_smoother.cpp.o[0m
[2.497s] [ 28%] [32mBuilding CXX object src/reference_line/CMakeFiles/reference_line.dir/reference_line_creator.cpp.o[0m
[2.498s] [ 31%] [32mBuilding CXX object src/vehicle_info/CMakeFiles/vehicle_info.dir/obs_car/obs_car_info.cpp.o[0m
[2.498s] [ 34%] [32mBuilding CXX object src/vehicle_info/CMakeFiles/vehicle_info.dir/main_car/main_car_info.cpp.o[0m
[4.178s] [ 37%] [32m[1mLinking CXX static library libpnc_map_creator.a[0m
[4.215s] [ 40%] [32m[1mLinking CXX shared library libglobal_planner.so[0m
[4.249s] [ 40%] Built target pnc_map_creator
[4.264s] [ 42%] [32mBuilding CXX object src/pnc_map_creator/CMakeFiles/pnc_map_server.dir/pnc_map_server.cpp.o[0m
[4.291s] [ 42%] Built target global_planner
[4.310s] [ 45%] [32mBuilding CXX object src/global_planner/CMakeFiles/global_path_server.dir/global_path_server.cpp.o[0m
[4.482s] [ 48%] [32m[1mLinking CXX shared library libvehicle_info.so[0m
[4.573s] [ 48%] Built target vehicle_info
[4.590s] [ 51%] [32mBuilding CXX object src/move_cmd/CMakeFiles/obs_move_cmd.dir/obs_move_cmd.cpp.o[0m
[4.591s] [ 57%] [32mBuilding CXX object src/move_cmd/CMakeFiles/car_move_cmd.dir/car_move_cmd.cpp.o[0m
[4.591s] [ 57%] [32mBuilding CXX object src/decision_center/CMakeFiles/decision_center.dir/decision_center.cpp.o[0m
[5.148s] [ 60%] [32m[1mLinking CXX shared library libreference_line.so[0m
[5.244s] [ 60%] Built target reference_line
[6.220s] [ 62%] [32m[1mLinking CXX static library libpnc_map_server.a[0m
[6.274s] [ 62%] Built target pnc_map_server
[6.303s] [ 65%] [32m[1mLinking CXX executable global_path_server[0m
[6.383s] [ 65%] Built target global_path_server
[6.462s] [ 68%] [32m[1mLinking CXX shared library libdecision_center.so[0m
[6.503s] [ 71%] [32m[1mLinking CXX executable obs_move_cmd[0m
[6.526s] [ 71%] Built target decision_center
[6.540s] [ 80%] [32mBuilding CXX object src/local_planner/CMakeFiles/local_planner.dir/local_speeds/local_speeds_planner.cpp.o[0m
[6.540s] [ 80%] [32mBuilding CXX object src/local_planner/CMakeFiles/local_planner.dir/local_speeds/local_speeds_smoother.cpp.o[0m
[6.540s] [ 80%] [32mBuilding CXX object src/local_planner/CMakeFiles/local_planner.dir/local_path/local_path_smoother.cpp.o[0m
[6.541s] [ 82%] [32mBuilding CXX object src/local_planner/CMakeFiles/local_planner.dir/local_path/local_path_planner.cpp.o[0m
[6.542s] [ 85%] [32mBuilding CXX object src/local_planner/CMakeFiles/local_planner.dir/local_trajectory_combiner.cpp.o[0m
[6.554s] [ 88%] [32m[1mLinking CXX executable car_move_cmd[0m
[6.592s] [ 88%] Built target obs_move_cmd
[6.655s] [ 88%] Built target car_move_cmd
[8.692s] [ 91%] [32m[1mLinking CXX shared library liblocal_planner.so[0m
[8.747s] [ 91%] Built target local_planner
[8.758s] [ 94%] [32mBuilding CXX object src/planning_process/CMakeFiles/planning_node.dir/planning_node.cpp.o[0m
[8.758s] [ 97%] [32mBuilding CXX object src/planning_process/CMakeFiles/planning_node.dir/planning_process.cpp.o[0m
[10.569s] [100%] [32m[1mLinking CXX executable planning_node[0m
[10.634s] [100%] Built target planning_node
[10.642s] Invoked command in '/home/zx/planning_with_ROS2_course/build/planning' returned '0': AMENT_PREFIX_PATH=/home/zx/planning_with_ROS2_course/install/base_msgs:${AMENT_PREFIX_PATH} CMAKE_PREFIX_PATH=/home/zx/planning_with_ROS2_course/install/base_msgs:/opt/ros/humble /usr/bin/cmake --build /home/zx/planning_with_ROS2_course/build/planning -- -j24 -l24
[10.648s] Invoking command in '/home/zx/planning_with_ROS2_course/build/planning': AMENT_PREFIX_PATH=/home/zx/planning_with_ROS2_course/install/base_msgs:${AMENT_PREFIX_PATH} CMAKE_PREFIX_PATH=/home/zx/planning_with_ROS2_course/install/base_msgs:/opt/ros/humble /usr/bin/cmake --install /home/zx/planning_with_ROS2_course/build/planning
[10.651s] -- Install configuration: ""
[10.651s] -- Execute custom install script
[10.652s] -- Symlinking: /home/zx/planning_with_ROS2_course/install/planning/lib/libconfig_reader.so
[10.656s] -- Symlinking: /home/zx/planning_with_ROS2_course/install/planning/lib/libmathlibs.so
[10.660s] -- Symlinking: /home/zx/planning_with_ROS2_course/install/planning/lib/libdecision_center.so
[10.665s] -- Symlinking: /home/zx/planning_with_ROS2_course/install/planning//libpnc_map_creator.a
[10.669s] -- Symlinking: /home/zx/planning_with_ROS2_course/install/planning/lib/planning/libpnc_map_server.a
[10.673s] -- Symlinking: /home/zx/planning_with_ROS2_course/install/planning/lib/libglobal_planner.so
[10.678s] -- Symlinking: /home/zx/planning_with_ROS2_course/install/planning/lib/planning/global_path_server
[10.682s] -- Symlinking: /home/zx/planning_with_ROS2_course/install/planning/lib/liblocal_planner.so
[10.686s] -- Symlinking: /home/zx/planning_with_ROS2_course/install/planning/lib/libreference_line.so
[10.689s] -- Symlinking: /home/zx/planning_with_ROS2_course/install/planning/lib/libvehicle_info.so
[10.693s] -- Symlinking: /home/zx/planning_with_ROS2_course/install/planning/lib/planning/planning_node
[10.696s] -- Symlinking: /home/zx/planning_with_ROS2_course/install/planning/lib/planning/car_move_cmd
[10.700s] -- Symlinking: /home/zx/planning_with_ROS2_course/install/planning/lib/planning/obs_move_cmd
[10.704s] -- Symlinking: /home/zx/planning_with_ROS2_course/install/planning/lib/planning/config/planning_static_obs_config.yaml
[10.708s] -- Symlinking: /home/zx/planning_with_ROS2_course/install/planning/lib/planning/launch/dummy.launch.py
[10.713s] -- Symlinking: /home/zx/planning_with_ROS2_course/install/planning/lib/planning/urdf/empty.urdf
[10.717s] -- Symlinking: /home/zx/planning_with_ROS2_course/install/planning/lib/planning/rviz/dummy.rviz
[10.722s] -- Symlinking: /home/zx/planning_with_ROS2_course/install/planning/share/ament_index/resource_index/package_run_dependencies/planning
[10.727s] -- Symlinking: /home/zx/planning_with_ROS2_course/install/planning/share/ament_index/resource_index/parent_prefix_path/planning
[10.731s] -- Symlinking: /home/zx/planning_with_ROS2_course/install/planning/share/planning/environment/ament_prefix_path.sh
[10.736s] -- Symlinking: /home/zx/planning_with_ROS2_course/install/planning/share/planning/environment/ament_prefix_path.dsv
[10.740s] -- Symlinking: /home/zx/planning_with_ROS2_course/install/planning/share/planning/environment/path.sh
[10.744s] -- Symlinking: /home/zx/planning_with_ROS2_course/install/planning/share/planning/environment/path.dsv
[10.747s] -- Symlinking: /home/zx/planning_with_ROS2_course/install/planning/share/planning/local_setup.bash
[10.751s] -- Symlinking: /home/zx/planning_with_ROS2_course/install/planning/share/planning/local_setup.sh
[10.755s] -- Symlinking: /home/zx/planning_with_ROS2_course/install/planning/share/planning/local_setup.zsh
[10.759s] -- Symlinking: /home/zx/planning_with_ROS2_course/install/planning/share/planning/local_setup.dsv
[10.763s] -- Symlinking: /home/zx/planning_with_ROS2_course/install/planning/share/planning/package.dsv
[10.766s] -- Symlinking: /home/zx/planning_with_ROS2_course/install/planning/share/ament_index/resource_index/packages/planning
[10.770s] -- Symlinking: /home/zx/planning_with_ROS2_course/install/planning/share/planning/cmake/planningConfig.cmake
[10.774s] -- Symlinking: /home/zx/planning_with_ROS2_course/install/planning/share/planning/cmake/planningConfig-version.cmake
[10.777s] -- Symlinking: /home/zx/planning_with_ROS2_course/install/planning/share/planning/package.xml
[10.781s] -- Symlinking: /home/zx/planning_with_ROS2_course/install/planning/share/planning//dummy.launch.py
[10.785s] -- Symlinking: /home/zx/planning_with_ROS2_course/install/planning/share/planning//planning_static_obs_config.yaml
[10.788s] -- Symlinking: /home/zx/planning_with_ROS2_course/install/planning/share/planning//empty.urdf
[10.792s] -- Symlinking: /home/zx/planning_with_ROS2_course/install/planning/share/planning//dummy.rviz
[10.797s] Invoked command in '/home/zx/planning_with_ROS2_course/build/planning' returned '0': AMENT_PREFIX_PATH=/home/zx/planning_with_ROS2_course/install/base_msgs:${AMENT_PREFIX_PATH} CMAKE_PREFIX_PATH=/home/zx/planning_with_ROS2_course/install/base_msgs:/opt/ros/humble /usr/bin/cmake --install /home/zx/planning_with_ROS2_course/build/planning
