-- Found ament_cmake: 1.3.12 (/opt/ros/humble/share/ament_cmake/cmake)
-- Found rclcpp: 16.0.14 (/opt/ros/humble/share/rclcpp/cmake)
-- Found rosidl_generator_c: 3.1.7 (/opt/ros/humble/share/rosidl_generator_c/cmake)
-- Found rosidl_adapter: 3.1.7 (/opt/ros/humble/share/rosidl_adapter/cmake)
-- Found rosidl_generator_cpp: 3.1.7 (/opt/ros/humble/share/rosidl_generator_cpp/cmake)
-- Using all available rosidl_typesupport_c: rosidl_typesupport_fastrtps_c;rosidl_typesupport_introspection_c
-- Using all available rosidl_typesupport_cpp: rosidl_typesupport_fastrtps_cpp;rosidl_typesupport_introspection_cpp
-- Found rmw_implementation_cmake: 6.1.2 (/opt/ros/humble/share/rmw_implementation_cmake/cmake)
-- Found rmw_fastrtps_cpp: 6.2.8 (/opt/ros/humble/share/rmw_fastrtps_cpp/cmake)
-- Using RMW implementation 'rmw_fastrtps_cpp' as default
-- Found tf2: 0.25.16 (/opt/ros/humble/share/tf2/cmake)
-- Found tf2_ros: 0.25.16 (/opt/ros/humble/share/tf2_ros/cmake)
-- Found nav_msgs: 4.9.0 (/opt/ros/humble/share/nav_msgs/cmake)
-- Found visualization_msgs: 4.9.0 (/opt/ros/humble/share/visualization_msgs/cmake)
-- Found base_msgs: 0.0.0 (/home/zhangxin/planning_with_ROS2_course/install/base_msgs/share/base_msgs/cmake)
-- Configuring done (0.9s)
-- Generating done (0.1s)
-- Build files have been written to: /home/zhangxin/planning_with_ROS2_course/build/planning
[  2%] [32mBuilding CXX object src/common/CMakeFiles/config_reader.dir/config_reader/config_reader.cpp.o[0m
[ 11%] Built target mathlibs
[ 14%] [32m[1mLinking CXX shared library libconfig_reader.so[0m
[ 14%] Built target config_reader
[ 17%] [32mBuilding CXX object src/global_planner/CMakeFiles/global_planner.dir/global_planner_normal/global_planner_normal.cpp.o[0m
[ 25%] [32mBuilding CXX object src/vehicle_info/CMakeFiles/vehicle_info.dir/main_car/main_car_info.cpp.o[0m
[ 25%] [32mBuilding CXX object src/pnc_map_creator/CMakeFiles/pnc_map_creator.dir/pnc_map_straight/pnc_map_creator_straight.cpp.o[0m
[ 25%] [32mBuilding CXX object src/pnc_map_creator/CMakeFiles/pnc_map_creator.dir/pnc_map_sturn/pnc_map_creator_sturn.cpp.o[0m
[ 28%] [32mBuilding CXX object src/vehicle_info/CMakeFiles/vehicle_info.dir/obs_car/obs_car_info.cpp.o[0m
[ 31%] [32mBuilding CXX object src/reference_line/CMakeFiles/reference_line.dir/reference_line_creator.cpp.o[0m
[ 34%] [32mBuilding CXX object src/reference_line/CMakeFiles/reference_line.dir/reference_line_smoother.cpp.o[0m
[ 37%] [32m[1mLinking CXX shared library libvehicle_info.so[0m
[ 40%] [32m[1mLinking CXX shared library libglobal_planner.so[0m
[ 42%] [32m[1mLinking CXX static library libpnc_map_creator.a[0m
[ 42%] Built target pnc_map_creator
[ 45%] [32mBuilding CXX object src/pnc_map_creator/CMakeFiles/pnc_map_server.dir/pnc_map_server.cpp.o[0m
[ 45%] Built target vehicle_info
[ 45%] Built target global_planner
[ 48%] [32mBuilding CXX object src/move_cmd/CMakeFiles/obs_move_cmd.dir/obs_move_cmd.cpp.o[0m
[ 54%] [32mBuilding CXX object src/decision_center/CMakeFiles/decision_center.dir/decision_center.cpp.o[0m
[ 54%] [32mBuilding CXX object src/move_cmd/CMakeFiles/car_move_cmd.dir/car_move_cmd.cpp.o[0m
[ 57%] [32mBuilding CXX object src/global_planner/CMakeFiles/global_path_server.dir/global_path_server.cpp.o[0m
[ 60%] [32m[1mLinking CXX shared library libreference_line.so[0m
[ 60%] Built target reference_line
[ 62%] [32m[1mLinking CXX shared library libdecision_center.so[0m
[ 65%] [32m[1mLinking CXX executable car_move_cmd[0m
[ 68%] [32m[1mLinking CXX static library libpnc_map_server.a[0m
[ 68%] Built target decision_center
[ 68%] Built target pnc_map_server
[ 71%] [32mBuilding CXX object src/local_planner/CMakeFiles/local_planner.dir/local_trajectory_combiner.cpp.o[0m
[ 74%] [32mBuilding CXX object src/local_planner/CMakeFiles/local_planner.dir/local_path/local_path_planner.cpp.o[0m
[ 77%] [32mBuilding CXX object src/local_planner/CMakeFiles/local_planner.dir/local_path/local_path_smoother.cpp.o[0m
[ 80%] [32mBuilding CXX object src/local_planner/CMakeFiles/local_planner.dir/local_speeds/local_speeds_planner.cpp.o[0m
[ 82%] [32mBuilding CXX object src/local_planner/CMakeFiles/local_planner.dir/local_speeds/local_speeds_smoother.cpp.o[0m
[ 85%] [32m[1mLinking CXX executable obs_move_cmd[0m
[ 88%] [32m[1mLinking CXX executable global_path_server[0m
[ 88%] Built target car_move_cmd
[ 88%] Built target obs_move_cmd
[ 88%] Built target global_path_server
[ 91%] [32m[1mLinking CXX shared library liblocal_planner.so[0m
[ 91%] Built target local_planner
[ 94%] [32mBuilding CXX object src/planning_process/CMakeFiles/planning_node.dir/planning_node.cpp.o[0m
[ 97%] [32mBuilding CXX object src/planning_process/CMakeFiles/planning_node.dir/planning_process.cpp.o[0m
[100%] [32m[1mLinking CXX executable planning_node[0m
[100%] Built target planning_node
-- Install configuration: ""
-- Installing: /home/zhangxin/planning_with_ROS2_course/install/planning/lib/libconfig_reader.so
-- Set non-toolchain portion of runtime path of "/home/zhangxin/planning_with_ROS2_course/install/planning/lib/libconfig_reader.so" to ""
-- Up-to-date: /home/zhangxin/planning_with_ROS2_course/install/planning/lib/libmathlibs.so
-- Installing: /home/zhangxin/planning_with_ROS2_course/install/planning/lib/libdecision_center.so
-- Set non-toolchain portion of runtime path of "/home/zhangxin/planning_with_ROS2_course/install/planning/lib/libdecision_center.so" to ""
-- Installing: /home/zhangxin/planning_with_ROS2_course/install/planning/lib/libpnc_map_creator.a
-- Installing: /home/zhangxin/planning_with_ROS2_course/install/planning/lib/planning/libpnc_map_server.a
-- Installing: /home/zhangxin/planning_with_ROS2_course/install/planning/lib/libglobal_planner.so
-- Set non-toolchain portion of runtime path of "/home/zhangxin/planning_with_ROS2_course/install/planning/lib/libglobal_planner.so" to ""
-- Installing: /home/zhangxin/planning_with_ROS2_course/install/planning/lib/planning/global_path_server
-- Set non-toolchain portion of runtime path of "/home/zhangxin/planning_with_ROS2_course/install/planning/lib/planning/global_path_server" to ""
-- Installing: /home/zhangxin/planning_with_ROS2_course/install/planning/lib/liblocal_planner.so
-- Set non-toolchain portion of runtime path of "/home/zhangxin/planning_with_ROS2_course/install/planning/lib/liblocal_planner.so" to ""
-- Installing: /home/zhangxin/planning_with_ROS2_course/install/planning/lib/libreference_line.so
-- Set non-toolchain portion of runtime path of "/home/zhangxin/planning_with_ROS2_course/install/planning/lib/libreference_line.so" to ""
-- Installing: /home/zhangxin/planning_with_ROS2_course/install/planning/lib/libvehicle_info.so
-- Set non-toolchain portion of runtime path of "/home/zhangxin/planning_with_ROS2_course/install/planning/lib/libvehicle_info.so" to ""
-- Installing: /home/zhangxin/planning_with_ROS2_course/install/planning/lib/planning/planning_node
-- Set non-toolchain portion of runtime path of "/home/zhangxin/planning_with_ROS2_course/install/planning/lib/planning/planning_node" to ""
-- Installing: /home/zhangxin/planning_with_ROS2_course/install/planning/lib/planning/car_move_cmd
-- Set non-toolchain portion of runtime path of "/home/zhangxin/planning_with_ROS2_course/install/planning/lib/planning/car_move_cmd" to ""
-- Installing: /home/zhangxin/planning_with_ROS2_course/install/planning/lib/planning/obs_move_cmd
-- Set non-toolchain portion of runtime path of "/home/zhangxin/planning_with_ROS2_course/install/planning/lib/planning/obs_move_cmd" to ""
-- Up-to-date: /home/zhangxin/planning_with_ROS2_course/install/planning/lib/planning/config
-- Up-to-date: /home/zhangxin/planning_with_ROS2_course/install/planning/lib/planning/config/planning_static_obs_config.yaml
-- Up-to-date: /home/zhangxin/planning_with_ROS2_course/install/planning/lib/planning/launch
-- Up-to-date: /home/zhangxin/planning_with_ROS2_course/install/planning/lib/planning/urdf
-- Up-to-date: /home/zhangxin/planning_with_ROS2_course/install/planning/lib/planning/urdf/obs_car
-- Up-to-date: /home/zhangxin/planning_with_ROS2_course/install/planning/lib/planning/urdf/main_car
-- Up-to-date: /home/zhangxin/planning_with_ROS2_course/install/planning/lib/planning/rviz
-- Up-to-date: /home/zhangxin/planning_with_ROS2_course/install/planning/share/ament_index/resource_index/package_run_dependencies/planning
-- Up-to-date: /home/zhangxin/planning_with_ROS2_course/install/planning/share/ament_index/resource_index/parent_prefix_path/planning
-- Up-to-date: /home/zhangxin/planning_with_ROS2_course/install/planning/share/planning/environment/ament_prefix_path.sh
-- Installing: /home/zhangxin/planning_with_ROS2_course/install/planning/share/planning/environment/ament_prefix_path.dsv
-- Up-to-date: /home/zhangxin/planning_with_ROS2_course/install/planning/share/planning/environment/path.sh
-- Installing: /home/zhangxin/planning_with_ROS2_course/install/planning/share/planning/environment/path.dsv
-- Up-to-date: /home/zhangxin/planning_with_ROS2_course/install/planning/share/planning/local_setup.bash
-- Up-to-date: /home/zhangxin/planning_with_ROS2_course/install/planning/share/planning/local_setup.sh
-- Up-to-date: /home/zhangxin/planning_with_ROS2_course/install/planning/share/planning/local_setup.zsh
-- Installing: /home/zhangxin/planning_with_ROS2_course/install/planning/share/planning/local_setup.dsv
-- Installing: /home/zhangxin/planning_with_ROS2_course/install/planning/share/planning/package.dsv
-- Up-to-date: /home/zhangxin/planning_with_ROS2_course/install/planning/share/ament_index/resource_index/packages/planning
-- Up-to-date: /home/zhangxin/planning_with_ROS2_course/install/planning/share/planning/cmake/planningConfig.cmake
-- Up-to-date: /home/zhangxin/planning_with_ROS2_course/install/planning/share/planning/cmake/planningConfig-version.cmake
-- Up-to-date: /home/zhangxin/planning_with_ROS2_course/install/planning/share/planning/package.xml
