[0.238s] Invoking command in '/home/zhangxin/planning_with_ROS2_course/build/planning': CMAKE_PREFIX_PATH=/home/zhangxin/planning_with_ROS2_course/install/base_msgs:/home/zhangxin/planning_with_ROS2_course/install/planning:/home/zhangxin/planning_with_ROS2_course/install/data_plot:/opt/ros/humble CONDA_PROMPT_MODIFIER=(base) /usr/local/bin/cmake --build /home/zhangxin/planning_with_ROS2_course/build/planning -- -j16 -l16
[0.264s] -- Found ament_cmake: 1.3.12 (/opt/ros/humble/share/ament_cmake/cmake)
[0.492s] -- Found rclcpp: 16.0.14 (/opt/ros/humble/share/rclcpp/cmake)
[0.534s] -- Found rosidl_generator_c: 3.1.7 (/opt/ros/humble/share/rosidl_generator_c/cmake)
[0.538s] -- Found rosidl_adapter: 3.1.7 (/opt/ros/humble/share/rosidl_adapter/cmake)
[0.547s] -- Found rosidl_generator_cpp: 3.1.7 (/opt/ros/humble/share/rosidl_generator_cpp/cmake)
[0.562s] -- Using all available rosidl_typesupport_c: rosidl_typesupport_fastrtps_c;rosidl_typesupport_introspection_c
[0.579s] -- Using all available rosidl_typesupport_cpp: rosidl_typesupport_fastrtps_cpp;rosidl_typesupport_introspection_cpp
[0.628s] -- Found rmw_implementation_cmake: 6.1.2 (/opt/ros/humble/share/rmw_implementation_cmake/cmake)
[0.630s] -- Found rmw_fastrtps_cpp: 6.2.8 (/opt/ros/humble/share/rmw_fastrtps_cpp/cmake)
[0.758s] -- Using RMW implementation 'rmw_fastrtps_cpp' as default
[0.834s] -- Found tf2: 0.25.16 (/opt/ros/humble/share/tf2/cmake)
[0.859s] -- Found tf2_ros: 0.25.16 (/opt/ros/humble/share/tf2_ros/cmake)
[0.980s] -- Found nav_msgs: 4.9.0 (/opt/ros/humble/share/nav_msgs/cmake)
[1.005s] -- Found visualization_msgs: 4.9.0 (/opt/ros/humble/share/visualization_msgs/cmake)
[1.061s] -- Found base_msgs: 0.0.0 (/home/zhangxin/planning_with_ROS2_course/install/base_msgs/share/base_msgs/cmake)
[1.179s] -- Configuring done (0.9s)
[1.273s] -- Generating done (0.1s)
[1.295s] -- Build files have been written to: /home/zhangxin/planning_with_ROS2_course/build/planning
[1.332s] [  2%] [32mBuilding CXX object src/common/CMakeFiles/config_reader.dir/config_reader/config_reader.cpp.o[0m
[1.339s] [ 11%] Built target mathlibs
[3.951s] [ 14%] [32m[1mLinking CXX shared library libconfig_reader.so[0m
[4.078s] [ 14%] Built target config_reader
[4.098s] [ 17%] [32mBuilding CXX object src/global_planner/CMakeFiles/global_planner.dir/global_planner_normal/global_planner_normal.cpp.o[0m
[4.102s] [ 25%] [32mBuilding CXX object src/vehicle_info/CMakeFiles/vehicle_info.dir/main_car/main_car_info.cpp.o[0m
[4.103s] [ 25%] [32mBuilding CXX object src/pnc_map_creator/CMakeFiles/pnc_map_creator.dir/pnc_map_straight/pnc_map_creator_straight.cpp.o[0m
[4.103s] [ 25%] [32mBuilding CXX object src/pnc_map_creator/CMakeFiles/pnc_map_creator.dir/pnc_map_sturn/pnc_map_creator_sturn.cpp.o[0m
[4.103s] [ 28%] [32mBuilding CXX object src/vehicle_info/CMakeFiles/vehicle_info.dir/obs_car/obs_car_info.cpp.o[0m
[4.109s] [ 31%] [32mBuilding CXX object src/reference_line/CMakeFiles/reference_line.dir/reference_line_creator.cpp.o[0m
[4.110s] [ 34%] [32mBuilding CXX object src/reference_line/CMakeFiles/reference_line.dir/reference_line_smoother.cpp.o[0m
[7.853s] [ 37%] [32m[1mLinking CXX shared library libvehicle_info.so[0m
[7.870s] [ 40%] [32m[1mLinking CXX shared library libglobal_planner.so[0m
[7.885s] [ 42%] [32m[1mLinking CXX static library libpnc_map_creator.a[0m
[7.908s] [ 42%] Built target pnc_map_creator
[7.933s] [ 45%] [32mBuilding CXX object src/pnc_map_creator/CMakeFiles/pnc_map_server.dir/pnc_map_server.cpp.o[0m
[8.008s] [ 45%] Built target vehicle_info
[8.018s] [ 45%] Built target global_planner
[8.030s] [ 48%] [32mBuilding CXX object src/move_cmd/CMakeFiles/obs_move_cmd.dir/obs_move_cmd.cpp.o[0m
[8.031s] [ 54%] [32mBuilding CXX object src/decision_center/CMakeFiles/decision_center.dir/decision_center.cpp.o[0m
[8.031s] [ 54%] [32mBuilding CXX object src/move_cmd/CMakeFiles/car_move_cmd.dir/car_move_cmd.cpp.o[0m
[8.041s] [ 57%] [32mBuilding CXX object src/global_planner/CMakeFiles/global_path_server.dir/global_path_server.cpp.o[0m
[8.806s] [ 60%] [32m[1mLinking CXX shared library libreference_line.so[0m
[8.964s] [ 60%] Built target reference_line
[11.327s] [ 62%] [32m[1mLinking CXX shared library libdecision_center.so[0m
[11.450s] [ 65%] [32m[1mLinking CXX executable car_move_cmd[0m
[11.466s] [ 68%] [32m[1mLinking CXX static library libpnc_map_server.a[0m
[11.473s] [ 68%] Built target decision_center
[11.488s] [ 68%] Built target pnc_map_server
[11.517s] [ 71%] [32mBuilding CXX object src/local_planner/CMakeFiles/local_planner.dir/local_trajectory_combiner.cpp.o[0m
[11.518s] [ 74%] [32mBuilding CXX object src/local_planner/CMakeFiles/local_planner.dir/local_path/local_path_planner.cpp.o[0m
[11.519s] [ 77%] [32mBuilding CXX object src/local_planner/CMakeFiles/local_planner.dir/local_path/local_path_smoother.cpp.o[0m
[11.520s] [ 80%] [32mBuilding CXX object src/local_planner/CMakeFiles/local_planner.dir/local_speeds/local_speeds_planner.cpp.o[0m
[11.521s] [ 82%] [32mBuilding CXX object src/local_planner/CMakeFiles/local_planner.dir/local_speeds/local_speeds_smoother.cpp.o[0m
[11.527s] [ 85%] [32m[1mLinking CXX executable obs_move_cmd[0m
[11.548s] [ 88%] [32m[1mLinking CXX executable global_path_server[0m
[11.659s] [ 88%] Built target car_move_cmd
[11.725s] [ 88%] Built target obs_move_cmd
[11.729s] [ 88%] Built target global_path_server
[15.576s] [ 91%] [32m[1mLinking CXX shared library liblocal_planner.so[0m
[15.695s] [ 91%] Built target local_planner
[15.726s] [ 94%] [32mBuilding CXX object src/planning_process/CMakeFiles/planning_node.dir/planning_node.cpp.o[0m
[15.727s] [ 97%] [32mBuilding CXX object src/planning_process/CMakeFiles/planning_node.dir/planning_process.cpp.o[0m
[19.207s] [100%] [32m[1mLinking CXX executable planning_node[0m
[19.349s] [100%] Built target planning_node
[19.356s] Invoked command in '/home/zhangxin/planning_with_ROS2_course/build/planning' returned '0': CMAKE_PREFIX_PATH=/home/zhangxin/planning_with_ROS2_course/install/base_msgs:/home/zhangxin/planning_with_ROS2_course/install/planning:/home/zhangxin/planning_with_ROS2_course/install/data_plot:/opt/ros/humble CONDA_PROMPT_MODIFIER=(base) /usr/local/bin/cmake --build /home/zhangxin/planning_with_ROS2_course/build/planning -- -j16 -l16
[19.358s] Invoking command in '/home/zhangxin/planning_with_ROS2_course/build/planning': CMAKE_PREFIX_PATH=/home/zhangxin/planning_with_ROS2_course/install/base_msgs:/home/zhangxin/planning_with_ROS2_course/install/planning:/home/zhangxin/planning_with_ROS2_course/install/data_plot:/opt/ros/humble CONDA_PROMPT_MODIFIER=(base) /usr/local/bin/cmake --install /home/zhangxin/planning_with_ROS2_course/build/planning
[19.360s] -- Install configuration: ""
[19.361s] -- Installing: /home/zhangxin/planning_with_ROS2_course/install/planning/lib/libconfig_reader.so
[19.361s] -- Set non-toolchain portion of runtime path of "/home/zhangxin/planning_with_ROS2_course/install/planning/lib/libconfig_reader.so" to ""
[19.362s] -- Up-to-date: /home/zhangxin/planning_with_ROS2_course/install/planning/lib/libmathlibs.so
[19.362s] -- Installing: /home/zhangxin/planning_with_ROS2_course/install/planning/lib/libdecision_center.so
[19.363s] -- Set non-toolchain portion of runtime path of "/home/zhangxin/planning_with_ROS2_course/install/planning/lib/libdecision_center.so" to ""
[19.363s] -- Installing: /home/zhangxin/planning_with_ROS2_course/install/planning/lib/libpnc_map_creator.a
[19.363s] -- Installing: /home/zhangxin/planning_with_ROS2_course/install/planning/lib/planning/libpnc_map_server.a
[19.364s] -- Installing: /home/zhangxin/planning_with_ROS2_course/install/planning/lib/libglobal_planner.so
[19.365s] -- Set non-toolchain portion of runtime path of "/home/zhangxin/planning_with_ROS2_course/install/planning/lib/libglobal_planner.so" to ""
[19.365s] -- Installing: /home/zhangxin/planning_with_ROS2_course/install/planning/lib/planning/global_path_server
[19.366s] -- Set non-toolchain portion of runtime path of "/home/zhangxin/planning_with_ROS2_course/install/planning/lib/planning/global_path_server" to ""
[19.367s] -- Installing: /home/zhangxin/planning_with_ROS2_course/install/planning/lib/liblocal_planner.so
[19.367s] -- Set non-toolchain portion of runtime path of "/home/zhangxin/planning_with_ROS2_course/install/planning/lib/liblocal_planner.so" to ""
[19.368s] -- Installing: /home/zhangxin/planning_with_ROS2_course/install/planning/lib/libreference_line.so
[19.368s] -- Set non-toolchain portion of runtime path of "/home/zhangxin/planning_with_ROS2_course/install/planning/lib/libreference_line.so" to ""
[19.369s] -- Installing: /home/zhangxin/planning_with_ROS2_course/install/planning/lib/libvehicle_info.so
[19.369s] -- Set non-toolchain portion of runtime path of "/home/zhangxin/planning_with_ROS2_course/install/planning/lib/libvehicle_info.so" to ""
[19.370s] -- Installing: /home/zhangxin/planning_with_ROS2_course/install/planning/lib/planning/planning_node
[19.370s] -- Set non-toolchain portion of runtime path of "/home/zhangxin/planning_with_ROS2_course/install/planning/lib/planning/planning_node" to ""
[19.371s] -- Installing: /home/zhangxin/planning_with_ROS2_course/install/planning/lib/planning/car_move_cmd
[19.372s] -- Set non-toolchain portion of runtime path of "/home/zhangxin/planning_with_ROS2_course/install/planning/lib/planning/car_move_cmd" to ""
[19.372s] -- Installing: /home/zhangxin/planning_with_ROS2_course/install/planning/lib/planning/obs_move_cmd
[19.373s] -- Set non-toolchain portion of runtime path of "/home/zhangxin/planning_with_ROS2_course/install/planning/lib/planning/obs_move_cmd" to ""
[19.373s] -- Up-to-date: /home/zhangxin/planning_with_ROS2_course/install/planning/lib/planning/config
[19.373s] -- Up-to-date: /home/zhangxin/planning_with_ROS2_course/install/planning/lib/planning/config/planning_static_obs_config.yaml
[19.373s] -- Up-to-date: /home/zhangxin/planning_with_ROS2_course/install/planning/lib/planning/launch
[19.373s] -- Up-to-date: /home/zhangxin/planning_with_ROS2_course/install/planning/lib/planning/urdf
[19.373s] -- Up-to-date: /home/zhangxin/planning_with_ROS2_course/install/planning/lib/planning/urdf/obs_car
[19.373s] -- Up-to-date: /home/zhangxin/planning_with_ROS2_course/install/planning/lib/planning/urdf/main_car
[19.374s] -- Up-to-date: /home/zhangxin/planning_with_ROS2_course/install/planning/lib/planning/rviz
[19.374s] -- Up-to-date: /home/zhangxin/planning_with_ROS2_course/install/planning/share/ament_index/resource_index/package_run_dependencies/planning
[19.374s] -- Up-to-date: /home/zhangxin/planning_with_ROS2_course/install/planning/share/ament_index/resource_index/parent_prefix_path/planning
[19.374s] -- Up-to-date: /home/zhangxin/planning_with_ROS2_course/install/planning/share/planning/environment/ament_prefix_path.sh
[19.374s] -- Installing: /home/zhangxin/planning_with_ROS2_course/install/planning/share/planning/environment/ament_prefix_path.dsv
[19.374s] -- Up-to-date: /home/zhangxin/planning_with_ROS2_course/install/planning/share/planning/environment/path.sh
[19.374s] -- Installing: /home/zhangxin/planning_with_ROS2_course/install/planning/share/planning/environment/path.dsv
[19.374s] -- Up-to-date: /home/zhangxin/planning_with_ROS2_course/install/planning/share/planning/local_setup.bash
[19.375s] -- Up-to-date: /home/zhangxin/planning_with_ROS2_course/install/planning/share/planning/local_setup.sh
[19.375s] -- Up-to-date: /home/zhangxin/planning_with_ROS2_course/install/planning/share/planning/local_setup.zsh
[19.375s] -- Installing: /home/zhangxin/planning_with_ROS2_course/install/planning/share/planning/local_setup.dsv
[19.375s] -- Installing: /home/zhangxin/planning_with_ROS2_course/install/planning/share/planning/package.dsv
[19.375s] -- Up-to-date: /home/zhangxin/planning_with_ROS2_course/install/planning/share/ament_index/resource_index/packages/planning
[19.375s] -- Up-to-date: /home/zhangxin/planning_with_ROS2_course/install/planning/share/planning/cmake/planningConfig.cmake
[19.375s] -- Up-to-date: /home/zhangxin/planning_with_ROS2_course/install/planning/share/planning/cmake/planningConfig-version.cmake
[19.375s] -- Up-to-date: /home/zhangxin/planning_with_ROS2_course/install/planning/share/planning/package.xml
[19.377s] Invoked command in '/home/zhangxin/planning_with_ROS2_course/build/planning' returned '0': CMAKE_PREFIX_PATH=/home/zhangxin/planning_with_ROS2_course/install/base_msgs:/home/zhangxin/planning_with_ROS2_course/install/planning:/home/zhangxin/planning_with_ROS2_course/install/data_plot:/opt/ros/humble CONDA_PROMPT_MODIFIER=(base) /usr/local/bin/cmake --install /home/zhangxin/planning_with_ROS2_course/build/planning
