[0.013s] Invoking command in '/home/zhangxin/planning_with_ROS2_course/src/build/base_msgs': CMAKE_PREFIX_PATH=${CMAKE_PREFIX_PATH}:/home/zhangxin/planning_with_ROS2_course/install/data_plot:/opt/ros/humble /usr/local/bin/cmake /home/zhangxin/planning_with_ROS2_course/src/base_msgs -DCMAKE_INSTALL_PREFIX=/home/zhangxin/planning_with_ROS2_course/src/install/base_msgs
[0.070s] -- The C compiler identification is GNU 11.4.0
[0.137s] -- The CXX compiler identification is GNU 11.4.0
[0.151s] -- Detecting C compiler ABI info
[0.220s] -- Detecting C compiler ABI info - done
[0.236s] -- Check for working C compiler: /usr/bin/cc - skipped
[0.236s] -- Detecting C compile features
[0.237s] -- Detecting C compile features - done
[0.241s] -- Detecting CXX compiler ABI info
[0.318s] -- Detecting CXX compiler ABI info - done
[0.335s] -- Check for working CXX compiler: /usr/bin/c++ - skipped
[0.335s] -- Detecting CXX compile features
[0.336s] -- Detecting CXX compile features - done
[0.340s] -- Found ament_cmake: 1.3.12 (/opt/ros/humble/share/ament_cmake/cmake)
[0.481s] -- Found Python3: /usr/bin/python3 (found version "3.10.12") found components: Interpreter
[0.570s] -- Found rosidl_default_generators: 1.2.0 (/opt/ros/humble/share/rosidl_default_generators/cmake)
[0.574s] -- Using all available rosidl_typesupport_c: rosidl_typesupport_fastrtps_c;rosidl_typesupport_introspection_c
[0.581s] -- Found rosidl_adapter: 3.1.7 (/opt/ros/humble/share/rosidl_adapter/cmake)
[0.628s] -- Using all available rosidl_typesupport_cpp: rosidl_typesupport_fastrtps_cpp;rosidl_typesupport_introspection_cpp
[0.672s] -- Found visualization_msgs: 4.9.0 (/opt/ros/humble/share/visualization_msgs/cmake)
[0.784s] -- Found nav_msgs: 4.9.0 (/opt/ros/humble/share/nav_msgs/cmake)
[0.810s] -- Found ament_lint_auto: 0.12.14 (/opt/ros/humble/share/ament_lint_auto/cmake)
[0.893s] -- Added test 'lint_cmake' to check CMake code style
[0.895s] -- Added test 'xmllint' to check XML markup files
[0.897s] -- Configuring done (0.9s)
[0.902s] -- Generating done (0.0s)
[0.905s] -- Build files have been written to: /home/zhangxin/planning_with_ROS2_course/src/build/base_msgs
[0.914s] Invoked command in '/home/zhangxin/planning_with_ROS2_course/src/build/base_msgs' returned '0': CMAKE_PREFIX_PATH=${CMAKE_PREFIX_PATH}:/home/zhangxin/planning_with_ROS2_course/install/data_plot:/opt/ros/humble /usr/local/bin/cmake /home/zhangxin/planning_with_ROS2_course/src/base_msgs -DCMAKE_INSTALL_PREFIX=/home/zhangxin/planning_with_ROS2_course/src/install/base_msgs
[0.918s] Invoking command in '/home/zhangxin/planning_with_ROS2_course/src/build/base_msgs': CMAKE_PREFIX_PATH=${CMAKE_PREFIX_PATH}:/home/zhangxin/planning_with_ROS2_course/install/data_plot:/opt/ros/humble /usr/local/bin/cmake --build /home/zhangxin/planning_with_ROS2_course/src/build/base_msgs -- -j16 -l16
[0.936s] Invoked command in '/home/zhangxin/planning_with_ROS2_course/src/build/base_msgs' returned '0': CMAKE_PREFIX_PATH=${CMAKE_PREFIX_PATH}:/home/zhangxin/planning_with_ROS2_course/install/data_plot:/opt/ros/humble /usr/local/bin/cmake --build /home/zhangxin/planning_with_ROS2_course/src/build/base_msgs -- -j16 -l16
[0.943s] Invoking command in '/home/zhangxin/planning_with_ROS2_course/src/build/base_msgs': CMAKE_PREFIX_PATH=${CMAKE_PREFIX_PATH}:/home/zhangxin/planning_with_ROS2_course/install/data_plot:/opt/ros/humble /usr/local/bin/cmake --install /home/zhangxin/planning_with_ROS2_course/src/build/base_msgs
[0.945s] -- Install configuration: ""
[0.945s] -- Installing: /home/zhangxin/planning_with_ROS2_course/src/install/base_msgs/share/ament_index/resource_index/package_run_dependencies/base_msgs
[0.945s] -- Installing: /home/zhangxin/planning_with_ROS2_course/src/install/base_msgs/share/ament_index/resource_index/parent_prefix_path/base_msgs
[0.946s] -- Installing: /home/zhangxin/planning_with_ROS2_course/src/install/base_msgs/share/base_msgs/environment/ament_prefix_path.sh
[0.946s] -- Installing: /home/zhangxin/planning_with_ROS2_course/src/install/base_msgs/share/base_msgs/environment/ament_prefix_path.dsv
[0.946s] -- Installing: /home/zhangxin/planning_with_ROS2_course/src/install/base_msgs/share/base_msgs/environment/path.sh
[0.946s] -- Installing: /home/zhangxin/planning_with_ROS2_course/src/install/base_msgs/share/base_msgs/environment/path.dsv
[0.946s] -- Installing: /home/zhangxin/planning_with_ROS2_course/src/install/base_msgs/share/base_msgs/local_setup.bash
[0.946s] -- Installing: /home/zhangxin/planning_with_ROS2_course/src/install/base_msgs/share/base_msgs/local_setup.sh
[0.946s] -- Installing: /home/zhangxin/planning_with_ROS2_course/src/install/base_msgs/share/base_msgs/local_setup.zsh
[0.947s] -- Installing: /home/zhangxin/planning_with_ROS2_course/src/install/base_msgs/share/base_msgs/local_setup.dsv
[0.947s] -- Installing: /home/zhangxin/planning_with_ROS2_course/src/install/base_msgs/share/base_msgs/package.dsv
[0.947s] -- Installing: /home/zhangxin/planning_with_ROS2_course/src/install/base_msgs/share/ament_index/resource_index/packages/base_msgs
[0.947s] -- Installing: /home/zhangxin/planning_with_ROS2_course/src/install/base_msgs/share/base_msgs/cmake/base_msgsConfig.cmake
[0.947s] -- Installing: /home/zhangxin/planning_with_ROS2_course/src/install/base_msgs/share/base_msgs/cmake/base_msgsConfig-version.cmake
[0.947s] -- Installing: /home/zhangxin/planning_with_ROS2_course/src/install/base_msgs/share/base_msgs/package.xml
[0.949s] Invoked command in '/home/zhangxin/planning_with_ROS2_course/src/build/base_msgs' returned '0': CMAKE_PREFIX_PATH=${CMAKE_PREFIX_PATH}:/home/zhangxin/planning_with_ROS2_course/install/data_plot:/opt/ros/humble /usr/local/bin/cmake --install /home/zhangxin/planning_with_ROS2_course/src/build/base_msgs
