[0.235s] Invoking command in '/home/zhangxin/planning_with_ROS2_course/build/planning': CMAKE_PREFIX_PATH=/home/zhangxin/planning_with_ROS2_course/install/base_msgs:/home/zhangxin/planning_with_ROS2_course/install/planning:/home/zhangxin/planning_with_ROS2_course/install/data_plot:/opt/ros/humble /usr/local/bin/cmake --build /home/zhangxin/planning_with_ROS2_course/build/planning -- -j16 -l16
[0.250s] -- Found ament_cmake: 1.3.12 (/opt/ros/humble/share/ament_cmake/cmake)
[0.444s] -- Found rclcpp: 16.0.14 (/opt/ros/humble/share/rclcpp/cmake)
[0.477s] -- Found rosidl_generator_c: 3.1.7 (/opt/ros/humble/share/rosidl_generator_c/cmake)
[0.480s] -- Found rosidl_adapter: 3.1.7 (/opt/ros/humble/share/rosidl_adapter/cmake)
[0.487s] -- Found rosidl_generator_cpp: 3.1.7 (/opt/ros/humble/share/rosidl_generator_cpp/cmake)
[0.498s] -- Using all available rosidl_typesupport_c: rosidl_typesupport_fastrtps_c;rosidl_typesupport_introspection_c
[0.512s] -- Using all available rosidl_typesupport_cpp: rosidl_typesupport_fastrtps_cpp;rosidl_typesupport_introspection_cpp
[0.556s] -- Found rmw_implementation_cmake: 6.1.2 (/opt/ros/humble/share/rmw_implementation_cmake/cmake)
[0.557s] -- Found rmw_fastrtps_cpp: 6.2.8 (/opt/ros/humble/share/rmw_fastrtps_cpp/cmake)
[0.696s] -- Using RMW implementation 'rmw_fastrtps_cpp' as default
[0.761s] -- Found tf2: 0.25.16 (/opt/ros/humble/share/tf2/cmake)
[0.783s] -- Found tf2_ros: 0.25.16 (/opt/ros/humble/share/tf2_ros/cmake)
[0.892s] -- Found nav_msgs: 4.9.0 (/opt/ros/humble/share/nav_msgs/cmake)
[0.914s] -- Found visualization_msgs: 4.9.0 (/opt/ros/humble/share/visualization_msgs/cmake)
[0.966s] -- Found base_msgs: 0.0.0 (/home/zhangxin/planning_with_ROS2_course/install/base_msgs/share/base_msgs/cmake)
[1.058s] -- Configuring done (0.8s)
[1.123s] -- Generating done (0.1s)
[1.142s] -- Build files have been written to: /home/zhangxin/planning_with_ROS2_course/build/planning
[1.173s] [  3%] [32mBuilding CXX object src/pnc_map_creator/CMakeFiles/pnc_map_creator.dir/pnc_map_straight/pnc_map_creator_straight.cpp.o[0m
[1.173s] [  6%] [32mBuilding CXX object src/pnc_map_creator/CMakeFiles/pnc_map_creator.dir/pnc_map_sturn/pnc_map_creator_sturn.cpp.o[0m
[1.186s] [ 13%] Built target config_reader
[1.188s] [ 34%] Built target decision_center
[1.188s] [ 34%] Built target obs_move_cmd
[1.188s] [ 34%] Built target car_move_cmd
[1.189s] [ 44%] Built target mathlibs
[1.192s] [ 55%] Built target planning_node
[1.202s] [ 75%] Built target local_planner
[1.206s] [ 79%] [32m[1mLinking CXX shared library libglobal_planner.so[0m
[1.332s] [ 82%] Built target global_planner
[1.352s] [ 86%] [32m[1mLinking CXX executable global_path_server[0m
[1.491s] [ 89%] Built target global_path_server
[4.183s] [ 93%] [32m[1mLinking CXX static library libpnc_map_creator.a[0m
[4.205s] [ 93%] Built target pnc_map_creator
[4.215s] [ 96%] [32mBuilding CXX object src/pnc_map_creator/CMakeFiles/pnc_map_server.dir/pnc_map_server.cpp.o[0m
[6.998s] [100%] [32m[1mLinking CXX static library libpnc_map_server.a[0m
[7.017s] [100%] Built target pnc_map_server
[7.023s] Invoked command in '/home/zhangxin/planning_with_ROS2_course/build/planning' returned '0': CMAKE_PREFIX_PATH=/home/zhangxin/planning_with_ROS2_course/install/base_msgs:/home/zhangxin/planning_with_ROS2_course/install/planning:/home/zhangxin/planning_with_ROS2_course/install/data_plot:/opt/ros/humble /usr/local/bin/cmake --build /home/zhangxin/planning_with_ROS2_course/build/planning -- -j16 -l16
[7.025s] Invoking command in '/home/zhangxin/planning_with_ROS2_course/build/planning': CMAKE_PREFIX_PATH=/home/zhangxin/planning_with_ROS2_course/install/base_msgs:/home/zhangxin/planning_with_ROS2_course/install/planning:/home/zhangxin/planning_with_ROS2_course/install/data_plot:/opt/ros/humble /usr/local/bin/cmake --install /home/zhangxin/planning_with_ROS2_course/build/planning
[7.027s] -- Install configuration: ""
[7.027s] -- Up-to-date: /home/zhangxin/planning_with_ROS2_course/install/planning/lib/libconfig_reader.so
[7.028s] -- Up-to-date: /home/zhangxin/planning_with_ROS2_course/install/planning/lib/libmathlibs.so
[7.028s] -- Up-to-date: /home/zhangxin/planning_with_ROS2_course/install/planning/lib/libdecision_center.so
[7.028s] -- Installing: /home/zhangxin/planning_with_ROS2_course/install/planning/lib/libpnc_map_creator.a
[7.029s] -- Installing: /home/zhangxin/planning_with_ROS2_course/install/planning/lib/planning/libpnc_map_server.a
[7.029s] -- Installing: /home/zhangxin/planning_with_ROS2_course/install/planning/lib/libglobal_planner.so
[7.030s] -- Set non-toolchain portion of runtime path of "/home/zhangxin/planning_with_ROS2_course/install/planning/lib/libglobal_planner.so" to ""
[7.030s] -- Installing: /home/zhangxin/planning_with_ROS2_course/install/planning/lib/planning/global_path_server
[7.031s] -- Set non-toolchain portion of runtime path of "/home/zhangxin/planning_with_ROS2_course/install/planning/lib/planning/global_path_server" to ""
[7.031s] -- Up-to-date: /home/zhangxin/planning_with_ROS2_course/install/planning/lib/liblocal_planner.so
[7.031s] -- Up-to-date: /home/zhangxin/planning_with_ROS2_course/install/planning/lib/planning/planning_node
[7.032s] -- Up-to-date: /home/zhangxin/planning_with_ROS2_course/install/planning/lib/planning/car_move_cmd
[7.032s] -- Up-to-date: /home/zhangxin/planning_with_ROS2_course/install/planning/lib/planning/obs_move_cmd
[7.032s] -- Up-to-date: /home/zhangxin/planning_with_ROS2_course/install/planning/lib/planning/config
[7.033s] -- Up-to-date: /home/zhangxin/planning_with_ROS2_course/install/planning/lib/planning/launch
[7.033s] -- Up-to-date: /home/zhangxin/planning_with_ROS2_course/install/planning/lib/planning/urdf
[7.033s] -- Up-to-date: /home/zhangxin/planning_with_ROS2_course/install/planning/lib/planning/urdf/obs_car
[7.033s] -- Up-to-date: /home/zhangxin/planning_with_ROS2_course/install/planning/lib/planning/urdf/main_car
[7.033s] -- Up-to-date: /home/zhangxin/planning_with_ROS2_course/install/planning/lib/planning/rviz
[7.033s] -- Up-to-date: /home/zhangxin/planning_with_ROS2_course/install/planning/share/ament_index/resource_index/package_run_dependencies/planning
[7.033s] -- Up-to-date: /home/zhangxin/planning_with_ROS2_course/install/planning/share/ament_index/resource_index/parent_prefix_path/planning
[7.033s] -- Up-to-date: /home/zhangxin/planning_with_ROS2_course/install/planning/share/planning/environment/ament_prefix_path.sh
[7.033s] -- Installing: /home/zhangxin/planning_with_ROS2_course/install/planning/share/planning/environment/ament_prefix_path.dsv
[7.033s] -- Up-to-date: /home/zhangxin/planning_with_ROS2_course/install/planning/share/planning/environment/path.sh
[7.033s] -- Installing: /home/zhangxin/planning_with_ROS2_course/install/planning/share/planning/environment/path.dsv
[7.033s] -- Up-to-date: /home/zhangxin/planning_with_ROS2_course/install/planning/share/planning/local_setup.bash
[7.033s] -- Up-to-date: /home/zhangxin/planning_with_ROS2_course/install/planning/share/planning/local_setup.sh
[7.033s] -- Up-to-date: /home/zhangxin/planning_with_ROS2_course/install/planning/share/planning/local_setup.zsh
[7.033s] -- Installing: /home/zhangxin/planning_with_ROS2_course/install/planning/share/planning/local_setup.dsv
[7.034s] -- Installing: /home/zhangxin/planning_with_ROS2_course/install/planning/share/planning/package.dsv
[7.034s] -- Up-to-date: /home/zhangxin/planning_with_ROS2_course/install/planning/share/ament_index/resource_index/packages/planning
[7.034s] -- Up-to-date: /home/zhangxin/planning_with_ROS2_course/install/planning/share/planning/cmake/planningConfig.cmake
[7.034s] -- Up-to-date: /home/zhangxin/planning_with_ROS2_course/install/planning/share/planning/cmake/planningConfig-version.cmake
[7.034s] -- Up-to-date: /home/zhangxin/planning_with_ROS2_course/install/planning/share/planning/package.xml
[7.036s] Invoked command in '/home/zhangxin/planning_with_ROS2_course/build/planning' returned '0': CMAKE_PREFIX_PATH=/home/zhangxin/planning_with_ROS2_course/install/base_msgs:/home/zhangxin/planning_with_ROS2_course/install/planning:/home/zhangxin/planning_with_ROS2_course/install/data_plot:/opt/ros/humble /usr/local/bin/cmake --install /home/zhangxin/planning_with_ROS2_course/build/planning
