[0.084s] DEBUG:colcon:Command line arguments: ['/usr/bin/colcon', 'build']
[0.084s] DEBUG:colcon:Parsed command line arguments: Namespace(log_base=None, log_level=None, verb_name='build', build_base='build', install_base='install', merge_install=False, symlink_install=False, test_result_base=None, continue_on_error=False, executor='parallel', parallel_workers=16, event_handlers=None, ignore_user_meta=False, metas=['./colcon.meta'], base_paths=['.'], packages_ignore=None, packages_ignore_regex=None, paths=None, packages_up_to=None, packages_up_to_regex=None, packages_above=None, packages_above_and_dependencies=None, packages_above_depth=None, packages_select_by_dep=None, packages_skip_by_dep=None, packages_skip_up_to=None, packages_select_build_failed=False, packages_skip_build_finished=False, packages_select_test_failures=False, packages_skip_test_passed=False, packages_select=None, packages_skip=None, packages_select_regex=None, packages_skip_regex=None, packages_start=None, packages_end=None, allow_overriding=[], cmake_args=None, cmake_target=None, cmake_target_skip_unavailable=False, cmake_clean_cache=False, cmake_clean_first=False, cmake_force_configure=False, ament_cmake_args=None, catkin_cmake_args=None, catkin_skip_building_tests=False, verb_parser=<colcon_defaults.argument_parser.defaults.DefaultArgumentsDecorator object at 0x7f591bf9f520>, verb_extension=<colcon_core.verb.build.BuildVerb object at 0x7f591bf9ef20>, main=<bound method BuildVerb.main of <colcon_core.verb.build.BuildVerb object at 0x7f591bf9ef20>>)
[0.212s] Level 1:colcon.colcon_core.package_discovery:discover_packages(colcon_meta) check parameters
[0.212s] Level 1:colcon.colcon_core.package_discovery:discover_packages(recursive) check parameters
[0.212s] Level 1:colcon.colcon_core.package_discovery:discover_packages(ignore) check parameters
[0.212s] Level 1:colcon.colcon_core.package_discovery:discover_packages(path) check parameters
[0.212s] Level 1:colcon.colcon_core.package_discovery:discover_packages(colcon_meta) discover
[0.212s] Level 1:colcon.colcon_core.package_discovery:discover_packages(recursive) discover
[0.212s] INFO:colcon.colcon_core.package_discovery:Crawling recursively for packages in '/home/zhangxin/planning_with_ROS2_course'
[0.212s] Level 1:colcon.colcon_core.package_identification:_identify(.) by extensions ['ignore', 'ignore_ament_install']
[0.212s] Level 1:colcon.colcon_core.package_identification:_identify(.) by extension 'ignore'
[0.212s] Level 1:colcon.colcon_core.package_identification:_identify(.) by extension 'ignore_ament_install'
[0.212s] Level 1:colcon.colcon_core.package_identification:_identify(.) by extensions ['colcon_pkg']
[0.212s] Level 1:colcon.colcon_core.package_identification:_identify(.) by extension 'colcon_pkg'
[0.212s] Level 1:colcon.colcon_core.package_identification:_identify(.) by extensions ['colcon_meta']
[0.212s] Level 1:colcon.colcon_core.package_identification:_identify(.) by extension 'colcon_meta'
[0.212s] Level 1:colcon.colcon_core.package_identification:_identify(.) by extensions ['ros']
[0.212s] Level 1:colcon.colcon_core.package_identification:_identify(.) by extension 'ros'
[0.222s] Level 1:colcon.colcon_core.package_identification:_identify(.) by extensions ['cmake', 'python']
[0.222s] Level 1:colcon.colcon_core.package_identification:_identify(.) by extension 'cmake'
[0.222s] Level 1:colcon.colcon_core.package_identification:_identify(.) by extension 'python'
[0.222s] Level 1:colcon.colcon_core.package_identification:_identify(.) by extensions ['python_setup_py']
[0.222s] Level 1:colcon.colcon_core.package_identification:_identify(.) by extension 'python_setup_py'
[0.222s] Level 1:colcon.colcon_core.package_identification:_identify(build) by extensions ['ignore', 'ignore_ament_install']
[0.223s] Level 1:colcon.colcon_core.package_identification:_identify(build) by extension 'ignore'
[0.223s] Level 1:colcon.colcon_core.package_identification:_identify(build) ignored
[0.223s] Level 1:colcon.colcon_core.package_identification:_identify(install) by extensions ['ignore', 'ignore_ament_install']
[0.223s] Level 1:colcon.colcon_core.package_identification:_identify(install) by extension 'ignore'
[0.223s] Level 1:colcon.colcon_core.package_identification:_identify(install) ignored
[0.223s] Level 1:colcon.colcon_core.package_identification:_identify(log) by extensions ['ignore', 'ignore_ament_install']
[0.223s] Level 1:colcon.colcon_core.package_identification:_identify(log) by extension 'ignore'
[0.223s] Level 1:colcon.colcon_core.package_identification:_identify(log) ignored
[0.223s] Level 1:colcon.colcon_core.package_identification:_identify(src) by extensions ['ignore', 'ignore_ament_install']
[0.223s] Level 1:colcon.colcon_core.package_identification:_identify(src) by extension 'ignore'
[0.223s] Level 1:colcon.colcon_core.package_identification:_identify(src) by extension 'ignore_ament_install'
[0.223s] Level 1:colcon.colcon_core.package_identification:_identify(src) by extensions ['colcon_pkg']
[0.223s] Level 1:colcon.colcon_core.package_identification:_identify(src) by extension 'colcon_pkg'
[0.223s] Level 1:colcon.colcon_core.package_identification:_identify(src) by extensions ['colcon_meta']
[0.223s] Level 1:colcon.colcon_core.package_identification:_identify(src) by extension 'colcon_meta'
[0.223s] Level 1:colcon.colcon_core.package_identification:_identify(src) by extensions ['ros']
[0.223s] Level 1:colcon.colcon_core.package_identification:_identify(src) by extension 'ros'
[0.223s] Level 1:colcon.colcon_core.package_identification:_identify(src) by extensions ['cmake', 'python']
[0.223s] Level 1:colcon.colcon_core.package_identification:_identify(src) by extension 'cmake'
[0.223s] Level 1:colcon.colcon_core.package_identification:_identify(src) by extension 'python'
[0.223s] Level 1:colcon.colcon_core.package_identification:_identify(src) by extensions ['python_setup_py']
[0.223s] Level 1:colcon.colcon_core.package_identification:_identify(src) by extension 'python_setup_py'
[0.223s] Level 1:colcon.colcon_core.package_identification:_identify(src/base_msgs) by extensions ['ignore', 'ignore_ament_install']
[0.223s] Level 1:colcon.colcon_core.package_identification:_identify(src/base_msgs) by extension 'ignore'
[0.224s] Level 1:colcon.colcon_core.package_identification:_identify(src/base_msgs) by extension 'ignore_ament_install'
[0.224s] Level 1:colcon.colcon_core.package_identification:_identify(src/base_msgs) by extensions ['colcon_pkg']
[0.224s] Level 1:colcon.colcon_core.package_identification:_identify(src/base_msgs) by extension 'colcon_pkg'
[0.224s] Level 1:colcon.colcon_core.package_identification:_identify(src/base_msgs) by extensions ['colcon_meta']
[0.224s] Level 1:colcon.colcon_core.package_identification:_identify(src/base_msgs) by extension 'colcon_meta'
[0.224s] Level 1:colcon.colcon_core.package_identification:_identify(src/base_msgs) by extensions ['ros']
[0.224s] Level 1:colcon.colcon_core.package_identification:_identify(src/base_msgs) by extension 'ros'
[0.227s] DEBUG:colcon.colcon_core.package_identification:Package 'src/base_msgs' with type 'ros.ament_cmake' and name 'base_msgs'
[0.228s] Level 1:colcon.colcon_core.package_identification:_identify(src/data_plot) by extensions ['ignore', 'ignore_ament_install']
[0.228s] Level 1:colcon.colcon_core.package_identification:_identify(src/data_plot) by extension 'ignore'
[0.228s] Level 1:colcon.colcon_core.package_identification:_identify(src/data_plot) by extension 'ignore_ament_install'
[0.228s] Level 1:colcon.colcon_core.package_identification:_identify(src/data_plot) by extensions ['colcon_pkg']
[0.228s] Level 1:colcon.colcon_core.package_identification:_identify(src/data_plot) by extension 'colcon_pkg'
[0.228s] Level 1:colcon.colcon_core.package_identification:_identify(src/data_plot) by extensions ['colcon_meta']
[0.228s] Level 1:colcon.colcon_core.package_identification:_identify(src/data_plot) by extension 'colcon_meta'
[0.228s] Level 1:colcon.colcon_core.package_identification:_identify(src/data_plot) by extensions ['ros']
[0.228s] Level 1:colcon.colcon_core.package_identification:_identify(src/data_plot) by extension 'ros'
[0.229s] DEBUG:colcon.colcon_core.package_identification:Package 'src/data_plot' with type 'ros.ament_python' and name 'data_plot'
[0.229s] Level 1:colcon.colcon_core.package_identification:_identify(src/planning) by extensions ['ignore', 'ignore_ament_install']
[0.229s] Level 1:colcon.colcon_core.package_identification:_identify(src/planning) by extension 'ignore'
[0.229s] Level 1:colcon.colcon_core.package_identification:_identify(src/planning) by extension 'ignore_ament_install'
[0.229s] Level 1:colcon.colcon_core.package_identification:_identify(src/planning) by extensions ['colcon_pkg']
[0.229s] Level 1:colcon.colcon_core.package_identification:_identify(src/planning) by extension 'colcon_pkg'
[0.229s] Level 1:colcon.colcon_core.package_identification:_identify(src/planning) by extensions ['colcon_meta']
[0.229s] Level 1:colcon.colcon_core.package_identification:_identify(src/planning) by extension 'colcon_meta'
[0.230s] Level 1:colcon.colcon_core.package_identification:_identify(src/planning) by extensions ['ros']
[0.230s] Level 1:colcon.colcon_core.package_identification:_identify(src/planning) by extension 'ros'
[0.230s] DEBUG:colcon.colcon_core.package_identification:Package 'src/planning' with type 'ros.ament_cmake' and name 'planning'
[0.230s] Level 1:colcon.colcon_core.package_discovery:discover_packages(recursive) using defaults
[0.230s] Level 1:colcon.colcon_core.package_discovery:discover_packages(ignore) discover
[0.230s] Level 1:colcon.colcon_core.package_discovery:discover_packages(ignore) using defaults
[0.230s] Level 1:colcon.colcon_core.package_discovery:discover_packages(path) discover
[0.230s] Level 1:colcon.colcon_core.package_discovery:discover_packages(path) using defaults
[0.245s] Level 1:colcon.colcon_core.package_discovery:discover_packages(prefix_path) check parameters
[0.245s] Level 1:colcon.colcon_core.package_discovery:discover_packages(prefix_path) discover
[0.247s] DEBUG:colcon.colcon_installed_package_information.package_discovery:Found 275 installed packages in /opt/ros/humble
[0.262s] Level 1:colcon.colcon_core.package_discovery:discover_packages(prefix_path) using defaults
[0.291s] Level 5:colcon.colcon_core.verb:set package 'base_msgs' build argument 'cmake_args' from command line to 'None'
[0.292s] Level 5:colcon.colcon_core.verb:set package 'base_msgs' build argument 'cmake_target' from command line to 'None'
[0.292s] Level 5:colcon.colcon_core.verb:set package 'base_msgs' build argument 'cmake_target_skip_unavailable' from command line to 'False'
[0.292s] Level 5:colcon.colcon_core.verb:set package 'base_msgs' build argument 'cmake_clean_cache' from command line to 'False'
[0.292s] Level 5:colcon.colcon_core.verb:set package 'base_msgs' build argument 'cmake_clean_first' from command line to 'False'
[0.292s] Level 5:colcon.colcon_core.verb:set package 'base_msgs' build argument 'cmake_force_configure' from command line to 'False'
[0.292s] Level 5:colcon.colcon_core.verb:set package 'base_msgs' build argument 'ament_cmake_args' from command line to 'None'
[0.292s] Level 5:colcon.colcon_core.verb:set package 'base_msgs' build argument 'catkin_cmake_args' from command line to 'None'
[0.292s] Level 5:colcon.colcon_core.verb:set package 'base_msgs' build argument 'catkin_skip_building_tests' from command line to 'False'
[0.292s] DEBUG:colcon.colcon_core.verb:Building package 'base_msgs' with the following arguments: {'ament_cmake_args': None, 'build_base': '/home/zhangxin/planning_with_ROS2_course/build/base_msgs', 'catkin_cmake_args': None, 'catkin_skip_building_tests': False, 'cmake_args': None, 'cmake_clean_cache': False, 'cmake_clean_first': False, 'cmake_force_configure': False, 'cmake_target': None, 'cmake_target_skip_unavailable': False, 'install_base': '/home/zhangxin/planning_with_ROS2_course/install/base_msgs', 'merge_install': False, 'path': '/home/zhangxin/planning_with_ROS2_course/src/base_msgs', 'symlink_install': False, 'test_result_base': None}
[0.292s] Level 5:colcon.colcon_core.verb:set package 'data_plot' build argument 'cmake_args' from command line to 'None'
[0.292s] Level 5:colcon.colcon_core.verb:set package 'data_plot' build argument 'cmake_target' from command line to 'None'
[0.292s] Level 5:colcon.colcon_core.verb:set package 'data_plot' build argument 'cmake_target_skip_unavailable' from command line to 'False'
[0.292s] Level 5:colcon.colcon_core.verb:set package 'data_plot' build argument 'cmake_clean_cache' from command line to 'False'
[0.292s] Level 5:colcon.colcon_core.verb:set package 'data_plot' build argument 'cmake_clean_first' from command line to 'False'
[0.292s] Level 5:colcon.colcon_core.verb:set package 'data_plot' build argument 'cmake_force_configure' from command line to 'False'
[0.292s] Level 5:colcon.colcon_core.verb:set package 'data_plot' build argument 'ament_cmake_args' from command line to 'None'
[0.292s] Level 5:colcon.colcon_core.verb:set package 'data_plot' build argument 'catkin_cmake_args' from command line to 'None'
[0.292s] Level 5:colcon.colcon_core.verb:set package 'data_plot' build argument 'catkin_skip_building_tests' from command line to 'False'
[0.292s] DEBUG:colcon.colcon_core.verb:Building package 'data_plot' with the following arguments: {'ament_cmake_args': None, 'build_base': '/home/zhangxin/planning_with_ROS2_course/build/data_plot', 'catkin_cmake_args': None, 'catkin_skip_building_tests': False, 'cmake_args': None, 'cmake_clean_cache': False, 'cmake_clean_first': False, 'cmake_force_configure': False, 'cmake_target': None, 'cmake_target_skip_unavailable': False, 'install_base': '/home/zhangxin/planning_with_ROS2_course/install/data_plot', 'merge_install': False, 'path': '/home/zhangxin/planning_with_ROS2_course/src/data_plot', 'symlink_install': False, 'test_result_base': None}
[0.292s] Level 5:colcon.colcon_core.verb:set package 'planning' build argument 'cmake_args' from command line to 'None'
[0.292s] Level 5:colcon.colcon_core.verb:set package 'planning' build argument 'cmake_target' from command line to 'None'
[0.292s] Level 5:colcon.colcon_core.verb:set package 'planning' build argument 'cmake_target_skip_unavailable' from command line to 'False'
[0.292s] Level 5:colcon.colcon_core.verb:set package 'planning' build argument 'cmake_clean_cache' from command line to 'False'
[0.293s] Level 5:colcon.colcon_core.verb:set package 'planning' build argument 'cmake_clean_first' from command line to 'False'
[0.293s] Level 5:colcon.colcon_core.verb:set package 'planning' build argument 'cmake_force_configure' from command line to 'False'
[0.293s] Level 5:colcon.colcon_core.verb:set package 'planning' build argument 'ament_cmake_args' from command line to 'None'
[0.293s] Level 5:colcon.colcon_core.verb:set package 'planning' build argument 'catkin_cmake_args' from command line to 'None'
[0.293s] Level 5:colcon.colcon_core.verb:set package 'planning' build argument 'catkin_skip_building_tests' from command line to 'False'
[0.293s] DEBUG:colcon.colcon_core.verb:Building package 'planning' with the following arguments: {'ament_cmake_args': None, 'build_base': '/home/zhangxin/planning_with_ROS2_course/build/planning', 'catkin_cmake_args': None, 'catkin_skip_building_tests': False, 'cmake_args': None, 'cmake_clean_cache': False, 'cmake_clean_first': False, 'cmake_force_configure': False, 'cmake_target': None, 'cmake_target_skip_unavailable': False, 'install_base': '/home/zhangxin/planning_with_ROS2_course/install/planning', 'merge_install': False, 'path': '/home/zhangxin/planning_with_ROS2_course/src/planning', 'symlink_install': False, 'test_result_base': None}
[0.293s] INFO:colcon.colcon_core.executor:Executing jobs using 'parallel' executor
[0.294s] DEBUG:colcon.colcon_parallel_executor.executor.parallel:run_until_complete
[0.294s] INFO:colcon.colcon_ros.task.ament_cmake.build:Building ROS package in '/home/zhangxin/planning_with_ROS2_course/src/base_msgs' with build type 'ament_cmake'
[0.294s] INFO:colcon.colcon_cmake.task.cmake.build:Building CMake package in '/home/zhangxin/planning_with_ROS2_course/src/base_msgs'
[0.296s] INFO:colcon.colcon_core.plugin_system:Skipping extension 'colcon_core.shell.bat': Not used on non-Windows systems
[0.296s] INFO:colcon.colcon_core.shell:Skip shell extension 'powershell' for command environment: Not usable outside of PowerShell
[0.296s] DEBUG:colcon.colcon_core.shell:Skip shell extension 'dsv' for command environment
[0.299s] INFO:colcon.colcon_ros.task.ament_python.build:Building ROS package in '/home/zhangxin/planning_with_ROS2_course/src/data_plot' with build type 'ament_python'
[0.299s] Level 1:colcon.colcon_core.shell:create_environment_hook('data_plot', 'ament_prefix_path')
[0.299s] INFO:colcon.colcon_core.shell:Creating environment hook '/home/zhangxin/planning_with_ROS2_course/install/data_plot/share/data_plot/hook/ament_prefix_path.ps1'
[0.301s] INFO:colcon.colcon_core.shell:Creating environment descriptor '/home/zhangxin/planning_with_ROS2_course/install/data_plot/share/data_plot/hook/ament_prefix_path.dsv'
[0.301s] INFO:colcon.colcon_core.shell:Creating environment hook '/home/zhangxin/planning_with_ROS2_course/install/data_plot/share/data_plot/hook/ament_prefix_path.sh'
[0.302s] INFO:colcon.colcon_core.shell:Skip shell extension 'powershell' for command environment: Not usable outside of PowerShell
[0.303s] DEBUG:colcon.colcon_core.shell:Skip shell extension 'dsv' for command environment
[0.305s] INFO:colcon.colcon_ros.task.ament_cmake.build:Building ROS package in '/home/zhangxin/planning_with_ROS2_course/src/planning' with build type 'ament_cmake'
[0.305s] INFO:colcon.colcon_cmake.task.cmake.build:Building CMake package in '/home/zhangxin/planning_with_ROS2_course/src/planning'
[0.305s] INFO:colcon.colcon_core.shell:Skip shell extension 'powershell' for command environment: Not usable outside of PowerShell
[0.305s] DEBUG:colcon.colcon_core.shell:Skip shell extension 'dsv' for command environment
[0.311s] DEBUG:colcon.colcon_core.event_handler.log_command:Invoking command in '/home/zhangxin/planning_with_ROS2_course/build/base_msgs': CMAKE_PREFIX_PATH=/opt/ros/humble /usr/local/bin/cmake /home/zhangxin/planning_with_ROS2_course/src/base_msgs -DCMAKE_INSTALL_PREFIX=/home/zhangxin/planning_with_ROS2_course/install/base_msgs
[0.509s] INFO:colcon.colcon_core.task.python.build:Building Python package in '/home/zhangxin/planning_with_ROS2_course/src/data_plot'
[0.509s] INFO:colcon.colcon_core.shell:Skip shell extension 'powershell' for command environment: Not usable outside of PowerShell
[0.510s] DEBUG:colcon.colcon_core.shell:Skip shell extension 'dsv' for command environment
[0.518s] DEBUG:colcon.colcon_core.event_handler.log_command:Invoking command in '/home/zhangxin/planning_with_ROS2_course/build/planning': CMAKE_PREFIX_PATH=/opt/ros/humble /usr/local/bin/cmake /home/zhangxin/planning_with_ROS2_course/src/planning -DCMAKE_INSTALL_PREFIX=/home/zhangxin/planning_with_ROS2_course/install/planning
[0.831s] DEBUG:colcon.colcon_core.event_handler.log_command:Invoking command in '/home/zhangxin/planning_with_ROS2_course/src/data_plot': PYTHONPATH=/home/zhangxin/planning_with_ROS2_course/build/data_plot/prefix_override:/usr/lib/python3/dist-packages/colcon_core/task/python/colcon_distutils_commands:/home/zhangxin/planning_with_ROS2_course/install/data_plot/lib/python3.10/site-packages:${PYTHONPATH} /usr/bin/python3 -W ignore:setup.py install is deprecated -W ignore:easy_install command is deprecated setup.py egg_info --egg-base ../../build/data_plot build --build-base /home/zhangxin/planning_with_ROS2_course/build/data_plot/build install --record /home/zhangxin/planning_with_ROS2_course/build/data_plot/install.log --single-version-externally-managed install_data
[1.044s] DEBUG:colcon.colcon_core.event_handler.log_command:Invoked command in '/home/zhangxin/planning_with_ROS2_course/build/base_msgs' returned '0': CMAKE_PREFIX_PATH=/opt/ros/humble /usr/local/bin/cmake /home/zhangxin/planning_with_ROS2_course/src/base_msgs -DCMAKE_INSTALL_PREFIX=/home/zhangxin/planning_with_ROS2_course/install/base_msgs
[1.044s] DEBUG:colcon.colcon_core.event_handler.log_command:Invoking command in '/home/zhangxin/planning_with_ROS2_course/build/base_msgs': CMAKE_PREFIX_PATH=/opt/ros/humble /usr/local/bin/cmake --build /home/zhangxin/planning_with_ROS2_course/build/base_msgs -- -j16 -l16
[1.067s] DEBUG:colcon.colcon_core.event_handler.log_command:Invoked command in '/home/zhangxin/planning_with_ROS2_course/build/base_msgs' returned '0': CMAKE_PREFIX_PATH=/opt/ros/humble /usr/local/bin/cmake --build /home/zhangxin/planning_with_ROS2_course/build/base_msgs -- -j16 -l16
[1.075s] DEBUG:colcon.colcon_core.event_handler.log_command:Invoking command in '/home/zhangxin/planning_with_ROS2_course/build/base_msgs': CMAKE_PREFIX_PATH=/opt/ros/humble /usr/local/bin/cmake --install /home/zhangxin/planning_with_ROS2_course/build/base_msgs
[1.081s] DEBUG:colcon.colcon_core.event_handler.log_command:Invoked command in '/home/zhangxin/planning_with_ROS2_course/src/data_plot' returned '0': PYTHONPATH=/home/zhangxin/planning_with_ROS2_course/build/data_plot/prefix_override:/usr/lib/python3/dist-packages/colcon_core/task/python/colcon_distutils_commands:/home/zhangxin/planning_with_ROS2_course/install/data_plot/lib/python3.10/site-packages:${PYTHONPATH} /usr/bin/python3 -W ignore:setup.py install is deprecated -W ignore:easy_install command is deprecated setup.py egg_info --egg-base ../../build/data_plot build --build-base /home/zhangxin/planning_with_ROS2_course/build/data_plot/build install --record /home/zhangxin/planning_with_ROS2_course/build/data_plot/install.log --single-version-externally-managed install_data
[1.086s] Level 1:colcon.colcon_core.environment:checking '/home/zhangxin/planning_with_ROS2_course/install/data_plot' for CMake module files
[1.086s] Level 1:colcon.colcon_core.environment:checking '/home/zhangxin/planning_with_ROS2_course/install/data_plot' for CMake config files
[1.087s] Level 1:colcon.colcon_core.environment:checking '/home/zhangxin/planning_with_ROS2_course/install/data_plot/lib'
[1.087s] Level 1:colcon.colcon_core.environment:checking '/home/zhangxin/planning_with_ROS2_course/install/data_plot/bin'
[1.087s] Level 1:colcon.colcon_core.environment:checking '/home/zhangxin/planning_with_ROS2_course/install/data_plot/lib/pkgconfig/data_plot.pc'
[1.087s] Level 1:colcon.colcon_core.environment:checking '/home/zhangxin/planning_with_ROS2_course/install/data_plot/lib/python3.10/site-packages'
[1.087s] Level 1:colcon.colcon_core.shell:create_environment_hook('data_plot', 'pythonpath')
[1.087s] INFO:colcon.colcon_core.shell:Creating environment hook '/home/zhangxin/planning_with_ROS2_course/install/data_plot/share/data_plot/hook/pythonpath.ps1'
[1.088s] INFO:colcon.colcon_core.shell:Creating environment descriptor '/home/zhangxin/planning_with_ROS2_course/install/data_plot/share/data_plot/hook/pythonpath.dsv'
[1.088s] INFO:colcon.colcon_core.shell:Creating environment hook '/home/zhangxin/planning_with_ROS2_course/install/data_plot/share/data_plot/hook/pythonpath.sh'
[1.089s] Level 1:colcon.colcon_core.environment:checking '/home/zhangxin/planning_with_ROS2_course/install/data_plot/bin'
[1.089s] Level 1:colcon.colcon_core.environment:create_environment_scripts_only(data_plot)
[1.089s] INFO:colcon.colcon_core.shell:Creating package script '/home/zhangxin/planning_with_ROS2_course/install/data_plot/share/data_plot/package.ps1'
[1.090s] INFO:colcon.colcon_core.shell:Creating package descriptor '/home/zhangxin/planning_with_ROS2_course/install/data_plot/share/data_plot/package.dsv'
[1.091s] INFO:colcon.colcon_core.shell:Creating package script '/home/zhangxin/planning_with_ROS2_course/install/data_plot/share/data_plot/package.sh'
[1.092s] INFO:colcon.colcon_core.shell:Creating package script '/home/zhangxin/planning_with_ROS2_course/install/data_plot/share/data_plot/package.bash'
[1.093s] INFO:colcon.colcon_core.shell:Creating package script '/home/zhangxin/planning_with_ROS2_course/install/data_plot/share/data_plot/package.zsh'
[1.094s] Level 1:colcon.colcon_core.environment:create_file_with_runtime_dependencies(/home/zhangxin/planning_with_ROS2_course/install/data_plot/share/colcon-core/packages/data_plot)
[1.096s] Level 1:colcon.colcon_core.environment:create_environment_scripts_only(base_msgs)
[1.097s] DEBUG:colcon.colcon_core.event_handler.log_command:Invoked command in '/home/zhangxin/planning_with_ROS2_course/build/base_msgs' returned '0': CMAKE_PREFIX_PATH=/opt/ros/humble /usr/local/bin/cmake --install /home/zhangxin/planning_with_ROS2_course/build/base_msgs
[1.097s] Level 1:colcon.colcon_core.environment:checking '/home/zhangxin/planning_with_ROS2_course/install/base_msgs' for CMake module files
[1.098s] Level 1:colcon.colcon_core.environment:checking '/home/zhangxin/planning_with_ROS2_course/install/base_msgs' for CMake config files
[1.098s] Level 1:colcon.colcon_core.shell:create_environment_hook('base_msgs', 'cmake_prefix_path')
[1.098s] INFO:colcon.colcon_core.shell:Creating environment hook '/home/zhangxin/planning_with_ROS2_course/install/base_msgs/share/base_msgs/hook/cmake_prefix_path.ps1'
[1.098s] INFO:colcon.colcon_core.shell:Creating environment descriptor '/home/zhangxin/planning_with_ROS2_course/install/base_msgs/share/base_msgs/hook/cmake_prefix_path.dsv'
[1.099s] INFO:colcon.colcon_core.shell:Creating environment hook '/home/zhangxin/planning_with_ROS2_course/install/base_msgs/share/base_msgs/hook/cmake_prefix_path.sh'
[1.099s] Level 1:colcon.colcon_core.environment:checking '/home/zhangxin/planning_with_ROS2_course/install/base_msgs/bin'
[1.099s] Level 1:colcon.colcon_core.environment:checking '/home/zhangxin/planning_with_ROS2_course/install/base_msgs/lib/pkgconfig/base_msgs.pc'
[1.099s] Level 1:colcon.colcon_core.environment:checking '/home/zhangxin/planning_with_ROS2_course/install/base_msgs/lib/python3.10/site-packages'
[1.099s] Level 1:colcon.colcon_core.environment:checking '/home/zhangxin/planning_with_ROS2_course/install/base_msgs/bin'
[1.100s] INFO:colcon.colcon_core.shell:Creating package script '/home/zhangxin/planning_with_ROS2_course/install/base_msgs/share/base_msgs/package.ps1'
[1.100s] INFO:colcon.colcon_core.shell:Creating package descriptor '/home/zhangxin/planning_with_ROS2_course/install/base_msgs/share/base_msgs/package.dsv'
[1.100s] INFO:colcon.colcon_core.shell:Creating package script '/home/zhangxin/planning_with_ROS2_course/install/base_msgs/share/base_msgs/package.sh'
[1.101s] INFO:colcon.colcon_core.shell:Creating package script '/home/zhangxin/planning_with_ROS2_course/install/base_msgs/share/base_msgs/package.bash'
[1.101s] INFO:colcon.colcon_core.shell:Creating package script '/home/zhangxin/planning_with_ROS2_course/install/base_msgs/share/base_msgs/package.zsh'
[1.102s] Level 1:colcon.colcon_core.environment:create_file_with_runtime_dependencies(/home/zhangxin/planning_with_ROS2_course/install/base_msgs/share/colcon-core/packages/base_msgs)
[1.102s] Level 1:colcon.colcon_core.environment:create_environment_scripts_only(base_msgs)
[1.102s] Level 1:colcon.colcon_core.environment:checking '/home/zhangxin/planning_with_ROS2_course/install/base_msgs' for CMake module files
[1.103s] Level 1:colcon.colcon_core.environment:checking '/home/zhangxin/planning_with_ROS2_course/install/base_msgs' for CMake config files
[1.103s] Level 1:colcon.colcon_core.shell:create_environment_hook('base_msgs', 'cmake_prefix_path')
[1.103s] INFO:colcon.colcon_core.shell:Creating environment hook '/home/zhangxin/planning_with_ROS2_course/install/base_msgs/share/base_msgs/hook/cmake_prefix_path.ps1'
[1.104s] INFO:colcon.colcon_core.shell:Creating environment descriptor '/home/zhangxin/planning_with_ROS2_course/install/base_msgs/share/base_msgs/hook/cmake_prefix_path.dsv'
[1.104s] INFO:colcon.colcon_core.shell:Creating environment hook '/home/zhangxin/planning_with_ROS2_course/install/base_msgs/share/base_msgs/hook/cmake_prefix_path.sh'
[1.104s] Level 1:colcon.colcon_core.environment:checking '/home/zhangxin/planning_with_ROS2_course/install/base_msgs/bin'
[1.104s] Level 1:colcon.colcon_core.environment:checking '/home/zhangxin/planning_with_ROS2_course/install/base_msgs/lib/pkgconfig/base_msgs.pc'
[1.105s] Level 1:colcon.colcon_core.environment:checking '/home/zhangxin/planning_with_ROS2_course/install/base_msgs/lib/python3.10/site-packages'
[1.105s] Level 1:colcon.colcon_core.environment:checking '/home/zhangxin/planning_with_ROS2_course/install/base_msgs/bin'
[1.105s] INFO:colcon.colcon_core.shell:Creating package script '/home/zhangxin/planning_with_ROS2_course/install/base_msgs/share/base_msgs/package.ps1'
[1.105s] INFO:colcon.colcon_core.shell:Creating package descriptor '/home/zhangxin/planning_with_ROS2_course/install/base_msgs/share/base_msgs/package.dsv'
[1.106s] INFO:colcon.colcon_core.shell:Creating package script '/home/zhangxin/planning_with_ROS2_course/install/base_msgs/share/base_msgs/package.sh'
[1.106s] INFO:colcon.colcon_core.shell:Creating package script '/home/zhangxin/planning_with_ROS2_course/install/base_msgs/share/base_msgs/package.bash'
[1.106s] INFO:colcon.colcon_core.shell:Creating package script '/home/zhangxin/planning_with_ROS2_course/install/base_msgs/share/base_msgs/package.zsh'
[1.107s] Level 1:colcon.colcon_core.environment:create_file_with_runtime_dependencies(/home/zhangxin/planning_with_ROS2_course/install/base_msgs/share/colcon-core/packages/base_msgs)
[1.669s] DEBUG:colcon.colcon_core.event_handler.log_command:Invoked command in '/home/zhangxin/planning_with_ROS2_course/build/planning' returned '0': CMAKE_PREFIX_PATH=/opt/ros/humble /usr/local/bin/cmake /home/zhangxin/planning_with_ROS2_course/src/planning -DCMAKE_INSTALL_PREFIX=/home/zhangxin/planning_with_ROS2_course/install/planning
[1.671s] DEBUG:colcon.colcon_core.event_handler.log_command:Invoking command in '/home/zhangxin/planning_with_ROS2_course/build/planning': CMAKE_PREFIX_PATH=/opt/ros/humble /usr/local/bin/cmake --build /home/zhangxin/planning_with_ROS2_course/build/planning -- -j16 -l16
[1.809s] DEBUG:colcon.colcon_core.event_handler.log_command:Invoked command in '/home/zhangxin/planning_with_ROS2_course/build/planning' returned '0': CMAKE_PREFIX_PATH=/opt/ros/humble /usr/local/bin/cmake --build /home/zhangxin/planning_with_ROS2_course/build/planning -- -j16 -l16
[1.810s] DEBUG:colcon.colcon_core.event_handler.log_command:Invoking command in '/home/zhangxin/planning_with_ROS2_course/build/planning': CMAKE_PREFIX_PATH=/opt/ros/humble /usr/local/bin/cmake --install /home/zhangxin/planning_with_ROS2_course/build/planning
[1.818s] Level 1:colcon.colcon_core.environment:create_environment_scripts_only(planning)
[1.819s] Level 1:colcon.colcon_core.environment:checking '/home/zhangxin/planning_with_ROS2_course/install/planning' for CMake module files
[1.819s] DEBUG:colcon.colcon_core.event_handler.log_command:Invoked command in '/home/zhangxin/planning_with_ROS2_course/build/planning' returned '0': CMAKE_PREFIX_PATH=/opt/ros/humble /usr/local/bin/cmake --install /home/zhangxin/planning_with_ROS2_course/build/planning
[1.820s] Level 1:colcon.colcon_core.environment:checking '/home/zhangxin/planning_with_ROS2_course/install/planning' for CMake config files
[1.820s] Level 1:colcon.colcon_core.shell:create_environment_hook('planning', 'cmake_prefix_path')
[1.820s] INFO:colcon.colcon_core.shell:Creating environment hook '/home/zhangxin/planning_with_ROS2_course/install/planning/share/planning/hook/cmake_prefix_path.ps1'
[1.820s] INFO:colcon.colcon_core.shell:Creating environment descriptor '/home/zhangxin/planning_with_ROS2_course/install/planning/share/planning/hook/cmake_prefix_path.dsv'
[1.821s] INFO:colcon.colcon_core.shell:Creating environment hook '/home/zhangxin/planning_with_ROS2_course/install/planning/share/planning/hook/cmake_prefix_path.sh'
[1.821s] Level 1:colcon.colcon_core.environment:checking '/home/zhangxin/planning_with_ROS2_course/install/planning/lib'
[1.821s] Level 1:colcon.colcon_core.environment:checking '/home/zhangxin/planning_with_ROS2_course/install/planning/bin'
[1.821s] Level 1:colcon.colcon_core.environment:checking '/home/zhangxin/planning_with_ROS2_course/install/planning/lib/pkgconfig/planning.pc'
[1.821s] Level 1:colcon.colcon_core.environment:checking '/home/zhangxin/planning_with_ROS2_course/install/planning/lib/python3.10/site-packages'
[1.821s] Level 1:colcon.colcon_core.environment:checking '/home/zhangxin/planning_with_ROS2_course/install/planning/bin'
[1.822s] INFO:colcon.colcon_core.shell:Creating package script '/home/zhangxin/planning_with_ROS2_course/install/planning/share/planning/package.ps1'
[1.822s] INFO:colcon.colcon_core.shell:Creating package descriptor '/home/zhangxin/planning_with_ROS2_course/install/planning/share/planning/package.dsv'
[1.823s] INFO:colcon.colcon_core.shell:Creating package script '/home/zhangxin/planning_with_ROS2_course/install/planning/share/planning/package.sh'
[1.823s] INFO:colcon.colcon_core.shell:Creating package script '/home/zhangxin/planning_with_ROS2_course/install/planning/share/planning/package.bash'
[1.823s] INFO:colcon.colcon_core.shell:Creating package script '/home/zhangxin/planning_with_ROS2_course/install/planning/share/planning/package.zsh'
[1.823s] Level 1:colcon.colcon_core.environment:create_file_with_runtime_dependencies(/home/zhangxin/planning_with_ROS2_course/install/planning/share/colcon-core/packages/planning)
[1.824s] Level 1:colcon.colcon_core.environment:create_environment_scripts_only(planning)
[1.824s] Level 1:colcon.colcon_core.environment:checking '/home/zhangxin/planning_with_ROS2_course/install/planning' for CMake module files
[1.824s] Level 1:colcon.colcon_core.environment:checking '/home/zhangxin/planning_with_ROS2_course/install/planning' for CMake config files
[1.825s] Level 1:colcon.colcon_core.shell:create_environment_hook('planning', 'cmake_prefix_path')
[1.825s] INFO:colcon.colcon_core.shell:Creating environment hook '/home/zhangxin/planning_with_ROS2_course/install/planning/share/planning/hook/cmake_prefix_path.ps1'
[1.825s] INFO:colcon.colcon_core.shell:Creating environment descriptor '/home/zhangxin/planning_with_ROS2_course/install/planning/share/planning/hook/cmake_prefix_path.dsv'
[1.825s] INFO:colcon.colcon_core.shell:Creating environment hook '/home/zhangxin/planning_with_ROS2_course/install/planning/share/planning/hook/cmake_prefix_path.sh'
[1.826s] Level 1:colcon.colcon_core.environment:checking '/home/zhangxin/planning_with_ROS2_course/install/planning/lib'
[1.826s] Level 1:colcon.colcon_core.environment:checking '/home/zhangxin/planning_with_ROS2_course/install/planning/bin'
[1.826s] Level 1:colcon.colcon_core.environment:checking '/home/zhangxin/planning_with_ROS2_course/install/planning/lib/pkgconfig/planning.pc'
[1.826s] Level 1:colcon.colcon_core.environment:checking '/home/zhangxin/planning_with_ROS2_course/install/planning/lib/python3.10/site-packages'
[1.826s] Level 1:colcon.colcon_core.environment:checking '/home/zhangxin/planning_with_ROS2_course/install/planning/bin'
[1.826s] INFO:colcon.colcon_core.shell:Creating package script '/home/zhangxin/planning_with_ROS2_course/install/planning/share/planning/package.ps1'
[1.827s] INFO:colcon.colcon_core.shell:Creating package descriptor '/home/zhangxin/planning_with_ROS2_course/install/planning/share/planning/package.dsv'
[1.827s] INFO:colcon.colcon_core.shell:Creating package script '/home/zhangxin/planning_with_ROS2_course/install/planning/share/planning/package.sh'
[1.828s] INFO:colcon.colcon_core.shell:Creating package script '/home/zhangxin/planning_with_ROS2_course/install/planning/share/planning/package.bash'
[1.828s] INFO:colcon.colcon_core.shell:Creating package script '/home/zhangxin/planning_with_ROS2_course/install/planning/share/planning/package.zsh'
[1.828s] Level 1:colcon.colcon_core.environment:create_file_with_runtime_dependencies(/home/zhangxin/planning_with_ROS2_course/install/planning/share/colcon-core/packages/planning)
[1.828s] DEBUG:colcon.colcon_parallel_executor.executor.parallel:closing loop
[1.829s] DEBUG:colcon.colcon_parallel_executor.executor.parallel:loop closed
[1.829s] DEBUG:colcon.colcon_parallel_executor.executor.parallel:run_until_complete finished with '0'
[1.829s] DEBUG:colcon.colcon_core.event_reactor:joining thread
[1.834s] INFO:colcon.colcon_core.plugin_system:Skipping extension 'colcon_notification.desktop_notification.terminal_notifier': Not used on non-Darwin systems
[1.834s] INFO:colcon.colcon_core.plugin_system:Skipping extension 'colcon_notification.desktop_notification.win32': Not used on non-Windows systems
[1.834s] INFO:colcon.colcon_notification.desktop_notification:Sending desktop notification using 'notify2'
[1.845s] DEBUG:colcon.colcon_core.event_reactor:joined thread
[1.845s] INFO:colcon.colcon_core.shell:Creating prefix script '/home/zhangxin/planning_with_ROS2_course/install/local_setup.ps1'
[1.846s] INFO:colcon.colcon_core.shell:Creating prefix util module '/home/zhangxin/planning_with_ROS2_course/install/_local_setup_util_ps1.py'
[1.847s] INFO:colcon.colcon_core.shell:Creating prefix chain script '/home/zhangxin/planning_with_ROS2_course/install/setup.ps1'
[1.848s] INFO:colcon.colcon_core.shell:Creating prefix script '/home/zhangxin/planning_with_ROS2_course/install/local_setup.sh'
[1.849s] INFO:colcon.colcon_core.shell:Creating prefix util module '/home/zhangxin/planning_with_ROS2_course/install/_local_setup_util_sh.py'
[1.849s] INFO:colcon.colcon_core.shell:Creating prefix chain script '/home/zhangxin/planning_with_ROS2_course/install/setup.sh'
[1.850s] INFO:colcon.colcon_core.shell:Creating prefix script '/home/zhangxin/planning_with_ROS2_course/install/local_setup.bash'
[1.850s] INFO:colcon.colcon_core.shell:Creating prefix chain script '/home/zhangxin/planning_with_ROS2_course/install/setup.bash'
[1.851s] INFO:colcon.colcon_core.shell:Creating prefix script '/home/zhangxin/planning_with_ROS2_course/install/local_setup.zsh'
[1.851s] INFO:colcon.colcon_core.shell:Creating prefix chain script '/home/zhangxin/planning_with_ROS2_course/install/setup.zsh'
