[  5%] Built target config_reader
[ 14%] Built target mathlibs
[ 20%] [32mBuilding CXX object src/pnc_map_creator/CMakeFiles/pnc_map_creator.dir/pnc_map_straight/pnc_map_creator_straight.cpp.o[0m
[ 22%] Built target global_planner
[ 25%] [32mBuilding CXX object src/pnc_map_creator/CMakeFiles/pnc_map_creator.dir/pnc_map_sturn/pnc_map_creator_sturn.cpp.o[0m
[ 31%] [32mBuilding CXX object src/reference_line/CMakeFiles/reference_line.dir/reference_line_creator.cpp.o[0m
[ 37%] Built target vehicle_info
[ 40%] [32mBuilding CXX object src/reference_line/CMakeFiles/reference_line.dir/reference_line_smoother.cpp.o[0m
[ 45%] Built target global_path_server
[ 51%] Built target decision_center
[ 57%] Built target car_move_cmd
[ 62%] Built target obs_move_cmd
[ 80%] Built target local_planner
[ 82%] [32m[1mLinking CXX static library libpnc_map_creator.a[0m
[ 82%] Built target pnc_map_creator
[ 85%] [32mBuilding CXX object src/pnc_map_creator/CMakeFiles/pnc_map_server.dir/pnc_map_server.cpp.o[0m
[ 88%] [32m[1mLinking CXX shared library libreference_line.so[0m
[ 88%] Built target reference_line
[ 94%] [32mBuilding CXX object src/planning_process/CMakeFiles/planning_node.dir/planning_process.cpp.o[0m
[ 94%] [32mBuilding CXX object src/planning_process/CMakeFiles/planning_node.dir/planning_node.cpp.o[0m
[ 97%] [32m[1mLinking CXX static library libpnc_map_server.a[0m
[ 97%] Built target pnc_map_server
[100%] [32m[1mLinking CXX executable planning_node[0m
[100%] Built target planning_node
-- Install configuration: ""
-- Up-to-date: /home/zhangxin/planning_with_ROS2_course/install/planning/lib/libconfig_reader.so
-- Up-to-date: /home/zhangxin/planning_with_ROS2_course/install/planning/lib/libmathlibs.so
-- Up-to-date: /home/zhangxin/planning_with_ROS2_course/install/planning/lib/libdecision_center.so
-- Installing: /home/zhangxin/planning_with_ROS2_course/install/planning/lib/libpnc_map_creator.a
-- Installing: /home/zhangxin/planning_with_ROS2_course/install/planning/lib/planning/libpnc_map_server.a
-- Up-to-date: /home/zhangxin/planning_with_ROS2_course/install/planning/lib/libglobal_planner.so
-- Up-to-date: /home/zhangxin/planning_with_ROS2_course/install/planning/lib/planning/global_path_server
-- Up-to-date: /home/zhangxin/planning_with_ROS2_course/install/planning/lib/liblocal_planner.so
-- Installing: /home/zhangxin/planning_with_ROS2_course/install/planning/lib/libreference_line.so
-- Set non-toolchain portion of runtime path of "/home/zhangxin/planning_with_ROS2_course/install/planning/lib/libreference_line.so" to ""
-- Up-to-date: /home/zhangxin/planning_with_ROS2_course/install/planning/lib/libvehicle_info.so
-- Installing: /home/zhangxin/planning_with_ROS2_course/install/planning/lib/planning/planning_node
-- Set non-toolchain portion of runtime path of "/home/zhangxin/planning_with_ROS2_course/install/planning/lib/planning/planning_node" to ""
-- Up-to-date: /home/zhangxin/planning_with_ROS2_course/install/planning/lib/planning/car_move_cmd
-- Up-to-date: /home/zhangxin/planning_with_ROS2_course/install/planning/lib/planning/obs_move_cmd
-- Up-to-date: /home/zhangxin/planning_with_ROS2_course/install/planning/lib/planning/config
-- Up-to-date: /home/zhangxin/planning_with_ROS2_course/install/planning/lib/planning/launch
-- Up-to-date: /home/zhangxin/planning_with_ROS2_course/install/planning/lib/planning/urdf
-- Up-to-date: /home/zhangxin/planning_with_ROS2_course/install/planning/lib/planning/urdf/obs_car
-- Up-to-date: /home/zhangxin/planning_with_ROS2_course/install/planning/lib/planning/urdf/main_car
-- Up-to-date: /home/zhangxin/planning_with_ROS2_course/install/planning/lib/planning/rviz
-- Up-to-date: /home/zhangxin/planning_with_ROS2_course/install/planning/share/ament_index/resource_index/package_run_dependencies/planning
-- Up-to-date: /home/zhangxin/planning_with_ROS2_course/install/planning/share/ament_index/resource_index/parent_prefix_path/planning
-- Up-to-date: /home/zhangxin/planning_with_ROS2_course/install/planning/share/planning/environment/ament_prefix_path.sh
-- Up-to-date: /home/zhangxin/planning_with_ROS2_course/install/planning/share/planning/environment/ament_prefix_path.dsv
-- Up-to-date: /home/zhangxin/planning_with_ROS2_course/install/planning/share/planning/environment/path.sh
-- Up-to-date: /home/zhangxin/planning_with_ROS2_course/install/planning/share/planning/environment/path.dsv
-- Up-to-date: /home/zhangxin/planning_with_ROS2_course/install/planning/share/planning/local_setup.bash
-- Up-to-date: /home/zhangxin/planning_with_ROS2_course/install/planning/share/planning/local_setup.sh
-- Up-to-date: /home/zhangxin/planning_with_ROS2_course/install/planning/share/planning/local_setup.zsh
-- Up-to-date: /home/zhangxin/planning_with_ROS2_course/install/planning/share/planning/local_setup.dsv
-- Installing: /home/zhangxin/planning_with_ROS2_course/install/planning/share/planning/package.dsv
-- Up-to-date: /home/zhangxin/planning_with_ROS2_course/install/planning/share/ament_index/resource_index/packages/planning
-- Up-to-date: /home/zhangxin/planning_with_ROS2_course/install/planning/share/planning/cmake/planningConfig.cmake
-- Up-to-date: /home/zhangxin/planning_with_ROS2_course/install/planning/share/planning/cmake/planningConfig-version.cmake
-- Up-to-date: /home/zhangxin/planning_with_ROS2_course/install/planning/share/planning/package.xml
