[0.252s] Invoking command in '/home/zhangxin/planning_with_ROS2_course/build/planning': CMAKE_PREFIX_PATH=/home/zhangxin/planning_with_ROS2_course/install/base_msgs:/home/zhangxin/planning_with_ROS2_course/install/planning:/home/zhangxin/planning_with_ROS2_course/install/data_plot:/opt/ros/humble /usr/local/bin/cmake --build /home/zhangxin/planning_with_ROS2_course/build/planning -- -j16 -l16
[0.284s] [  5%] Built target config_reader
[0.285s] [ 14%] Built target mathlibs
[0.302s] [ 20%] [32mBuilding CXX object src/pnc_map_creator/CMakeFiles/pnc_map_creator.dir/pnc_map_straight/pnc_map_creator_straight.cpp.o[0m
[0.302s] [ 22%] Built target global_planner
[0.302s] [ 25%] [32mBuilding CXX object src/pnc_map_creator/CMakeFiles/pnc_map_creator.dir/pnc_map_sturn/pnc_map_creator_sturn.cpp.o[0m
[0.304s] [ 31%] [32mBuilding CXX object src/reference_line/CMakeFiles/reference_line.dir/reference_line_creator.cpp.o[0m
[0.304s] [ 37%] Built target vehicle_info
[0.305s] [ 40%] [32mBuilding CXX object src/reference_line/CMakeFiles/reference_line.dir/reference_line_smoother.cpp.o[0m
[0.327s] [ 45%] Built target global_path_server
[0.329s] [ 51%] Built target decision_center
[0.336s] [ 57%] Built target car_move_cmd
[0.341s] [ 62%] Built target obs_move_cmd
[0.359s] [ 80%] Built target local_planner
[3.708s] [ 82%] [32m[1mLinking CXX static library libpnc_map_creator.a[0m
[3.729s] [ 82%] Built target pnc_map_creator
[3.746s] [ 85%] [32mBuilding CXX object src/pnc_map_creator/CMakeFiles/pnc_map_server.dir/pnc_map_server.cpp.o[0m
[4.435s] [ 88%] [32m[1mLinking CXX shared library libreference_line.so[0m
[4.551s] [ 88%] Built target reference_line
[4.582s] [ 94%] [32mBuilding CXX object src/planning_process/CMakeFiles/planning_node.dir/planning_process.cpp.o[0m
[4.583s] [ 94%] [32mBuilding CXX object src/planning_process/CMakeFiles/planning_node.dir/planning_node.cpp.o[0m
[6.700s] [ 97%] [32m[1mLinking CXX static library libpnc_map_server.a[0m
[6.722s] [ 97%] Built target pnc_map_server
[8.626s] [100%] [32m[1mLinking CXX executable planning_node[0m
[8.779s] [100%] Built target planning_node
[8.786s] Invoked command in '/home/zhangxin/planning_with_ROS2_course/build/planning' returned '0': CMAKE_PREFIX_PATH=/home/zhangxin/planning_with_ROS2_course/install/base_msgs:/home/zhangxin/planning_with_ROS2_course/install/planning:/home/zhangxin/planning_with_ROS2_course/install/data_plot:/opt/ros/humble /usr/local/bin/cmake --build /home/zhangxin/planning_with_ROS2_course/build/planning -- -j16 -l16
[8.788s] Invoking command in '/home/zhangxin/planning_with_ROS2_course/build/planning': CMAKE_PREFIX_PATH=/home/zhangxin/planning_with_ROS2_course/install/base_msgs:/home/zhangxin/planning_with_ROS2_course/install/planning:/home/zhangxin/planning_with_ROS2_course/install/data_plot:/opt/ros/humble /usr/local/bin/cmake --install /home/zhangxin/planning_with_ROS2_course/build/planning
[8.790s] -- Install configuration: ""
[8.790s] -- Up-to-date: /home/zhangxin/planning_with_ROS2_course/install/planning/lib/libconfig_reader.so
[8.791s] -- Up-to-date: /home/zhangxin/planning_with_ROS2_course/install/planning/lib/libmathlibs.so
[8.791s] -- Up-to-date: /home/zhangxin/planning_with_ROS2_course/install/planning/lib/libdecision_center.so
[8.791s] -- Installing: /home/zhangxin/planning_with_ROS2_course/install/planning/lib/libpnc_map_creator.a
[8.792s] -- Installing: /home/zhangxin/planning_with_ROS2_course/install/planning/lib/planning/libpnc_map_server.a
[8.793s] -- Up-to-date: /home/zhangxin/planning_with_ROS2_course/install/planning/lib/libglobal_planner.so
[8.793s] -- Up-to-date: /home/zhangxin/planning_with_ROS2_course/install/planning/lib/planning/global_path_server
[8.793s] -- Up-to-date: /home/zhangxin/planning_with_ROS2_course/install/planning/lib/liblocal_planner.so
[8.794s] -- Installing: /home/zhangxin/planning_with_ROS2_course/install/planning/lib/libreference_line.so
[8.794s] -- Set non-toolchain portion of runtime path of "/home/zhangxin/planning_with_ROS2_course/install/planning/lib/libreference_line.so" to ""
[8.795s] -- Up-to-date: /home/zhangxin/planning_with_ROS2_course/install/planning/lib/libvehicle_info.so
[8.795s] -- Installing: /home/zhangxin/planning_with_ROS2_course/install/planning/lib/planning/planning_node
[8.796s] -- Set non-toolchain portion of runtime path of "/home/zhangxin/planning_with_ROS2_course/install/planning/lib/planning/planning_node" to ""
[8.796s] -- Up-to-date: /home/zhangxin/planning_with_ROS2_course/install/planning/lib/planning/car_move_cmd
[8.797s] -- Up-to-date: /home/zhangxin/planning_with_ROS2_course/install/planning/lib/planning/obs_move_cmd
[8.797s] -- Up-to-date: /home/zhangxin/planning_with_ROS2_course/install/planning/lib/planning/config
[8.797s] -- Up-to-date: /home/zhangxin/planning_with_ROS2_course/install/planning/lib/planning/launch
[8.797s] -- Up-to-date: /home/zhangxin/planning_with_ROS2_course/install/planning/lib/planning/urdf
[8.797s] -- Up-to-date: /home/zhangxin/planning_with_ROS2_course/install/planning/lib/planning/urdf/obs_car
[8.797s] -- Up-to-date: /home/zhangxin/planning_with_ROS2_course/install/planning/lib/planning/urdf/main_car
[8.797s] -- Up-to-date: /home/zhangxin/planning_with_ROS2_course/install/planning/lib/planning/rviz
[8.797s] -- Up-to-date: /home/zhangxin/planning_with_ROS2_course/install/planning/share/ament_index/resource_index/package_run_dependencies/planning
[8.798s] -- Up-to-date: /home/zhangxin/planning_with_ROS2_course/install/planning/share/ament_index/resource_index/parent_prefix_path/planning
[8.798s] -- Up-to-date: /home/zhangxin/planning_with_ROS2_course/install/planning/share/planning/environment/ament_prefix_path.sh
[8.798s] -- Up-to-date: /home/zhangxin/planning_with_ROS2_course/install/planning/share/planning/environment/ament_prefix_path.dsv
[8.798s] -- Up-to-date: /home/zhangxin/planning_with_ROS2_course/install/planning/share/planning/environment/path.sh
[8.798s] -- Up-to-date: /home/zhangxin/planning_with_ROS2_course/install/planning/share/planning/environment/path.dsv
[8.798s] -- Up-to-date: /home/zhangxin/planning_with_ROS2_course/install/planning/share/planning/local_setup.bash
[8.798s] -- Up-to-date: /home/zhangxin/planning_with_ROS2_course/install/planning/share/planning/local_setup.sh
[8.798s] -- Up-to-date: /home/zhangxin/planning_with_ROS2_course/install/planning/share/planning/local_setup.zsh
[8.798s] -- Up-to-date: /home/zhangxin/planning_with_ROS2_course/install/planning/share/planning/local_setup.dsv
[8.798s] -- Installing: /home/zhangxin/planning_with_ROS2_course/install/planning/share/planning/package.dsv
[8.798s] -- Up-to-date: /home/zhangxin/planning_with_ROS2_course/install/planning/share/ament_index/resource_index/packages/planning
[8.798s] -- Up-to-date: /home/zhangxin/planning_with_ROS2_course/install/planning/share/planning/cmake/planningConfig.cmake
[8.799s] -- Up-to-date: /home/zhangxin/planning_with_ROS2_course/install/planning/share/planning/cmake/planningConfig-version.cmake
[8.799s] -- Up-to-date: /home/zhangxin/planning_with_ROS2_course/install/planning/share/planning/package.xml
[8.801s] Invoked command in '/home/zhangxin/planning_with_ROS2_course/build/planning' returned '0': CMAKE_PREFIX_PATH=/home/zhangxin/planning_with_ROS2_course/install/base_msgs:/home/zhangxin/planning_with_ROS2_course/install/planning:/home/zhangxin/planning_with_ROS2_course/install/data_plot:/opt/ros/humble /usr/local/bin/cmake --install /home/zhangxin/planning_with_ROS2_course/build/planning
