-- The C compiler identification is GNU 11.4.0
-- The CXX compiler identification is GNU 11.4.0
-- Detecting C compiler ABI info
-- Detecting C compiler ABI info - done
-- Check for working C compiler: /usr/bin/cc - skipped
-- Detecting C compile features
-- Detecting C compile features - done
-- Detecting CXX compiler ABI info
-- Detecting CXX compiler ABI info - done
-- Check for working CXX compiler: /usr/bin/c++ - skipped
-- Detecting CXX compile features
-- Detecting CXX compile features - done
-- Found ament_cmake: 1.3.12 (/opt/ros/humble/share/ament_cmake/cmake)
-- Found Python3: /usr/bin/python3 (found version "3.10.12") found components: Interpreter
-- Found rclcpp: 16.0.14 (/opt/ros/humble/share/rclcpp/cmake)
-- Found rosidl_generator_c: 3.1.7 (/opt/ros/humble/share/rosidl_generator_c/cmake)
-- Found rosidl_adapter: 3.1.7 (/opt/ros/humble/share/rosidl_adapter/cmake)
-- Found rosidl_generator_cpp: 3.1.7 (/opt/ros/humble/share/rosidl_generator_cpp/cmake)
-- Using all available rosidl_typesupport_c: rosidl_typesupport_fastrtps_c;rosidl_typesupport_introspection_c
-- Using all available rosidl_typesupport_cpp: rosidl_typesupport_fastrtps_cpp;rosidl_typesupport_introspection_cpp
-- Found rmw_implementation_cmake: 6.1.2 (/opt/ros/humble/share/rmw_implementation_cmake/cmake)
-- Found rmw_fastrtps_cpp: 6.2.8 (/opt/ros/humble/share/rmw_fastrtps_cpp/cmake)
-- Found OpenSSL: /usr/lib/x86_64-linux-gnu/libcrypto.so (found version "3.0.2")
-- Found FastRTPS: /opt/ros/humble/include
-- Using RMW implementation 'rmw_fastrtps_cpp' as default
-- Performing Test CMAKE_HAVE_LIBC_PTHREAD
-- Performing Test CMAKE_HAVE_LIBC_PTHREAD - Success
-- Found Threads: TRUE
-- Found tf2: 0.25.16 (/opt/ros/humble/share/tf2/cmake)
-- Found tf2_ros: 0.25.16 (/opt/ros/humble/share/tf2_ros/cmake)
-- Found nav_msgs: 4.9.0 (/opt/ros/humble/share/nav_msgs/cmake)
-- Found visualization_msgs: 4.9.0 (/opt/ros/humble/share/visualization_msgs/cmake)
-- Found base_msgs: 0.0.0 (/home/zhangxin/planning_with_ROS2_course/src/install/base_msgs/share/base_msgs/cmake)
-- Configuring done (1.4s)
-- Generating done (0.0s)
-- Build files have been written to: /home/zhangxin/planning_with_ROS2_course/src/build/planning
[ 50%] [32mBuilding CXX object src/planning_process/CMakeFiles/planning_node.dir/planning_node.cpp.o[0m
[01m[K/home/zhangxin/planning_with_ROS2_course/src/planning/src/planning_process/planning_node.cpp:[m[K In function ‘[01m[Kint main(int, char**)[m[K’:
[01m[K/home/zhangxin/planning_with_ROS2_course/src/planning/src/planning_process/planning_node.cpp:29:14:[m[K [01;35m[Kwarning: [m[Kunused parameter ‘[01m[Kargc[m[K’ [[01;35m[K]8;;https://gcc.gnu.org/onlinedocs/gcc/Warning-Options.html#index-Wunused-parameter-Wunused-parameter]8;;[m[K]
   29 | int main([01;35m[Kint argc[m[K, char * argv[])
      |          [01;35m[K~~~~^~~~[m[K
[01m[K/home/zhangxin/planning_with_ROS2_course/src/planning/src/planning_process/planning_node.cpp:29:27:[m[K [01;35m[Kwarning: [m[Kunused parameter ‘[01m[Kargv[m[K’ [[01;35m[K]8;;https://gcc.gnu.org/onlinedocs/gcc/Warning-Options.html#index-Wunused-parameter-Wunused-parameter]8;;[m[K]
   29 | int main(int argc, [01;35m[Kchar * argv[][m[K)
      |                    [01;35m[K~~~~~~~^~~~~~[m[K
[100%] [32m[1mLinking CXX executable planning_node[0m
[100%] Built target planning_node
-- Install configuration: ""
-- Installing: /home/zhangxin/planning_with_ROS2_course/src/install/planning/lib/planning_node
-- Set non-toolchain portion of runtime path of "/home/zhangxin/planning_with_ROS2_course/src/install/planning/lib/planning_node" to ""
-- Installing: /home/zhangxin/planning_with_ROS2_course/src/install/planning/lib/planning/config
-- Installing: /home/zhangxin/planning_with_ROS2_course/src/install/planning/lib/planning/launch
-- Installing: /home/zhangxin/planning_with_ROS2_course/src/install/planning/lib/planning/urdf
-- Installing: /home/zhangxin/planning_with_ROS2_course/src/install/planning/lib/planning/urdf/obs_car
-- Installing: /home/zhangxin/planning_with_ROS2_course/src/install/planning/lib/planning/urdf/main_car
-- Installing: /home/zhangxin/planning_with_ROS2_course/src/install/planning/lib/planning/rviz
-- Installing: /home/zhangxin/planning_with_ROS2_course/src/install/planning/share/ament_index/resource_index/package_run_dependencies/planning
-- Installing: /home/zhangxin/planning_with_ROS2_course/src/install/planning/share/ament_index/resource_index/parent_prefix_path/planning
-- Installing: /home/zhangxin/planning_with_ROS2_course/src/install/planning/share/planning/environment/ament_prefix_path.sh
-- Installing: /home/zhangxin/planning_with_ROS2_course/src/install/planning/share/planning/environment/ament_prefix_path.dsv
-- Installing: /home/zhangxin/planning_with_ROS2_course/src/install/planning/share/planning/environment/path.sh
-- Installing: /home/zhangxin/planning_with_ROS2_course/src/install/planning/share/planning/environment/path.dsv
-- Installing: /home/zhangxin/planning_with_ROS2_course/src/install/planning/share/planning/local_setup.bash
-- Installing: /home/zhangxin/planning_with_ROS2_course/src/install/planning/share/planning/local_setup.sh
-- Installing: /home/zhangxin/planning_with_ROS2_course/src/install/planning/share/planning/local_setup.zsh
-- Installing: /home/zhangxin/planning_with_ROS2_course/src/install/planning/share/planning/local_setup.dsv
-- Installing: /home/zhangxin/planning_with_ROS2_course/src/install/planning/share/planning/package.dsv
-- Installing: /home/zhangxin/planning_with_ROS2_course/src/install/planning/share/ament_index/resource_index/packages/planning
-- Installing: /home/zhangxin/planning_with_ROS2_course/src/install/planning/share/planning/cmake/planningConfig.cmake
-- Installing: /home/zhangxin/planning_with_ROS2_course/src/install/planning/share/planning/cmake/planningConfig-version.cmake
-- Installing: /home/zhangxin/planning_with_ROS2_course/src/install/planning/share/planning/package.xml
