[0.227s] Invoking command in '/home/zhangxin/planning_with_ROS2_course/src/build/planning': AMENT_PREFIX_PATH=/home/zhangxin/planning_with_ROS2_course/src/install/base_msgs:${AMENT_PREFIX_PATH} CMAKE_PREFIX_PATH=/home/zhangxin/planning_with_ROS2_course/src/install/base_msgs:/home/zhangxin/planning_with_ROS2_course/install/planning:/home/zhangxin/planning_with_ROS2_course/install/base_msgs:/home/zhangxin/planning_with_ROS2_course/install/data_plot:/opt/ros/humble /usr/local/bin/cmake /home/zhangxin/planning_with_ROS2_course/src/planning -DCMAKE_INSTALL_PREFIX=/home/zhangxin/planning_with_ROS2_course/src/install/planning
[0.278s] -- The C compiler identification is GNU 11.4.0
[0.339s] -- The CXX compiler identification is GNU 11.4.0
[0.352s] -- Detecting C compiler ABI info
[0.422s] -- Detecting C compiler ABI info - done
[0.440s] -- Check for working C compiler: /usr/bin/cc - skipped
[0.440s] -- Detecting C compile features
[0.440s] -- Detecting C compile features - done
[0.445s] -- Detecting CXX compiler ABI info
[0.526s] -- Detecting CXX compiler ABI info - done
[0.544s] -- Check for working CXX compiler: /usr/bin/c++ - skipped
[0.545s] -- Detecting CXX compile features
[0.546s] -- Detecting CXX compile features - done
[0.549s] -- Found ament_cmake: 1.3.12 (/opt/ros/humble/share/ament_cmake/cmake)
[0.679s] -- Found Python3: /usr/bin/python3 (found version "3.10.12") found components: Interpreter
[0.803s] -- Found rclcpp: 16.0.14 (/opt/ros/humble/share/rclcpp/cmake)
[0.853s] -- Found rosidl_generator_c: 3.1.7 (/opt/ros/humble/share/rosidl_generator_c/cmake)
[0.859s] -- Found rosidl_adapter: 3.1.7 (/opt/ros/humble/share/rosidl_adapter/cmake)
[0.868s] -- Found rosidl_generator_cpp: 3.1.7 (/opt/ros/humble/share/rosidl_generator_cpp/cmake)
[0.883s] -- Using all available rosidl_typesupport_c: rosidl_typesupport_fastrtps_c;rosidl_typesupport_introspection_c
[0.902s] -- Using all available rosidl_typesupport_cpp: rosidl_typesupport_fastrtps_cpp;rosidl_typesupport_introspection_cpp
[0.957s] -- Found rmw_implementation_cmake: 6.1.2 (/opt/ros/humble/share/rmw_implementation_cmake/cmake)
[0.960s] -- Found rmw_fastrtps_cpp: 6.2.8 (/opt/ros/humble/share/rmw_fastrtps_cpp/cmake)
[1.071s] -- Found OpenSSL: /usr/lib/x86_64-linux-gnu/libcrypto.so (found version "3.0.2")
[1.103s] -- Found FastRTPS: /opt/ros/humble/include
[1.152s] -- Using RMW implementation 'rmw_fastrtps_cpp' as default
[1.160s] -- Performing Test CMAKE_HAVE_LIBC_PTHREAD
[1.234s] -- Performing Test CMAKE_HAVE_LIBC_PTHREAD - Success
[1.235s] -- Found Threads: TRUE
[1.302s] -- Found tf2: 0.25.16 (/opt/ros/humble/share/tf2/cmake)
[1.333s] -- Found tf2_ros: 0.25.16 (/opt/ros/humble/share/tf2_ros/cmake)
[1.451s] -- Found nav_msgs: 4.9.0 (/opt/ros/humble/share/nav_msgs/cmake)
[1.475s] -- Found visualization_msgs: 4.9.0 (/opt/ros/humble/share/visualization_msgs/cmake)
[1.527s] -- Found base_msgs: 0.0.0 (/home/zhangxin/planning_with_ROS2_course/src/install/base_msgs/share/base_msgs/cmake)
[1.626s] -- Configuring done (1.4s)
[1.648s] -- Generating done (0.0s)
[1.655s] -- Build files have been written to: /home/zhangxin/planning_with_ROS2_course/src/build/planning
[1.672s] Invoked command in '/home/zhangxin/planning_with_ROS2_course/src/build/planning' returned '0': AMENT_PREFIX_PATH=/home/zhangxin/planning_with_ROS2_course/src/install/base_msgs:${AMENT_PREFIX_PATH} CMAKE_PREFIX_PATH=/home/zhangxin/planning_with_ROS2_course/src/install/base_msgs:/home/zhangxin/planning_with_ROS2_course/install/planning:/home/zhangxin/planning_with_ROS2_course/install/base_msgs:/home/zhangxin/planning_with_ROS2_course/install/data_plot:/opt/ros/humble /usr/local/bin/cmake /home/zhangxin/planning_with_ROS2_course/src/planning -DCMAKE_INSTALL_PREFIX=/home/zhangxin/planning_with_ROS2_course/src/install/planning
[1.674s] Invoking command in '/home/zhangxin/planning_with_ROS2_course/src/build/planning': AMENT_PREFIX_PATH=/home/zhangxin/planning_with_ROS2_course/src/install/base_msgs:${AMENT_PREFIX_PATH} CMAKE_PREFIX_PATH=/home/zhangxin/planning_with_ROS2_course/src/install/base_msgs:/home/zhangxin/planning_with_ROS2_course/install/planning:/home/zhangxin/planning_with_ROS2_course/install/base_msgs:/home/zhangxin/planning_with_ROS2_course/install/data_plot:/opt/ros/humble /usr/local/bin/cmake --build /home/zhangxin/planning_with_ROS2_course/src/build/planning -- -j16 -l16
[1.701s] [ 50%] [32mBuilding CXX object src/planning_process/CMakeFiles/planning_node.dir/planning_node.cpp.o[0m
[3.915s] [01m[K/home/zhangxin/planning_with_ROS2_course/src/planning/src/planning_process/planning_node.cpp:[m[K In function ‘[01m[Kint main(int, char**)[m[K’:
[3.915s] [01m[K/home/zhangxin/planning_with_ROS2_course/src/planning/src/planning_process/planning_node.cpp:29:14:[m[K [01;35m[Kwarning: [m[Kunused parameter ‘[01m[Kargc[m[K’ [[01;35m[K]8;;https://gcc.gnu.org/onlinedocs/gcc/Warning-Options.html#index-Wunused-parameter-Wunused-parameter]8;;[m[K]
[3.915s]    29 | int main([01;35m[Kint argc[m[K, char * argv[])
[3.915s]       |          [01;35m[K~~~~^~~~[m[K
[3.915s] [01m[K/home/zhangxin/planning_with_ROS2_course/src/planning/src/planning_process/planning_node.cpp:29:27:[m[K [01;35m[Kwarning: [m[Kunused parameter ‘[01m[Kargv[m[K’ [[01;35m[K]8;;https://gcc.gnu.org/onlinedocs/gcc/Warning-Options.html#index-Wunused-parameter-Wunused-parameter]8;;[m[K]
[3.916s]    29 | int main(int argc, [01;35m[Kchar * argv[][m[K)
[3.916s]       |                    [01;35m[K~~~~~~~^~~~~~[m[K
[4.298s] [100%] [32m[1mLinking CXX executable planning_node[0m
[4.489s] [100%] Built target planning_node
[4.494s] Invoked command in '/home/zhangxin/planning_with_ROS2_course/src/build/planning' returned '0': AMENT_PREFIX_PATH=/home/zhangxin/planning_with_ROS2_course/src/install/base_msgs:${AMENT_PREFIX_PATH} CMAKE_PREFIX_PATH=/home/zhangxin/planning_with_ROS2_course/src/install/base_msgs:/home/zhangxin/planning_with_ROS2_course/install/planning:/home/zhangxin/planning_with_ROS2_course/install/base_msgs:/home/zhangxin/planning_with_ROS2_course/install/data_plot:/opt/ros/humble /usr/local/bin/cmake --build /home/zhangxin/planning_with_ROS2_course/src/build/planning -- -j16 -l16
[4.497s] Invoking command in '/home/zhangxin/planning_with_ROS2_course/src/build/planning': AMENT_PREFIX_PATH=/home/zhangxin/planning_with_ROS2_course/src/install/base_msgs:${AMENT_PREFIX_PATH} CMAKE_PREFIX_PATH=/home/zhangxin/planning_with_ROS2_course/src/install/base_msgs:/home/zhangxin/planning_with_ROS2_course/install/planning:/home/zhangxin/planning_with_ROS2_course/install/base_msgs:/home/zhangxin/planning_with_ROS2_course/install/data_plot:/opt/ros/humble /usr/local/bin/cmake --install /home/zhangxin/planning_with_ROS2_course/src/build/planning
[4.498s] -- Install configuration: ""
[4.499s] -- Installing: /home/zhangxin/planning_with_ROS2_course/src/install/planning/lib/planning_node
[4.499s] -- Set non-toolchain portion of runtime path of "/home/zhangxin/planning_with_ROS2_course/src/install/planning/lib/planning_node" to ""
[4.499s] -- Installing: /home/zhangxin/planning_with_ROS2_course/src/install/planning/lib/planning/config
[4.500s] -- Installing: /home/zhangxin/planning_with_ROS2_course/src/install/planning/lib/planning/launch
[4.500s] -- Installing: /home/zhangxin/planning_with_ROS2_course/src/install/planning/lib/planning/urdf
[4.500s] -- Installing: /home/zhangxin/planning_with_ROS2_course/src/install/planning/lib/planning/urdf/obs_car
[4.500s] -- Installing: /home/zhangxin/planning_with_ROS2_course/src/install/planning/lib/planning/urdf/main_car
[4.500s] -- Installing: /home/zhangxin/planning_with_ROS2_course/src/install/planning/lib/planning/rviz
[4.500s] -- Installing: /home/zhangxin/planning_with_ROS2_course/src/install/planning/share/ament_index/resource_index/package_run_dependencies/planning
[4.500s] -- Installing: /home/zhangxin/planning_with_ROS2_course/src/install/planning/share/ament_index/resource_index/parent_prefix_path/planning
[4.500s] -- Installing: /home/zhangxin/planning_with_ROS2_course/src/install/planning/share/planning/environment/ament_prefix_path.sh
[4.501s] -- Installing: /home/zhangxin/planning_with_ROS2_course/src/install/planning/share/planning/environment/ament_prefix_path.dsv
[4.501s] -- Installing: /home/zhangxin/planning_with_ROS2_course/src/install/planning/share/planning/environment/path.sh
[4.501s] -- Installing: /home/zhangxin/planning_with_ROS2_course/src/install/planning/share/planning/environment/path.dsv
[4.501s] -- Installing: /home/zhangxin/planning_with_ROS2_course/src/install/planning/share/planning/local_setup.bash
[4.501s] -- Installing: /home/zhangxin/planning_with_ROS2_course/src/install/planning/share/planning/local_setup.sh
[4.501s] -- Installing: /home/zhangxin/planning_with_ROS2_course/src/install/planning/share/planning/local_setup.zsh
[4.501s] -- Installing: /home/zhangxin/planning_with_ROS2_course/src/install/planning/share/planning/local_setup.dsv
[4.502s] -- Installing: /home/zhangxin/planning_with_ROS2_course/src/install/planning/share/planning/package.dsv
[4.502s] -- Installing: /home/zhangxin/planning_with_ROS2_course/src/install/planning/share/ament_index/resource_index/packages/planning
[4.502s] -- Installing: /home/zhangxin/planning_with_ROS2_course/src/install/planning/share/planning/cmake/planningConfig.cmake
[4.502s] -- Installing: /home/zhangxin/planning_with_ROS2_course/src/install/planning/share/planning/cmake/planningConfig-version.cmake
[4.502s] -- Installing: /home/zhangxin/planning_with_ROS2_course/src/install/planning/share/planning/package.xml
[4.505s] Invoked command in '/home/zhangxin/planning_with_ROS2_course/src/build/planning' returned '0': AMENT_PREFIX_PATH=/home/zhangxin/planning_with_ROS2_course/src/install/base_msgs:${AMENT_PREFIX_PATH} CMAKE_PREFIX_PATH=/home/zhangxin/planning_with_ROS2_course/src/install/base_msgs:/home/zhangxin/planning_with_ROS2_course/install/planning:/home/zhangxin/planning_with_ROS2_course/install/base_msgs:/home/zhangxin/planning_with_ROS2_course/install/data_plot:/opt/ros/humble /usr/local/bin/cmake --install /home/zhangxin/planning_with_ROS2_course/src/build/planning
