[0.250s] Invoking command in '/home/zhangxin/planning_with_ROS2_course/build/planning': CMAKE_PREFIX_PATH=/home/zhangxin/planning_with_ROS2_course/install/base_msgs:/home/zhangxin/planning_with_ROS2_course/install/planning:/home/zhangxin/planning_with_ROS2_course/install/data_plot:/opt/ros/humble /usr/local/bin/cmake --build /home/zhangxin/planning_with_ROS2_course/build/planning -- -j16 -l16
[0.264s] -- Found ament_cmake: 1.3.12 (/opt/ros/humble/share/ament_cmake/cmake)
[0.480s] -- Found rclcpp: 16.0.14 (/opt/ros/humble/share/rclcpp/cmake)
[0.514s] -- Found rosidl_generator_c: 3.1.7 (/opt/ros/humble/share/rosidl_generator_c/cmake)
[0.517s] -- Found rosidl_adapter: 3.1.7 (/opt/ros/humble/share/rosidl_adapter/cmake)
[0.524s] -- Found rosidl_generator_cpp: 3.1.7 (/opt/ros/humble/share/rosidl_generator_cpp/cmake)
[0.537s] -- Using all available rosidl_typesupport_c: rosidl_typesupport_fastrtps_c;rosidl_typesupport_introspection_c
[0.553s] -- Using all available rosidl_typesupport_cpp: rosidl_typesupport_fastrtps_cpp;rosidl_typesupport_introspection_cpp
[0.595s] -- Found rmw_implementation_cmake: 6.1.2 (/opt/ros/humble/share/rmw_implementation_cmake/cmake)
[0.595s] -- Found rmw_fastrtps_cpp: 6.2.8 (/opt/ros/humble/share/rmw_fastrtps_cpp/cmake)
[0.707s] -- Using RMW implementation 'rmw_fastrtps_cpp' as default
[0.769s] -- Found tf2: 0.25.16 (/opt/ros/humble/share/tf2/cmake)
[0.792s] -- Found tf2_ros: 0.25.16 (/opt/ros/humble/share/tf2_ros/cmake)
[0.909s] -- Found nav_msgs: 4.9.0 (/opt/ros/humble/share/nav_msgs/cmake)
[0.941s] -- Found visualization_msgs: 4.9.0 (/opt/ros/humble/share/visualization_msgs/cmake)
[0.999s] -- Found base_msgs: 0.0.0 (/home/zhangxin/planning_with_ROS2_course/install/base_msgs/share/base_msgs/cmake)
[1.143s] -- Configuring done (0.9s)
[1.220s] -- Generating done (0.1s)
[1.244s] -- Build files have been written to: /home/zhangxin/planning_with_ROS2_course/build/planning
[1.288s] [ 11%] Built target config_reader
[1.288s] [ 11%] Built target decision_center
[1.292s] [ 17%] Built target car_move_cmd
[1.293s] [ 31%] Built target mathlibs
[1.293s] [ 34%] Built target planning_node
[1.293s] [ 40%] Built target obs_move_cmd
[1.305s] [ 57%] Built target local_planner
[1.311s] [ 62%] Built target global_planner
[1.314s] [ 71%] Built target pnc_map_creator
[1.318s] [ 80%] [32mBuilding CXX object src/reference_line/CMakeFiles/reference_line.dir/reference_line_creator.cpp.o[0m
[1.318s] [ 82%] Built target vehicle_info
[1.318s] [ 85%] [32mBuilding CXX object src/reference_line/CMakeFiles/reference_line.dir/reference_line_smoother.cpp.o[0m
[1.333s] [ 91%] Built target global_path_server
[1.334s] [ 97%] Built target pnc_map_server
[4.137s] [100%] [32m[1mLinking CXX shared library libreference_line.so[0m
[4.261s] [100%] Built target reference_line
[4.267s] Invoked command in '/home/zhangxin/planning_with_ROS2_course/build/planning' returned '0': CMAKE_PREFIX_PATH=/home/zhangxin/planning_with_ROS2_course/install/base_msgs:/home/zhangxin/planning_with_ROS2_course/install/planning:/home/zhangxin/planning_with_ROS2_course/install/data_plot:/opt/ros/humble /usr/local/bin/cmake --build /home/zhangxin/planning_with_ROS2_course/build/planning -- -j16 -l16
[4.269s] Invoking command in '/home/zhangxin/planning_with_ROS2_course/build/planning': CMAKE_PREFIX_PATH=/home/zhangxin/planning_with_ROS2_course/install/base_msgs:/home/zhangxin/planning_with_ROS2_course/install/planning:/home/zhangxin/planning_with_ROS2_course/install/data_plot:/opt/ros/humble /usr/local/bin/cmake --install /home/zhangxin/planning_with_ROS2_course/build/planning
[4.271s] -- Install configuration: ""
[4.271s] -- Up-to-date: /home/zhangxin/planning_with_ROS2_course/install/planning/lib/libconfig_reader.so
[4.272s] -- Up-to-date: /home/zhangxin/planning_with_ROS2_course/install/planning/lib/libmathlibs.so
[4.272s] -- Up-to-date: /home/zhangxin/planning_with_ROS2_course/install/planning/lib/libdecision_center.so
[4.272s] -- Up-to-date: /home/zhangxin/planning_with_ROS2_course/install/planning/lib/libpnc_map_creator.a
[4.272s] -- Up-to-date: /home/zhangxin/planning_with_ROS2_course/install/planning/lib/planning/libpnc_map_server.a
[4.273s] -- Up-to-date: /home/zhangxin/planning_with_ROS2_course/install/planning/lib/libglobal_planner.so
[4.273s] -- Up-to-date: /home/zhangxin/planning_with_ROS2_course/install/planning/lib/planning/global_path_server
[4.273s] -- Up-to-date: /home/zhangxin/planning_with_ROS2_course/install/planning/lib/liblocal_planner.so
[4.274s] -- Installing: /home/zhangxin/planning_with_ROS2_course/install/planning/lib/libreference_line.so
[4.274s] -- Set non-toolchain portion of runtime path of "/home/zhangxin/planning_with_ROS2_course/install/planning/lib/libreference_line.so" to ""
[4.274s] -- Up-to-date: /home/zhangxin/planning_with_ROS2_course/install/planning/lib/libvehicle_info.so
[4.275s] -- Up-to-date: /home/zhangxin/planning_with_ROS2_course/install/planning/lib/planning/planning_node
[4.275s] -- Up-to-date: /home/zhangxin/planning_with_ROS2_course/install/planning/lib/planning/car_move_cmd
[4.275s] -- Up-to-date: /home/zhangxin/planning_with_ROS2_course/install/planning/lib/planning/obs_move_cmd
[4.276s] -- Up-to-date: /home/zhangxin/planning_with_ROS2_course/install/planning/lib/planning/config
[4.276s] -- Up-to-date: /home/zhangxin/planning_with_ROS2_course/install/planning/lib/planning/launch
[4.276s] -- Up-to-date: /home/zhangxin/planning_with_ROS2_course/install/planning/lib/planning/urdf
[4.276s] -- Up-to-date: /home/zhangxin/planning_with_ROS2_course/install/planning/lib/planning/urdf/obs_car
[4.276s] -- Up-to-date: /home/zhangxin/planning_with_ROS2_course/install/planning/lib/planning/urdf/main_car
[4.276s] -- Up-to-date: /home/zhangxin/planning_with_ROS2_course/install/planning/lib/planning/rviz
[4.276s] -- Up-to-date: /home/zhangxin/planning_with_ROS2_course/install/planning/share/ament_index/resource_index/package_run_dependencies/planning
[4.276s] -- Up-to-date: /home/zhangxin/planning_with_ROS2_course/install/planning/share/ament_index/resource_index/parent_prefix_path/planning
[4.276s] -- Up-to-date: /home/zhangxin/planning_with_ROS2_course/install/planning/share/planning/environment/ament_prefix_path.sh
[4.276s] -- Installing: /home/zhangxin/planning_with_ROS2_course/install/planning/share/planning/environment/ament_prefix_path.dsv
[4.276s] -- Up-to-date: /home/zhangxin/planning_with_ROS2_course/install/planning/share/planning/environment/path.sh
[4.276s] -- Installing: /home/zhangxin/planning_with_ROS2_course/install/planning/share/planning/environment/path.dsv
[4.277s] -- Up-to-date: /home/zhangxin/planning_with_ROS2_course/install/planning/share/planning/local_setup.bash
[4.277s] -- Up-to-date: /home/zhangxin/planning_with_ROS2_course/install/planning/share/planning/local_setup.sh
[4.277s] -- Up-to-date: /home/zhangxin/planning_with_ROS2_course/install/planning/share/planning/local_setup.zsh
[4.277s] -- Installing: /home/zhangxin/planning_with_ROS2_course/install/planning/share/planning/local_setup.dsv
[4.277s] -- Installing: /home/zhangxin/planning_with_ROS2_course/install/planning/share/planning/package.dsv
[4.277s] -- Up-to-date: /home/zhangxin/planning_with_ROS2_course/install/planning/share/ament_index/resource_index/packages/planning
[4.277s] -- Up-to-date: /home/zhangxin/planning_with_ROS2_course/install/planning/share/planning/cmake/planningConfig.cmake
[4.277s] -- Up-to-date: /home/zhangxin/planning_with_ROS2_course/install/planning/share/planning/cmake/planningConfig-version.cmake
[4.277s] -- Up-to-date: /home/zhangxin/planning_with_ROS2_course/install/planning/share/planning/package.xml
[4.279s] Invoked command in '/home/zhangxin/planning_with_ROS2_course/build/planning' returned '0': CMAKE_PREFIX_PATH=/home/zhangxin/planning_with_ROS2_course/install/base_msgs:/home/zhangxin/planning_with_ROS2_course/install/planning:/home/zhangxin/planning_with_ROS2_course/install/data_plot:/opt/ros/humble /usr/local/bin/cmake --install /home/zhangxin/planning_with_ROS2_course/build/planning
