[0.580s] Invoking command in '/home/zhangxin/planning_with_ROS2_course/src/data_plot': CMAKE_PREFIX_PATH=/home/zhangxin/planning_with_ROS2_course/install/base_msgs:/home/zhangxin/planning_with_ROS2_course/install/planning PYTHONPATH=/home/zhangxin/planning_with_ROS2_course/build/data_plot/prefix_override:/usr/lib/python3/dist-packages/colcon_core/task/python/colcon_distutils_commands:/home/zhangxin/planning_with_ROS2_course/install/data_plot/lib/python3.10/site-packages:${PYTHONPATH} /usr/bin/python3 -W ignore:setup.py install is deprecated -W ignore:easy_install command is deprecated setup.py egg_info --egg-base ../../build/data_plot build --build-base /home/zhangxin/planning_with_ROS2_course/build/data_plot/build install --record /home/zhangxin/planning_with_ROS2_course/build/data_plot/install.log --single-version-externally-managed install_data
[0.803s] running egg_info
[0.804s] writing ../../build/data_plot/data_plot.egg-info/PKG-INFO
[0.804s] writing dependency_links to ../../build/data_plot/data_plot.egg-info/dependency_links.txt
[0.804s] writing entry points to ../../build/data_plot/data_plot.egg-info/entry_points.txt
[0.805s] writing requirements to ../../build/data_plot/data_plot.egg-info/requires.txt
[0.805s] writing top-level names to ../../build/data_plot/data_plot.egg-info/top_level.txt
[0.806s] reading manifest file '../../build/data_plot/data_plot.egg-info/SOURCES.txt'
[0.807s] writing manifest file '../../build/data_plot/data_plot.egg-info/SOURCES.txt'
[0.807s] running build
[0.807s] running build_py
[0.808s] running install
[0.808s] running install_lib
[0.809s] running install_data
[0.809s] running install_egg_info
[0.811s] removing '/home/zhangxin/planning_with_ROS2_course/install/data_plot/lib/python3.10/site-packages/data_plot-0.0.0-py3.10.egg-info' (and everything under it)
[0.811s] Copying ../../build/data_plot/data_plot.egg-info to /home/zhangxin/planning_with_ROS2_course/install/data_plot/lib/python3.10/site-packages/data_plot-0.0.0-py3.10.egg-info
[0.812s] running install_scripts
[0.833s] Installing data_plot script to /home/zhangxin/planning_with_ROS2_course/install/data_plot/lib/data_plot
[0.833s] writing list of installed files to '/home/zhangxin/planning_with_ROS2_course/build/data_plot/install.log'
[0.884s] Invoked command in '/home/zhangxin/planning_with_ROS2_course/src/data_plot' returned '0': CMAKE_PREFIX_PATH=/home/zhangxin/planning_with_ROS2_course/install/base_msgs:/home/zhangxin/planning_with_ROS2_course/install/planning PYTHONPATH=/home/zhangxin/planning_with_ROS2_course/build/data_plot/prefix_override:/usr/lib/python3/dist-packages/colcon_core/task/python/colcon_distutils_commands:/home/zhangxin/planning_with_ROS2_course/install/data_plot/lib/python3.10/site-packages:${PYTHONPATH} /usr/bin/python3 -W ignore:setup.py install is deprecated -W ignore:easy_install command is deprecated setup.py egg_info --egg-base ../../build/data_plot build --build-base /home/zhangxin/planning_with_ROS2_course/build/data_plot/build install --record /home/zhangxin/planning_with_ROS2_course/build/data_plot/install.log --single-version-externally-managed install_data
