[0.232s] Invoking command in '/home/zhangxin/planning_with_ROS2_course/build/planning': CMAKE_PREFIX_PATH=/home/zhangxin/planning_with_ROS2_course/install/base_msgs:/home/zhangxin/planning_with_ROS2_course/install/planning:/home/zhangxin/planning_with_ROS2_course/install/data_plot:/opt/ros/humble /usr/local/bin/cmake --build /home/zhangxin/planning_with_ROS2_course/build/planning -- -j16 -l16
[0.246s] [31mCMake Error at CMakeLists.txt:23 (target_include_directories):
[0.246s]   Cannot specify include directories for target
[0.246s]   "/usr/local/include/eigen-3.4.0" which is not built by this project.
[0.246s] 
[0.246s] [0m
[0.246s] -- Found ament_cmake: 1.3.12 (/opt/ros/humble/share/ament_cmake/cmake)
[0.463s] -- Found rclcpp: 16.0.14 (/opt/ros/humble/share/rclcpp/cmake)
[0.497s] -- Found rosidl_generator_c: 3.1.7 (/opt/ros/humble/share/rosidl_generator_c/cmake)
[0.501s] -- Found rosidl_adapter: 3.1.7 (/opt/ros/humble/share/rosidl_adapter/cmake)
[0.507s] -- Found rosidl_generator_cpp: 3.1.7 (/opt/ros/humble/share/rosidl_generator_cpp/cmake)
[0.520s] -- Using all available rosidl_typesupport_c: rosidl_typesupport_fastrtps_c;rosidl_typesupport_introspection_c
[0.539s] -- Using all available rosidl_typesupport_cpp: rosidl_typesupport_fastrtps_cpp;rosidl_typesupport_introspection_cpp
[0.580s] -- Found rmw_implementation_cmake: 6.1.2 (/opt/ros/humble/share/rmw_implementation_cmake/cmake)
[0.582s] -- Found rmw_fastrtps_cpp: 6.2.8 (/opt/ros/humble/share/rmw_fastrtps_cpp/cmake)
[0.704s] -- Using RMW implementation 'rmw_fastrtps_cpp' as default
[0.775s] -- Found tf2: 0.25.16 (/opt/ros/humble/share/tf2/cmake)
[0.800s] -- Found tf2_ros: 0.25.16 (/opt/ros/humble/share/tf2_ros/cmake)
[0.915s] [31mCMake Error at CMakeLists.txt:49 (find_package):
[0.915s]   By not providing "Findgeomotry_msgs.cmake" in CMAKE_MODULE_PATH this
[0.915s]   project has asked CMake to find a package configuration file provided by
[0.915s]   "geomotry_msgs", but CMake did not find one.
[0.915s] 
[0.916s]   Could not find a package configuration file provided by "geomotry_msgs"
[0.916s]   with any of the following names:
[0.916s] 
[0.916s]     geomotry_msgsConfig.cmake
[0.916s]     geomotry_msgs-config.cmake
[0.916s] 
[0.916s]   Add the installation prefix of "geomotry_msgs" to CMAKE_PREFIX_PATH or set
[0.916s]   "geomotry_msgs_DIR" to a directory containing one of the above files.  If
[0.916s]   "geomotry_msgs" provides a separate development package or SDK, be sure it
[0.916s]   has been installed.
[0.916s] 
[0.916s] [0m
[0.916s] -- Configuring incomplete, errors occurred!
[0.922s] gmake: *** [Makefile:267：cmake_check_build_system] 错误 1
[0.925s] Invoked command in '/home/zhangxin/planning_with_ROS2_course/build/planning' returned '2': CMAKE_PREFIX_PATH=/home/zhangxin/planning_with_ROS2_course/install/base_msgs:/home/zhangxin/planning_with_ROS2_course/install/planning:/home/zhangxin/planning_with_ROS2_course/install/data_plot:/opt/ros/humble /usr/local/bin/cmake --build /home/zhangxin/planning_with_ROS2_course/build/planning -- -j16 -l16
