[0.237s] Invoking command in '/home/zhangxin/planning_with_ROS2_course/build/planning': CMAKE_PREFIX_PATH=/home/zhangxin/planning_with_ROS2_course/install/base_msgs:/home/zhangxin/planning_with_ROS2_course/install/planning:/home/zhangxin/planning_with_ROS2_course/install/data_plot:/opt/ros/humble /usr/local/bin/cmake --build /home/zhangxin/planning_with_ROS2_course/build/planning -- -j16 -l16
[0.255s] -- Found ament_cmake: 1.3.12 (/opt/ros/humble/share/ament_cmake/cmake)
[0.492s] -- Found rclcpp: 16.0.14 (/opt/ros/humble/share/rclcpp/cmake)
[0.531s] -- Found rosidl_generator_c: 3.1.7 (/opt/ros/humble/share/rosidl_generator_c/cmake)
[0.535s] -- Found rosidl_adapter: 3.1.7 (/opt/ros/humble/share/rosidl_adapter/cmake)
[0.543s] -- Found rosidl_generator_cpp: 3.1.7 (/opt/ros/humble/share/rosidl_generator_cpp/cmake)
[0.557s] -- Using all available rosidl_typesupport_c: rosidl_typesupport_fastrtps_c;rosidl_typesupport_introspection_c
[0.575s] -- Using all available rosidl_typesupport_cpp: rosidl_typesupport_fastrtps_cpp;rosidl_typesupport_introspection_cpp
[0.626s] -- Found rmw_implementation_cmake: 6.1.2 (/opt/ros/humble/share/rmw_implementation_cmake/cmake)
[0.626s] -- Found rmw_fastrtps_cpp: 6.2.8 (/opt/ros/humble/share/rmw_fastrtps_cpp/cmake)
[0.748s] -- Using RMW implementation 'rmw_fastrtps_cpp' as default
[0.820s] -- Found tf2: 0.25.16 (/opt/ros/humble/share/tf2/cmake)
[0.844s] -- Found tf2_ros: 0.25.16 (/opt/ros/humble/share/tf2_ros/cmake)
[0.966s] -- Found nav_msgs: 4.9.0 (/opt/ros/humble/share/nav_msgs/cmake)
[0.991s] -- Found visualization_msgs: 4.9.0 (/opt/ros/humble/share/visualization_msgs/cmake)
[1.046s] -- Found base_msgs: 0.0.0 (/home/zhangxin/planning_with_ROS2_course/install/base_msgs/share/base_msgs/cmake)
[1.163s] -- Configuring done (0.9s)
[1.250s] -- Generating done (0.1s)
[1.273s] -- Build files have been written to: /home/zhangxin/planning_with_ROS2_course/build/planning
[1.315s] [  5%] Built target config_reader
[1.320s] [ 14%] Built target mathlibs
[1.336s] [ 20%] Built target global_planner
[1.337s] [ 28%] Built target pnc_map_creator
[1.342s] [ 31%] [32mBuilding CXX object src/vehicle_info/CMakeFiles/vehicle_info.dir/main_car/main_car_info.cpp.o[0m
[1.343s] [ 34%] [32mBuilding CXX object src/vehicle_info/CMakeFiles/vehicle_info.dir/obs_car/obs_car_info.cpp.o[0m
[1.349s] [ 42%] Built target reference_line
[1.357s] [ 48%] Built target pnc_map_server
[1.358s] [ 54%] Built target global_path_server
[4.431s] [ 57%] [32m[1mLinking CXX shared library libvehicle_info.so[0m
[4.550s] [ 57%] Built target vehicle_info
[4.570s] [ 62%] [32mBuilding CXX object src/decision_center/CMakeFiles/decision_center.dir/decision_center.cpp.o[0m
[4.570s] [ 62%] [32mBuilding CXX object src/move_cmd/CMakeFiles/obs_move_cmd.dir/obs_move_cmd.cpp.o[0m
[4.571s] [ 65%] [32mBuilding CXX object src/move_cmd/CMakeFiles/car_move_cmd.dir/car_move_cmd.cpp.o[0m
[8.009s] [ 68%] [32m[1mLinking CXX shared library libdecision_center.so[0m
[8.057s] [ 71%] [32m[1mLinking CXX executable obs_move_cmd[0m
[8.188s] [ 71%] Built target decision_center
[8.230s] [ 74%] [32mBuilding CXX object src/local_planner/CMakeFiles/local_planner.dir/local_path/local_path_planner.cpp.o[0m
[8.232s] [ 77%] [32mBuilding CXX object src/local_planner/CMakeFiles/local_planner.dir/local_speeds/local_speeds_planner.cpp.o[0m
[8.246s] [ 77%] Built target obs_move_cmd
[8.256s] [ 80%] [32m[1mLinking CXX executable car_move_cmd[0m
[8.422s] [ 80%] Built target car_move_cmd
[11.647s] [ 82%] [32m[1mLinking CXX shared library liblocal_planner.so[0m
[11.769s] [ 91%] Built target local_planner
[11.801s] [ 94%] [32mBuilding CXX object src/planning_process/CMakeFiles/planning_node.dir/planning_node.cpp.o[0m
[11.802s] [ 97%] [32mBuilding CXX object src/planning_process/CMakeFiles/planning_node.dir/planning_process.cpp.o[0m
[15.423s] [100%] [32m[1mLinking CXX executable planning_node[0m
[15.572s] [100%] Built target planning_node
[15.579s] Invoked command in '/home/zhangxin/planning_with_ROS2_course/build/planning' returned '0': CMAKE_PREFIX_PATH=/home/zhangxin/planning_with_ROS2_course/install/base_msgs:/home/zhangxin/planning_with_ROS2_course/install/planning:/home/zhangxin/planning_with_ROS2_course/install/data_plot:/opt/ros/humble /usr/local/bin/cmake --build /home/zhangxin/planning_with_ROS2_course/build/planning -- -j16 -l16
[15.582s] Invoking command in '/home/zhangxin/planning_with_ROS2_course/build/planning': CMAKE_PREFIX_PATH=/home/zhangxin/planning_with_ROS2_course/install/base_msgs:/home/zhangxin/planning_with_ROS2_course/install/planning:/home/zhangxin/planning_with_ROS2_course/install/data_plot:/opt/ros/humble /usr/local/bin/cmake --install /home/zhangxin/planning_with_ROS2_course/build/planning
[15.583s] -- Install configuration: ""
[15.583s] -- Up-to-date: /home/zhangxin/planning_with_ROS2_course/install/planning/lib/libconfig_reader.so
[15.583s] -- Up-to-date: /home/zhangxin/planning_with_ROS2_course/install/planning/lib/libmathlibs.so
[15.584s] -- Installing: /home/zhangxin/planning_with_ROS2_course/install/planning/lib/libdecision_center.so
[15.584s] -- Set non-toolchain portion of runtime path of "/home/zhangxin/planning_with_ROS2_course/install/planning/lib/libdecision_center.so" to ""
[15.585s] -- Up-to-date: /home/zhangxin/planning_with_ROS2_course/install/planning/lib/libpnc_map_creator.a
[15.585s] -- Up-to-date: /home/zhangxin/planning_with_ROS2_course/install/planning/lib/planning/libpnc_map_server.a
[15.585s] -- Up-to-date: /home/zhangxin/planning_with_ROS2_course/install/planning/lib/libglobal_planner.so
[15.585s] -- Up-to-date: /home/zhangxin/planning_with_ROS2_course/install/planning/lib/planning/global_path_server
[15.586s] -- Installing: /home/zhangxin/planning_with_ROS2_course/install/planning/lib/liblocal_planner.so
[15.586s] -- Set non-toolchain portion of runtime path of "/home/zhangxin/planning_with_ROS2_course/install/planning/lib/liblocal_planner.so" to ""
[15.586s] -- Up-to-date: /home/zhangxin/planning_with_ROS2_course/install/planning/lib/libreference_line.so
[15.587s] -- Installing: /home/zhangxin/planning_with_ROS2_course/install/planning/lib/libvehicle_info.so
[15.587s] -- Set non-toolchain portion of runtime path of "/home/zhangxin/planning_with_ROS2_course/install/planning/lib/libvehicle_info.so" to ""
[15.588s] -- Installing: /home/zhangxin/planning_with_ROS2_course/install/planning/lib/planning/planning_node
[15.588s] -- Set non-toolchain portion of runtime path of "/home/zhangxin/planning_with_ROS2_course/install/planning/lib/planning/planning_node" to ""
[15.589s] -- Installing: /home/zhangxin/planning_with_ROS2_course/install/planning/lib/planning/car_move_cmd
[15.589s] -- Set non-toolchain portion of runtime path of "/home/zhangxin/planning_with_ROS2_course/install/planning/lib/planning/car_move_cmd" to ""
[15.589s] -- Installing: /home/zhangxin/planning_with_ROS2_course/install/planning/lib/planning/obs_move_cmd
[15.590s] -- Set non-toolchain portion of runtime path of "/home/zhangxin/planning_with_ROS2_course/install/planning/lib/planning/obs_move_cmd" to ""
[15.590s] -- Up-to-date: /home/zhangxin/planning_with_ROS2_course/install/planning/lib/planning/config
[15.590s] -- Up-to-date: /home/zhangxin/planning_with_ROS2_course/install/planning/lib/planning/launch
[15.590s] -- Up-to-date: /home/zhangxin/planning_with_ROS2_course/install/planning/lib/planning/urdf
[15.590s] -- Up-to-date: /home/zhangxin/planning_with_ROS2_course/install/planning/lib/planning/urdf/obs_car
[15.590s] -- Up-to-date: /home/zhangxin/planning_with_ROS2_course/install/planning/lib/planning/urdf/main_car
[15.590s] -- Up-to-date: /home/zhangxin/planning_with_ROS2_course/install/planning/lib/planning/rviz
[15.590s] -- Up-to-date: /home/zhangxin/planning_with_ROS2_course/install/planning/share/ament_index/resource_index/package_run_dependencies/planning
[15.591s] -- Up-to-date: /home/zhangxin/planning_with_ROS2_course/install/planning/share/ament_index/resource_index/parent_prefix_path/planning
[15.591s] -- Up-to-date: /home/zhangxin/planning_with_ROS2_course/install/planning/share/planning/environment/ament_prefix_path.sh
[15.591s] -- Installing: /home/zhangxin/planning_with_ROS2_course/install/planning/share/planning/environment/ament_prefix_path.dsv
[15.591s] -- Up-to-date: /home/zhangxin/planning_with_ROS2_course/install/planning/share/planning/environment/path.sh
[15.591s] -- Installing: /home/zhangxin/planning_with_ROS2_course/install/planning/share/planning/environment/path.dsv
[15.591s] -- Up-to-date: /home/zhangxin/planning_with_ROS2_course/install/planning/share/planning/local_setup.bash
[15.591s] -- Up-to-date: /home/zhangxin/planning_with_ROS2_course/install/planning/share/planning/local_setup.sh
[15.591s] -- Up-to-date: /home/zhangxin/planning_with_ROS2_course/install/planning/share/planning/local_setup.zsh
[15.591s] -- Installing: /home/zhangxin/planning_with_ROS2_course/install/planning/share/planning/local_setup.dsv
[15.591s] -- Installing: /home/zhangxin/planning_with_ROS2_course/install/planning/share/planning/package.dsv
[15.591s] -- Up-to-date: /home/zhangxin/planning_with_ROS2_course/install/planning/share/ament_index/resource_index/packages/planning
[15.591s] -- Up-to-date: /home/zhangxin/planning_with_ROS2_course/install/planning/share/planning/cmake/planningConfig.cmake
[15.592s] -- Up-to-date: /home/zhangxin/planning_with_ROS2_course/install/planning/share/planning/cmake/planningConfig-version.cmake
[15.592s] -- Up-to-date: /home/zhangxin/planning_with_ROS2_course/install/planning/share/planning/package.xml
[15.594s] Invoked command in '/home/zhangxin/planning_with_ROS2_course/build/planning' returned '0': CMAKE_PREFIX_PATH=/home/zhangxin/planning_with_ROS2_course/install/base_msgs:/home/zhangxin/planning_with_ROS2_course/install/planning:/home/zhangxin/planning_with_ROS2_course/install/data_plot:/opt/ros/humble /usr/local/bin/cmake --install /home/zhangxin/planning_with_ROS2_course/build/planning
