[0.538s] Invoking command in '/home/zhangxin/planning_with_ROS2_course/src/data_plot': AMENT_PREFIX_PATH=/home/zhangxin/planning_with_ROS2_course/src/install/base_msgs:${AMENT_PREFIX_PATH} CMAKE_PREFIX_PATH=/home/zhangxin/planning_with_ROS2_course/src/install/base_msgs:${CMAKE_PREFIX_PATH} PYTHONPATH=/home/zhangxin/planning_with_ROS2_course/src/build/data_plot/prefix_override:/usr/lib/python3/dist-packages/colcon_core/task/python/colcon_distutils_commands:/home/zhangxin/planning_with_ROS2_course/src/install/data_plot/lib/python3.10/site-packages:${PYTHONPATH} /usr/bin/python3 -W ignore:setup.py install is deprecated -W ignore:easy_install command is deprecated setup.py egg_info --egg-base ../build/data_plot build --build-base /home/zhangxin/planning_with_ROS2_course/src/build/data_plot/build install --record /home/zhangxin/planning_with_ROS2_course/src/build/data_plot/install.log --single-version-externally-managed install_data
[0.744s] running egg_info
[0.744s] creating ../build/data_plot/data_plot.egg-info
[0.745s] writing ../build/data_plot/data_plot.egg-info/PKG-INFO
[0.745s] writing dependency_links to ../build/data_plot/data_plot.egg-info/dependency_links.txt
[0.745s] writing entry points to ../build/data_plot/data_plot.egg-info/entry_points.txt
[0.745s] writing requirements to ../build/data_plot/data_plot.egg-info/requires.txt
[0.745s] writing top-level names to ../build/data_plot/data_plot.egg-info/top_level.txt
[0.746s] writing manifest file '../build/data_plot/data_plot.egg-info/SOURCES.txt'
[0.748s] reading manifest file '../build/data_plot/data_plot.egg-info/SOURCES.txt'
[0.748s] writing manifest file '../build/data_plot/data_plot.egg-info/SOURCES.txt'
[0.749s] running build
[0.749s] running build_py
[0.749s] creating /home/zhangxin/planning_with_ROS2_course/src/build/data_plot/build
[0.749s] creating /home/zhangxin/planning_with_ROS2_course/src/build/data_plot/build/lib
[0.749s] creating /home/zhangxin/planning_with_ROS2_course/src/build/data_plot/build/lib/data_plot
[0.749s] copying data_plot/data_plot.py -> /home/zhangxin/planning_with_ROS2_course/src/build/data_plot/build/lib/data_plot
[0.749s] copying data_plot/__init__.py -> /home/zhangxin/planning_with_ROS2_course/src/build/data_plot/build/lib/data_plot
[0.749s] running install
[0.749s] running install_lib
[0.750s] creating /home/zhangxin/planning_with_ROS2_course/src/install/data_plot/lib/python3.10/site-packages/data_plot
[0.751s] copying /home/zhangxin/planning_with_ROS2_course/src/build/data_plot/build/lib/data_plot/data_plot.py -> /home/zhangxin/planning_with_ROS2_course/src/install/data_plot/lib/python3.10/site-packages/data_plot
[0.751s] copying /home/zhangxin/planning_with_ROS2_course/src/build/data_plot/build/lib/data_plot/__init__.py -> /home/zhangxin/planning_with_ROS2_course/src/install/data_plot/lib/python3.10/site-packages/data_plot
[0.752s] byte-compiling /home/zhangxin/planning_with_ROS2_course/src/install/data_plot/lib/python3.10/site-packages/data_plot/data_plot.py to data_plot.cpython-310.pyc
[0.752s] byte-compiling /home/zhangxin/planning_with_ROS2_course/src/install/data_plot/lib/python3.10/site-packages/data_plot/__init__.py to __init__.cpython-310.pyc
[0.752s] running install_data
[0.752s] creating /home/zhangxin/planning_with_ROS2_course/src/install/data_plot/share/ament_index
[0.752s] creating /home/zhangxin/planning_with_ROS2_course/src/install/data_plot/share/ament_index/resource_index
[0.753s] creating /home/zhangxin/planning_with_ROS2_course/src/install/data_plot/share/ament_index/resource_index/packages
[0.753s] copying resource/data_plot -> /home/zhangxin/planning_with_ROS2_course/src/install/data_plot/share/ament_index/resource_index/packages
[0.753s] copying package.xml -> /home/zhangxin/planning_with_ROS2_course/src/install/data_plot/share/data_plot
[0.753s] running install_egg_info
[0.756s] Copying ../build/data_plot/data_plot.egg-info to /home/zhangxin/planning_with_ROS2_course/src/install/data_plot/lib/python3.10/site-packages/data_plot-0.0.0-py3.10.egg-info
[0.757s] running install_scripts
[0.778s] Installing data_plot script to /home/zhangxin/planning_with_ROS2_course/src/install/data_plot/lib/data_plot
[0.778s] writing list of installed files to '/home/zhangxin/planning_with_ROS2_course/src/build/data_plot/install.log'
[0.819s] Invoked command in '/home/zhangxin/planning_with_ROS2_course/src/data_plot' returned '0': AMENT_PREFIX_PATH=/home/zhangxin/planning_with_ROS2_course/src/install/base_msgs:${AMENT_PREFIX_PATH} CMAKE_PREFIX_PATH=/home/zhangxin/planning_with_ROS2_course/src/install/base_msgs:${CMAKE_PREFIX_PATH} PYTHONPATH=/home/zhangxin/planning_with_ROS2_course/src/build/data_plot/prefix_override:/usr/lib/python3/dist-packages/colcon_core/task/python/colcon_distutils_commands:/home/zhangxin/planning_with_ROS2_course/src/install/data_plot/lib/python3.10/site-packages:${PYTHONPATH} /usr/bin/python3 -W ignore:setup.py install is deprecated -W ignore:easy_install command is deprecated setup.py egg_info --egg-base ../build/data_plot build --build-base /home/zhangxin/planning_with_ROS2_course/src/build/data_plot/build install --record /home/zhangxin/planning_with_ROS2_course/src/build/data_plot/install.log --single-version-externally-managed install_data
