[0.021s] Invoking command in '/home/zhangxin/planning_with_ROS2_course/build/base_msgs': CMAKE_PREFIX_PATH=${CMAKE_PREFIX_PATH}:/home/zhangxin/planning_with_ROS2_course/install/data_plot:/opt/ros/humble /usr/local/bin/cmake --build /home/zhangxin/planning_with_ROS2_course/build/base_msgs -- -j16 -l16
[0.245s] -- Found ament_cmake: 1.3.12 (/opt/ros/humble/share/ament_cmake/cmake)
[0.245s] -- Found Python3: /usr/bin/python3 (found version "3.10.12") found components: Interpreter
[0.245s] -- Found rosidl_default_generators: 1.2.0 (/opt/ros/humble/share/rosidl_default_generators/cmake)
[0.245s] -- Using all available rosidl_typesupport_c: rosidl_typesupport_fastrtps_c;rosidl_typesupport_introspection_c
[0.246s] -- Found rosidl_adapter: 3.1.7 (/opt/ros/humble/share/rosidl_adapter/cmake)
[0.292s] -- Using all available rosidl_typesupport_cpp: rosidl_typesupport_fastrtps_cpp;rosidl_typesupport_introspection_cpp
[0.340s] -- Found visualization_msgs: 4.9.0 (/opt/ros/humble/share/visualization_msgs/cmake)
[0.464s] -- Found nav_msgs: 4.9.0 (/opt/ros/humble/share/nav_msgs/cmake)
[0.489s] -- Found ament_lint_auto: 0.12.14 (/opt/ros/humble/share/ament_lint_auto/cmake)
[0.557s] -- Added test 'lint_cmake' to check CMake code style
[0.559s] -- Added test 'xmllint' to check XML markup files
[0.560s] -- Configuring done (0.5s)
[0.565s] -- Generating done (0.0s)
[0.567s] -- Build files have been written to: /home/zhangxin/planning_with_ROS2_course/build/base_msgs
[0.579s] Invoked command in '/home/zhangxin/planning_with_ROS2_course/build/base_msgs' returned '0': CMAKE_PREFIX_PATH=${CMAKE_PREFIX_PATH}:/home/zhangxin/planning_with_ROS2_course/install/data_plot:/opt/ros/humble /usr/local/bin/cmake --build /home/zhangxin/planning_with_ROS2_course/build/base_msgs -- -j16 -l16
[0.581s] Invoking command in '/home/zhangxin/planning_with_ROS2_course/build/base_msgs': CMAKE_PREFIX_PATH=${CMAKE_PREFIX_PATH}:/home/zhangxin/planning_with_ROS2_course/install/data_plot:/opt/ros/humble /usr/local/bin/cmake --install /home/zhangxin/planning_with_ROS2_course/build/base_msgs
[0.583s] -- Install configuration: ""
[0.583s] -- Installing: /home/zhangxin/planning_with_ROS2_course/install/base_msgs/share/ament_index/resource_index/package_run_dependencies/base_msgs
[0.583s] -- Installing: /home/zhangxin/planning_with_ROS2_course/install/base_msgs/share/ament_index/resource_index/parent_prefix_path/base_msgs
[0.584s] -- Up-to-date: /home/zhangxin/planning_with_ROS2_course/install/base_msgs/share/base_msgs/environment/ament_prefix_path.sh
[0.584s] -- Installing: /home/zhangxin/planning_with_ROS2_course/install/base_msgs/share/base_msgs/environment/ament_prefix_path.dsv
[0.584s] -- Up-to-date: /home/zhangxin/planning_with_ROS2_course/install/base_msgs/share/base_msgs/environment/path.sh
[0.584s] -- Installing: /home/zhangxin/planning_with_ROS2_course/install/base_msgs/share/base_msgs/environment/path.dsv
[0.584s] -- Up-to-date: /home/zhangxin/planning_with_ROS2_course/install/base_msgs/share/base_msgs/local_setup.bash
[0.584s] -- Up-to-date: /home/zhangxin/planning_with_ROS2_course/install/base_msgs/share/base_msgs/local_setup.sh
[0.584s] -- Up-to-date: /home/zhangxin/planning_with_ROS2_course/install/base_msgs/share/base_msgs/local_setup.zsh
[0.584s] -- Installing: /home/zhangxin/planning_with_ROS2_course/install/base_msgs/share/base_msgs/local_setup.dsv
[0.584s] -- Installing: /home/zhangxin/planning_with_ROS2_course/install/base_msgs/share/base_msgs/package.dsv
[0.584s] -- Up-to-date: /home/zhangxin/planning_with_ROS2_course/install/base_msgs/share/ament_index/resource_index/packages/base_msgs
[0.584s] -- Up-to-date: /home/zhangxin/planning_with_ROS2_course/install/base_msgs/share/base_msgs/cmake/base_msgsConfig.cmake
[0.585s] -- Up-to-date: /home/zhangxin/planning_with_ROS2_course/install/base_msgs/share/base_msgs/cmake/base_msgsConfig-version.cmake
[0.585s] -- Installing: /home/zhangxin/planning_with_ROS2_course/install/base_msgs/share/base_msgs/package.xml
[0.587s] Invoked command in '/home/zhangxin/planning_with_ROS2_course/build/base_msgs' returned '0': CMAKE_PREFIX_PATH=${CMAKE_PREFIX_PATH}:/home/zhangxin/planning_with_ROS2_course/install/data_plot:/opt/ros/humble /usr/local/bin/cmake --install /home/zhangxin/planning_with_ROS2_course/build/base_msgs
