[0.004s] Invoking command in '/home/zx/planning_with_ROS2_course/build/base_msgs': CMAKE_PREFIX_PATH=/opt/ros/humble /usr/bin/cmake --build /home/zx/planning_with_ROS2_course/build/base_msgs -- -j24 -l24
[0.028s] Invoked command in '/home/zx/planning_with_ROS2_course/build/base_msgs' returned '0': CMAKE_PREFIX_PATH=/opt/ros/humble /usr/bin/cmake --build /home/zx/planning_with_ROS2_course/build/base_msgs -- -j24 -l24
[0.032s] Invoking command in '/home/zx/planning_with_ROS2_course/build/base_msgs': CMAKE_PREFIX_PATH=/opt/ros/humble /usr/bin/cmake --install /home/zx/planning_with_ROS2_course/build/base_msgs
[0.035s] -- Install configuration: ""
[0.035s] -- Execute custom install script
[0.036s] -- Up-to-date symlink: /home/zx/planning_with_ROS2_course/install/base_msgs/share/ament_index/resource_index/package_run_dependencies/base_msgs
[0.036s] -- Up-to-date symlink: /home/zx/planning_with_ROS2_course/install/base_msgs/share/ament_index/resource_index/parent_prefix_path/base_msgs
[0.036s] -- Up-to-date symlink: /home/zx/planning_with_ROS2_course/install/base_msgs/share/base_msgs/environment/ament_prefix_path.sh
[0.036s] -- Up-to-date symlink: /home/zx/planning_with_ROS2_course/install/base_msgs/share/base_msgs/environment/ament_prefix_path.dsv
[0.036s] -- Up-to-date symlink: /home/zx/planning_with_ROS2_course/install/base_msgs/share/base_msgs/environment/path.sh
[0.036s] -- Up-to-date symlink: /home/zx/planning_with_ROS2_course/install/base_msgs/share/base_msgs/environment/path.dsv
[0.036s] -- Up-to-date symlink: /home/zx/planning_with_ROS2_course/install/base_msgs/share/base_msgs/local_setup.bash
[0.036s] -- Up-to-date symlink: /home/zx/planning_with_ROS2_course/install/base_msgs/share/base_msgs/local_setup.sh
[0.036s] -- Up-to-date symlink: /home/zx/planning_with_ROS2_course/install/base_msgs/share/base_msgs/local_setup.zsh
[0.036s] -- Up-to-date symlink: /home/zx/planning_with_ROS2_course/install/base_msgs/share/base_msgs/local_setup.dsv
[0.036s] -- Symlinking: /home/zx/planning_with_ROS2_course/install/base_msgs/share/base_msgs/package.dsv
[0.040s] -- Up-to-date symlink: /home/zx/planning_with_ROS2_course/install/base_msgs/share/ament_index/resource_index/packages/base_msgs
[0.040s] -- Up-to-date symlink: /home/zx/planning_with_ROS2_course/install/base_msgs/share/base_msgs/cmake/base_msgsConfig.cmake
[0.040s] -- Up-to-date symlink: /home/zx/planning_with_ROS2_course/install/base_msgs/share/base_msgs/cmake/base_msgsConfig-version.cmake
[0.040s] -- Up-to-date symlink: /home/zx/planning_with_ROS2_course/install/base_msgs/share/base_msgs/package.xml
[0.042s] Invoked command in '/home/zx/planning_with_ROS2_course/build/base_msgs' returned '0': CMAKE_PREFIX_PATH=/opt/ros/humble /usr/bin/cmake --install /home/zx/planning_with_ROS2_course/build/base_msgs
