[0.228s] Invoking command in '/home/zhangxin/planning_with_ROS2_course/build/planning': CMAKE_PREFIX_PATH=/home/zhangxin/planning_with_ROS2_course/install/base_msgs:/home/zhangxin/planning_with_ROS2_course/install/planning:/home/zhangxin/planning_with_ROS2_course/install/data_plot:/opt/ros/humble /usr/local/bin/cmake --build /home/zhangxin/planning_with_ROS2_course/build/planning -- -j16 -l16
[0.242s] -- Found ament_cmake: 1.3.12 (/opt/ros/humble/share/ament_cmake/cmake)
[0.456s] -- Found rclcpp: 16.0.14 (/opt/ros/humble/share/rclcpp/cmake)
[0.488s] -- Found rosidl_generator_c: 3.1.7 (/opt/ros/humble/share/rosidl_generator_c/cmake)
[0.492s] -- Found rosidl_adapter: 3.1.7 (/opt/ros/humble/share/rosidl_adapter/cmake)
[0.498s] -- Found rosidl_generator_cpp: 3.1.7 (/opt/ros/humble/share/rosidl_generator_cpp/cmake)
[0.509s] -- Using all available rosidl_typesupport_c: rosidl_typesupport_fastrtps_c;rosidl_typesupport_introspection_c
[0.525s] -- Using all available rosidl_typesupport_cpp: rosidl_typesupport_fastrtps_cpp;rosidl_typesupport_introspection_cpp
[0.567s] -- Found rmw_implementation_cmake: 6.1.2 (/opt/ros/humble/share/rmw_implementation_cmake/cmake)
[0.568s] -- Found rmw_fastrtps_cpp: 6.2.8 (/opt/ros/humble/share/rmw_fastrtps_cpp/cmake)
[0.687s] -- Using RMW implementation 'rmw_fastrtps_cpp' as default
[0.754s] -- Found tf2: 0.25.16 (/opt/ros/humble/share/tf2/cmake)
[0.775s] -- Found tf2_ros: 0.25.16 (/opt/ros/humble/share/tf2_ros/cmake)
[0.883s] -- Found nav_msgs: 4.9.0 (/opt/ros/humble/share/nav_msgs/cmake)
[0.905s] -- Found visualization_msgs: 4.9.0 (/opt/ros/humble/share/visualization_msgs/cmake)
[0.955s] -- Found base_msgs: 0.0.0 (/home/zhangxin/planning_with_ROS2_course/install/base_msgs/share/base_msgs/cmake)
[1.032s] -- Configuring done (0.8s)
[1.052s] -- Generating done (0.0s)
[1.059s] -- Build files have been written to: /home/zhangxin/planning_with_ROS2_course/build/planning
[1.096s] [100%] Built target planning_node
[1.101s] Invoked command in '/home/zhangxin/planning_with_ROS2_course/build/planning' returned '0': CMAKE_PREFIX_PATH=/home/zhangxin/planning_with_ROS2_course/install/base_msgs:/home/zhangxin/planning_with_ROS2_course/install/planning:/home/zhangxin/planning_with_ROS2_course/install/data_plot:/opt/ros/humble /usr/local/bin/cmake --build /home/zhangxin/planning_with_ROS2_course/build/planning -- -j16 -l16
[1.104s] Invoking command in '/home/zhangxin/planning_with_ROS2_course/build/planning': CMAKE_PREFIX_PATH=/home/zhangxin/planning_with_ROS2_course/install/base_msgs:/home/zhangxin/planning_with_ROS2_course/install/planning:/home/zhangxin/planning_with_ROS2_course/install/data_plot:/opt/ros/humble /usr/local/bin/cmake --install /home/zhangxin/planning_with_ROS2_course/build/planning
[1.105s] -- Install configuration: ""
[1.106s] -- Installing: /home/zhangxin/planning_with_ROS2_course/install/planning/lib/planning/planning_node
[1.107s] -- Set non-toolchain portion of runtime path of "/home/zhangxin/planning_with_ROS2_course/install/planning/lib/planning/planning_node" to ""
[1.107s] -- Up-to-date: /home/zhangxin/planning_with_ROS2_course/install/planning/lib/planning/config
[1.107s] -- Up-to-date: /home/zhangxin/planning_with_ROS2_course/install/planning/lib/planning/launch
[1.107s] -- Up-to-date: /home/zhangxin/planning_with_ROS2_course/install/planning/lib/planning/urdf
[1.107s] -- Up-to-date: /home/zhangxin/planning_with_ROS2_course/install/planning/lib/planning/urdf/obs_car
[1.107s] -- Up-to-date: /home/zhangxin/planning_with_ROS2_course/install/planning/lib/planning/urdf/main_car
[1.108s] -- Up-to-date: /home/zhangxin/planning_with_ROS2_course/install/planning/lib/planning/rviz
[1.108s] -- Up-to-date: /home/zhangxin/planning_with_ROS2_course/install/planning/share/ament_index/resource_index/package_run_dependencies/planning
[1.108s] -- Up-to-date: /home/zhangxin/planning_with_ROS2_course/install/planning/share/ament_index/resource_index/parent_prefix_path/planning
[1.108s] -- Up-to-date: /home/zhangxin/planning_with_ROS2_course/install/planning/share/planning/environment/ament_prefix_path.sh
[1.108s] -- Installing: /home/zhangxin/planning_with_ROS2_course/install/planning/share/planning/environment/ament_prefix_path.dsv
[1.108s] -- Up-to-date: /home/zhangxin/planning_with_ROS2_course/install/planning/share/planning/environment/path.sh
[1.108s] -- Installing: /home/zhangxin/planning_with_ROS2_course/install/planning/share/planning/environment/path.dsv
[1.108s] -- Up-to-date: /home/zhangxin/planning_with_ROS2_course/install/planning/share/planning/local_setup.bash
[1.108s] -- Up-to-date: /home/zhangxin/planning_with_ROS2_course/install/planning/share/planning/local_setup.sh
[1.108s] -- Up-to-date: /home/zhangxin/planning_with_ROS2_course/install/planning/share/planning/local_setup.zsh
[1.108s] -- Installing: /home/zhangxin/planning_with_ROS2_course/install/planning/share/planning/local_setup.dsv
[1.108s] -- Installing: /home/zhangxin/planning_with_ROS2_course/install/planning/share/planning/package.dsv
[1.108s] -- Up-to-date: /home/zhangxin/planning_with_ROS2_course/install/planning/share/ament_index/resource_index/packages/planning
[1.109s] -- Up-to-date: /home/zhangxin/planning_with_ROS2_course/install/planning/share/planning/cmake/planningConfig.cmake
[1.109s] -- Up-to-date: /home/zhangxin/planning_with_ROS2_course/install/planning/share/planning/cmake/planningConfig-version.cmake
[1.109s] -- Up-to-date: /home/zhangxin/planning_with_ROS2_course/install/planning/share/planning/package.xml
[1.109s] Invoked command in '/home/zhangxin/planning_with_ROS2_course/build/planning' returned '0': CMAKE_PREFIX_PATH=/home/zhangxin/planning_with_ROS2_course/install/base_msgs:/home/zhangxin/planning_with_ROS2_course/install/planning:/home/zhangxin/planning_with_ROS2_course/install/data_plot:/opt/ros/humble /usr/local/bin/cmake --install /home/zhangxin/planning_with_ROS2_course/build/planning
