[0.215s] Invoking command in '/home/zhangxin/planning_with_ROS2_course/build/planning': CMAKE_PREFIX_PATH=/home/zhangxin/planning_with_ROS2_course/install/base_msgs:/home/zhangxin/planning_with_ROS2_course/install/planning:/home/zhangxin/planning_with_ROS2_course/install/data_plot:/opt/ros/humble /usr/local/bin/cmake --build /home/zhangxin/planning_with_ROS2_course/build/planning -- -j16 -l16
[0.229s] -- Found ament_cmake: 1.3.12 (/opt/ros/humble/share/ament_cmake/cmake)
[0.410s] -- Found rclcpp: 16.0.14 (/opt/ros/humble/share/rclcpp/cmake)
[0.441s] -- Found rosidl_generator_c: 3.1.7 (/opt/ros/humble/share/rosidl_generator_c/cmake)
[0.444s] -- Found rosidl_adapter: 3.1.7 (/opt/ros/humble/share/rosidl_adapter/cmake)
[0.450s] -- Found rosidl_generator_cpp: 3.1.7 (/opt/ros/humble/share/rosidl_generator_cpp/cmake)
[0.461s] -- Using all available rosidl_typesupport_c: rosidl_typesupport_fastrtps_c;rosidl_typesupport_introspection_c
[0.476s] -- Using all available rosidl_typesupport_cpp: rosidl_typesupport_fastrtps_cpp;rosidl_typesupport_introspection_cpp
[0.514s] -- Found rmw_implementation_cmake: 6.1.2 (/opt/ros/humble/share/rmw_implementation_cmake/cmake)
[0.515s] -- Found rmw_fastrtps_cpp: 6.2.8 (/opt/ros/humble/share/rmw_fastrtps_cpp/cmake)
[0.626s] -- Using RMW implementation 'rmw_fastrtps_cpp' as default
[0.692s] -- Found tf2: 0.25.16 (/opt/ros/humble/share/tf2/cmake)
[0.713s] -- Found tf2_ros: 0.25.16 (/opt/ros/humble/share/tf2_ros/cmake)
[0.817s] -- Found nav_msgs: 4.9.0 (/opt/ros/humble/share/nav_msgs/cmake)
[0.839s] -- Found visualization_msgs: 4.9.0 (/opt/ros/humble/share/visualization_msgs/cmake)
[0.891s] -- Found base_msgs: 0.0.0 (/home/zhangxin/planning_with_ROS2_course/install/base_msgs/share/base_msgs/cmake)
[0.972s] -- Configuring done (0.7s)
[0.979s] [31mCMake Error at src/decision_center/CMakeLists.txt:11 (add_library):
[0.979s]   Cannot find source file:
[0.979s] 
[0.979s]     //decision_center.cpp
[0.980s] 
[0.980s] [0m
[0.981s] [31mCMake Error at src/decision_center/CMakeLists.txt:11 (add_library):
[0.981s]   No SOURCES given to target: decision_center
[0.981s] 
[0.981s] [0m
[0.981s] [0mCMake Generate step failed.  Build files cannot be regenerated correctly.[0m
[0.992s] gmake: *** [Makefile:268：cmake_check_build_system] 错误 1
[0.994s] Invoked command in '/home/zhangxin/planning_with_ROS2_course/build/planning' returned '2': CMAKE_PREFIX_PATH=/home/zhangxin/planning_with_ROS2_course/install/base_msgs:/home/zhangxin/planning_with_ROS2_course/install/planning:/home/zhangxin/planning_with_ROS2_course/install/data_plot:/opt/ros/humble /usr/local/bin/cmake --build /home/zhangxin/planning_with_ROS2_course/build/planning -- -j16 -l16
