[0.005s] Invoking command in '/home/zx/planning_with_ROS2_course/build/base_msgs': CMAKE_PREFIX_PATH=/opt/ros/humble /usr/bin/cmake /home/zx/planning_with_ROS2_course/src/base_msgs -DAMENT_CMAKE_SYMLINK_INSTALL=1 -DCMAKE_INSTALL_PREFIX=/home/zx/planning_with_ROS2_course/install/base_msgs
[0.015s] -- Found ament_cmake: 1.3.12 (/opt/ros/humble/share/ament_cmake/cmake)
[0.070s] -- Override CMake install command with custom implementation using symlinks instead of copying resources
[0.074s] -- Found rosidl_default_generators: 1.2.0 (/opt/ros/humble/share/rosidl_default_generators/cmake)
[0.075s] -- Using all available rosidl_typesupport_c: rosidl_typesupport_fastrtps_c;rosidl_typesupport_introspection_c
[0.076s] -- Found rosidl_adapter: 3.1.7 (/opt/ros/humble/share/rosidl_adapter/cmake)
[0.089s] -- Using all available rosidl_typesupport_cpp: rosidl_typesupport_fastrtps_cpp;rosidl_typesupport_introspection_cpp
[0.099s] -- Found visualization_msgs: 4.9.0 (/opt/ros/humble/share/visualization_msgs/cmake)
[0.132s] -- Found nav_msgs: 4.9.0 (/opt/ros/humble/share/nav_msgs/cmake)
[0.139s] -- Found ament_lint_auto: 0.12.14 (/opt/ros/humble/share/ament_lint_auto/cmake)
[0.169s] -- Added test 'lint_cmake' to check CMake code style
[0.169s] -- Added test 'xmllint' to check XML markup files
[0.169s] -- Configuring done
[0.171s] -- Generating done
[0.172s] -- Build files have been written to: /home/zx/planning_with_ROS2_course/build/base_msgs
[0.175s] Invoked command in '/home/zx/planning_with_ROS2_course/build/base_msgs' returned '0': CMAKE_PREFIX_PATH=/opt/ros/humble /usr/bin/cmake /home/zx/planning_with_ROS2_course/src/base_msgs -DAMENT_CMAKE_SYMLINK_INSTALL=1 -DCMAKE_INSTALL_PREFIX=/home/zx/planning_with_ROS2_course/install/base_msgs
[0.176s] Invoking command in '/home/zx/planning_with_ROS2_course/build/base_msgs': CMAKE_PREFIX_PATH=/opt/ros/humble /usr/bin/cmake --build /home/zx/planning_with_ROS2_course/build/base_msgs -- -j24 -l24
[0.196s] Invoked command in '/home/zx/planning_with_ROS2_course/build/base_msgs' returned '0': CMAKE_PREFIX_PATH=/opt/ros/humble /usr/bin/cmake --build /home/zx/planning_with_ROS2_course/build/base_msgs -- -j24 -l24
[0.202s] Invoking command in '/home/zx/planning_with_ROS2_course/build/base_msgs': CMAKE_PREFIX_PATH=/opt/ros/humble /usr/bin/cmake --install /home/zx/planning_with_ROS2_course/build/base_msgs
[0.205s] -- Install configuration: ""
[0.205s] -- Execute custom install script
[0.205s] -- Symlinking: /home/zx/planning_with_ROS2_course/install/base_msgs/share/ament_index/resource_index/package_run_dependencies/base_msgs
[0.209s] -- Symlinking: /home/zx/planning_with_ROS2_course/install/base_msgs/share/ament_index/resource_index/parent_prefix_path/base_msgs
[0.213s] -- Symlinking: /home/zx/planning_with_ROS2_course/install/base_msgs/share/base_msgs/environment/ament_prefix_path.sh
[0.217s] -- Symlinking: /home/zx/planning_with_ROS2_course/install/base_msgs/share/base_msgs/environment/ament_prefix_path.dsv
[0.221s] -- Symlinking: /home/zx/planning_with_ROS2_course/install/base_msgs/share/base_msgs/environment/path.sh
[0.226s] -- Symlinking: /home/zx/planning_with_ROS2_course/install/base_msgs/share/base_msgs/environment/path.dsv
[0.231s] -- Symlinking: /home/zx/planning_with_ROS2_course/install/base_msgs/share/base_msgs/local_setup.bash
[0.234s] -- Symlinking: /home/zx/planning_with_ROS2_course/install/base_msgs/share/base_msgs/local_setup.sh
[0.237s] -- Symlinking: /home/zx/planning_with_ROS2_course/install/base_msgs/share/base_msgs/local_setup.zsh
[0.240s] -- Symlinking: /home/zx/planning_with_ROS2_course/install/base_msgs/share/base_msgs/local_setup.dsv
[0.244s] -- Symlinking: /home/zx/planning_with_ROS2_course/install/base_msgs/share/base_msgs/package.dsv
[0.248s] -- Symlinking: /home/zx/planning_with_ROS2_course/install/base_msgs/share/ament_index/resource_index/packages/base_msgs
[0.251s] -- Symlinking: /home/zx/planning_with_ROS2_course/install/base_msgs/share/base_msgs/cmake/base_msgsConfig.cmake
[0.256s] -- Symlinking: /home/zx/planning_with_ROS2_course/install/base_msgs/share/base_msgs/cmake/base_msgsConfig-version.cmake
[0.259s] -- Symlinking: /home/zx/planning_with_ROS2_course/install/base_msgs/share/base_msgs/package.xml
[0.265s] Invoked command in '/home/zx/planning_with_ROS2_course/build/base_msgs' returned '0': CMAKE_PREFIX_PATH=/opt/ros/humble /usr/bin/cmake --install /home/zx/planning_with_ROS2_course/build/base_msgs
